[2026-05-19T17:22:35+0300] Launching realtime watcher process...
2026-05-19 17:22:36,947 DEBUG asyncio | Using selector: KqueueSelector
2026-05-19 17:22:37,203 DEBUG realtime._async.client | Attempting to connect to WebSocket at wss://gsdrcyrduxbrxgsvhxvr.supabase.co/realtime/v1/websocket?apikey=YOUR_KEY_HERE
2026-05-19 17:22:37,237 DEBUG websockets.client | = connection is CONNECTING
2026-05-19 17:22:37,275 DEBUG websockets.client | > GET /realtime/v1/websocket?apikey=YOUR_KEY_HERE HTTP/1.1
2026-05-19 17:22:37,275 DEBUG websockets.client | > Host: gsdrcyrduxbrxgsvhxvr.supabase.co
2026-05-19 17:22:37,275 DEBUG websockets.client | > Upgrade: websocket
2026-05-19 17:22:37,275 DEBUG websockets.client | > Connection: Upgrade
2026-05-19 17:22:37,275 DEBUG websockets.client | > Sec-WebSocket-Key: Lsqkz9COHq3nCRUFW1KoZg==
2026-05-19 17:22:37,275 DEBUG websockets.client | > Sec-WebSocket-Version: 13
2026-05-19 17:22:37,275 DEBUG websockets.client | > Sec-WebSocket-Extensions: permessage-deflate; client_max_window_bits
2026-05-19 17:22:37,275 DEBUG websockets.client | > User-Agent: Python/3.13 websockets/15.0.1
2026-05-19 17:22:37,394 DEBUG websockets.client | < HTTP/1.1 401 Unauthorized
2026-05-19 17:22:37,394 DEBUG websockets.client | < Date: Tue, 19 May 2026 14:23:25 GMT
2026-05-19 17:22:37,395 DEBUG websockets.client | < Content-Type: application/json;charset=UTF-8
2026-05-19 17:22:37,395 DEBUG websockets.client | < Content-Length: 99
2026-05-19 17:22:37,395 DEBUG websockets.client | < Connection: keep-alive
2026-05-19 17:22:37,395 DEBUG websockets.client | < Access-Control-Allow-Origin: *
2026-05-19 17:22:37,395 DEBUG websockets.client | < Access-Control-Allow-Methods: GET,HEAD,PUT,PATCH,POST,DELETE,OPTIONS,TRACE,CONNECT
2026-05-19 17:22:37,395 DEBUG websockets.client | < Access-Control-Max-Age: 3600
2026-05-19 17:22:37,395 DEBUG websockets.client | < sb-gateway-version: 1
2026-05-19 17:22:37,395 DEBUG websockets.client | < sb-project-ref: gsdrcyrduxbrxgsvhxvr
2026-05-19 17:22:37,395 DEBUG websockets.client | < sb-request-id: 019e409e-bda5-709d-af49-d3305a0f9b14
2026-05-19 17:22:37,395 DEBUG websockets.client | < Set-Cookie: __cf_bm=_bdjNInzwfr0A9eNQnqPl73_elDWBrmEamMniH0rc4c-1779200605-1.0.1.1-APzFlnsDjOBEg72iCtmpseUdL7ar7nQEbhMLMXJEQyJOJ8h2axHzf2xjBMtaZ4hgoHhSgSeyQWTeRszEbqwaxTb0gYdt2gbqiE0MY.FYw7k; path=/; expires=Tue, 19-May-26 14:53:25 GMT; domain=.supabase.co; HttpOnly; Secure; SameSite=None
2026-05-19 17:22:37,396 DEBUG websockets.client | < Strict-Transport-Security: max-age=31536000; includeSubDomains; preload
2026-05-19 17:22:37,396 DEBUG websockets.client | < Server: cloudflare
2026-05-19 17:22:37,396 DEBUG websockets.client | < CF-RAY: 9fe3c268e9b03d7c-TLV
2026-05-19 17:22:37,396 DEBUG websockets.client | < alt-svc: h3=":443"; ma=86400
2026-05-19 17:22:37,396 DEBUG websockets.client | < [body] (99 bytes)
2026-05-19 17:22:37,396 DEBUG websockets.client | > EOF
2026-05-19 17:22:37,396 DEBUG websockets.client | x closing TCP connection
2026-05-19 17:22:37,397 ERROR realtime._async.client | Connection attempt failed: server rejected WebSocket connection: HTTP 401
2026-05-19 17:22:37,397 DEBUG realtime._async.client | Retry 1/5: Next attempt in 1.00s (backoff=1.0s)
2026-05-19 17:22:37,397 DEBUG websockets.client | < EOF
2026-05-19 17:22:37,398 DEBUG websockets.client | = connection is CLOSED
2026-05-19 17:22:38,418 DEBUG websockets.client | = connection is CONNECTING
2026-05-19 17:22:38,453 DEBUG websockets.client | > GET /realtime/v1/websocket?apikey=YOUR_KEY_HERE HTTP/1.1
2026-05-19 17:22:38,453 DEBUG websockets.client | > Host: gsdrcyrduxbrxgsvhxvr.supabase.co
2026-05-19 17:22:38,454 DEBUG websockets.client | > Upgrade: websocket
2026-05-19 17:22:38,454 DEBUG websockets.client | > Connection: Upgrade
2026-05-19 17:22:38,454 DEBUG websockets.client | > Sec-WebSocket-Key: H1OnEwRnuPmu+LvkhQC4Ow==
2026-05-19 17:22:38,454 DEBUG websockets.client | > Sec-WebSocket-Version: 13
2026-05-19 17:22:38,454 DEBUG websockets.client | > Sec-WebSocket-Extensions: permessage-deflate; client_max_window_bits
2026-05-19 17:22:38,454 DEBUG websockets.client | > User-Agent: Python/3.13 websockets/15.0.1
2026-05-19 17:22:38,550 DEBUG websockets.client | < HTTP/1.1 401 Unauthorized
2026-05-19 17:22:38,550 DEBUG websockets.client | < Date: Tue, 19 May 2026 14:23:26 GMT
2026-05-19 17:22:38,550 DEBUG websockets.client | < Content-Type: application/json;charset=UTF-8
2026-05-19 17:22:38,550 DEBUG websockets.client | < Content-Length: 99
2026-05-19 17:22:38,550 DEBUG websockets.client | < Connection: keep-alive
2026-05-19 17:22:38,550 DEBUG websockets.client | < Access-Control-Allow-Origin: *
2026-05-19 17:22:38,550 DEBUG websockets.client | < Access-Control-Allow-Methods: GET,HEAD,PUT,PATCH,POST,DELETE,OPTIONS,TRACE,CONNECT
2026-05-19 17:22:38,551 DEBUG websockets.client | < Access-Control-Max-Age: 3600
2026-05-19 17:22:38,551 DEBUG websockets.client | < sb-gateway-version: 1
2026-05-19 17:22:38,551 DEBUG websockets.client | < sb-project-ref: gsdrcyrduxbrxgsvhxvr
2026-05-19 17:22:38,551 DEBUG websockets.client | < sb-request-id: 019e409e-c237-7b8b-b5aa-2197cfdc9a47
2026-05-19 17:22:38,551 DEBUG websockets.client | < Set-Cookie: __cf_bm=7h61MtAwTQSM7.djHziptpCzAcZ5VcDdu3dVsEXKJEQ-1779200606-1.0.1.1-rx9Y5t1UUNrDzL.Gwaw.etAKW3rprwcKfb2c5fmw55XH2Nw63gBWOlwUluby4UpSDSOdWMzo3dmJUB0NPBbWKCheyjeZx4RFHUQBSrmkN_s; path=/; expires=Tue, 19-May-26 14:53:26 GMT; domain=.supabase.co; HttpOnly; Secure; SameSite=None
2026-05-19 17:22:38,551 DEBUG websockets.client | < Strict-Transport-Security: max-age=31536000; includeSubDomains; preload
2026-05-19 17:22:38,551 DEBUG websockets.client | < Server: cloudflare
2026-05-19 17:22:38,551 DEBUG websockets.client | < CF-RAY: 9fe3c2704984b2ed-TLV
2026-05-19 17:22:38,551 DEBUG websockets.client | < alt-svc: h3=":443"; ma=86400
2026-05-19 17:22:38,551 DEBUG websockets.client | < [body] (99 bytes)
2026-05-19 17:22:38,552 DEBUG websockets.client | > EOF
2026-05-19 17:22:38,552 DEBUG websockets.client | x closing TCP connection
2026-05-19 17:22:38,552 ERROR realtime._async.client | Connection attempt failed: server rejected WebSocket connection: HTTP 401
2026-05-19 17:22:38,552 DEBUG realtime._async.client | Retry 2/5: Next attempt in 2.00s (backoff=1.0s)
2026-05-19 17:22:38,553 DEBUG websockets.client | < EOF
2026-05-19 17:22:38,553 DEBUG websockets.client | = connection is CLOSED
2026-05-19 17:22:40,570 DEBUG websockets.client | = connection is CONNECTING
2026-05-19 17:22:40,604 DEBUG websockets.client | > GET /realtime/v1/websocket?apikey=YOUR_KEY_HERE HTTP/1.1
2026-05-19 17:22:40,604 DEBUG websockets.client | > Host: gsdrcyrduxbrxgsvhxvr.supabase.co
2026-05-19 17:22:40,604 DEBUG websockets.client | > Upgrade: websocket
2026-05-19 17:22:40,604 DEBUG websockets.client | > Connection: Upgrade
2026-05-19 17:22:40,604 DEBUG websockets.client | > Sec-WebSocket-Key: dxg3ZgvqkLA4nX+oU0OePg==
2026-05-19 17:22:40,604 DEBUG websockets.client | > Sec-WebSocket-Version: 13
2026-05-19 17:22:40,604 DEBUG websockets.client | > Sec-WebSocket-Extensions: permessage-deflate; client_max_window_bits
2026-05-19 17:22:40,604 DEBUG websockets.client | > User-Agent: Python/3.13 websockets/15.0.1
2026-05-19 17:22:40,631 DEBUG websockets.client | < HTTP/1.1 401 Unauthorized
2026-05-19 17:22:40,631 DEBUG websockets.client | < Date: Tue, 19 May 2026 14:23:28 GMT
2026-05-19 17:22:40,631 DEBUG websockets.client | < Content-Type: application/json;charset=UTF-8
2026-05-19 17:22:40,631 DEBUG websockets.client | < Content-Length: 99
2026-05-19 17:22:40,631 DEBUG websockets.client | < Connection: keep-alive
2026-05-19 17:22:40,631 DEBUG websockets.client | < Access-Control-Allow-Origin: *
2026-05-19 17:22:40,632 DEBUG websockets.client | < Access-Control-Allow-Methods: GET,HEAD,PUT,PATCH,POST,DELETE,OPTIONS,TRACE,CONNECT
2026-05-19 17:22:40,632 DEBUG websockets.client | < Access-Control-Max-Age: 3600
2026-05-19 17:22:40,632 DEBUG websockets.client | < sb-gateway-version: 1
2026-05-19 17:22:40,632 DEBUG websockets.client | < sb-project-ref: gsdrcyrduxbrxgsvhxvr
2026-05-19 17:22:40,632 DEBUG websockets.client | < sb-request-id: 019e409e-ca9d-77a6-9d43-cedb21dfa90d
2026-05-19 17:22:40,632 DEBUG websockets.client | < Set-Cookie: __cf_bm=_EyEAyTpnD_UNANecliti9_FHv1RY1OUn.YL2HNnxIA-1779200608-1.0.1.1-.NujkR3i9Q019X1S1pB5bbsPdKhcvibhUDBC7FvAgcvjc6BEmQR0bBAmXeGM_L5OkuMh.gE80glkjmHdmgMTOskJi7uq6XJWx.4HtDGV0zs; path=/; expires=Tue, 19-May-26 14:53:28 GMT; domain=.supabase.co; HttpOnly; Secure; SameSite=None
2026-05-19 17:22:40,632 DEBUG websockets.client | < Strict-Transport-Security: max-age=31536000; includeSubDomains; preload
2026-05-19 17:22:40,632 DEBUG websockets.client | < Server: cloudflare
2026-05-19 17:22:40,632 DEBUG websockets.client | < CF-RAY: 9fe3c27db9f054b5-TLV
2026-05-19 17:22:40,632 DEBUG websockets.client | < alt-svc: h3=":443"; ma=86400
2026-05-19 17:22:40,632 DEBUG websockets.client | < [body] (99 bytes)
2026-05-19 17:22:40,632 DEBUG websockets.client | > EOF
2026-05-19 17:22:40,632 DEBUG websockets.client | x closing TCP connection
2026-05-19 17:22:40,633 ERROR realtime._async.client | Connection attempt failed: server rejected WebSocket connection: HTTP 401
2026-05-19 17:22:40,633 DEBUG realtime._async.client | Retry 3/5: Next attempt in 4.00s (backoff=1.0s)
2026-05-19 17:22:40,634 DEBUG websockets.client | < EOF
2026-05-19 17:22:40,634 DEBUG websockets.client | = connection is CLOSED
2026-05-19 17:22:44,653 DEBUG websockets.client | = connection is CONNECTING
2026-05-19 17:22:44,683 DEBUG websockets.client | > GET /realtime/v1/websocket?apikey=YOUR_KEY_HERE HTTP/1.1
2026-05-19 17:22:44,683 DEBUG websockets.client | > Host: gsdrcyrduxbrxgsvhxvr.supabase.co
2026-05-19 17:22:44,683 DEBUG websockets.client | > Upgrade: websocket
2026-05-19 17:22:44,683 DEBUG websockets.client | > Connection: Upgrade
2026-05-19 17:22:44,683 DEBUG websockets.client | > Sec-WebSocket-Key: Lp0vfv1DNxIlBpLgrCbMvw==
2026-05-19 17:22:44,683 DEBUG websockets.client | > Sec-WebSocket-Version: 13
2026-05-19 17:22:44,684 DEBUG websockets.client | > Sec-WebSocket-Extensions: permessage-deflate; client_max_window_bits
2026-05-19 17:22:44,684 DEBUG websockets.client | > User-Agent: Python/3.13 websockets/15.0.1
2026-05-19 17:22:44,712 DEBUG websockets.client | < HTTP/1.1 401 Unauthorized
2026-05-19 17:22:44,712 DEBUG websockets.client | < Date: Tue, 19 May 2026 14:23:33 GMT
2026-05-19 17:22:44,712 DEBUG websockets.client | < Content-Type: application/json;charset=UTF-8
2026-05-19 17:22:44,712 DEBUG websockets.client | < Content-Length: 99
2026-05-19 17:22:44,712 DEBUG websockets.client | < Connection: keep-alive
2026-05-19 17:22:44,712 DEBUG websockets.client | < Access-Control-Allow-Origin: *
2026-05-19 17:22:44,712 DEBUG websockets.client | < Access-Control-Allow-Methods: GET,HEAD,PUT,PATCH,POST,DELETE,OPTIONS,TRACE,CONNECT
2026-05-19 17:22:44,712 DEBUG websockets.client | < Access-Control-Max-Age: 3600
2026-05-19 17:22:44,712 DEBUG websockets.client | < sb-gateway-version: 1
2026-05-19 17:22:44,712 DEBUG websockets.client | < sb-project-ref: gsdrcyrduxbrxgsvhxvr
2026-05-19 17:22:44,712 DEBUG websockets.client | < sb-request-id: 019e409e-da8c-7111-954f-0d6194375def
2026-05-19 17:22:44,713 DEBUG websockets.client | < Set-Cookie: __cf_bm=gkNwlPS9Zrh3LKV0KJNCbVvj4iFnAEEWYIOcIoN1X4M-1779200613-1.0.1.1-DxEe6isgcXOjA8tiO82B_ZFe1ckwt3duEJQg_mX2xg8iZgE5.mW5EB3W7NJd9nnG600EZdT8ATV4qvI88pEI4B0nm8LpmAqgEl4zUEOs3cU; path=/; expires=Tue, 19-May-26 14:53:33 GMT; domain=.supabase.co; HttpOnly; Secure; SameSite=None
2026-05-19 17:22:44,713 DEBUG websockets.client | < Strict-Transport-Security: max-age=31536000; includeSubDomains; preload
2026-05-19 17:22:44,713 DEBUG websockets.client | < Server: cloudflare
2026-05-19 17:22:44,713 DEBUG websockets.client | < CF-RAY: 9fe3c297385f54b5-TLV
2026-05-19 17:22:44,713 DEBUG websockets.client | < alt-svc: h3=":443"; ma=86400
2026-05-19 17:22:44,713 DEBUG websockets.client | < [body] (99 bytes)
2026-05-19 17:22:44,713 DEBUG websockets.client | > EOF
2026-05-19 17:22:44,713 DEBUG websockets.client | x closing TCP connection
2026-05-19 17:22:44,713 ERROR realtime._async.client | Connection attempt failed: server rejected WebSocket connection: HTTP 401
2026-05-19 17:22:44,713 DEBUG realtime._async.client | Retry 4/5: Next attempt in 8.00s (backoff=1.0s)
2026-05-19 17:22:44,714 DEBUG websockets.client | < EOF
2026-05-19 17:22:44,714 DEBUG websockets.client | = connection is CLOSED
2026-05-19 17:22:52,733 DEBUG websockets.client | = connection is CONNECTING
2026-05-19 17:22:52,770 DEBUG websockets.client | > GET /realtime/v1/websocket?apikey=YOUR_KEY_HERE HTTP/1.1
2026-05-19 17:22:52,770 DEBUG websockets.client | > Host: gsdrcyrduxbrxgsvhxvr.supabase.co
2026-05-19 17:22:52,770 DEBUG websockets.client | > Upgrade: websocket
2026-05-19 17:22:52,770 DEBUG websockets.client | > Connection: Upgrade
2026-05-19 17:22:52,771 DEBUG websockets.client | > Sec-WebSocket-Key: wA6z2QPMgGq4gQSk6k+n8A==
2026-05-19 17:22:52,771 DEBUG websockets.client | > Sec-WebSocket-Version: 13
2026-05-19 17:22:52,771 DEBUG websockets.client | > Sec-WebSocket-Extensions: permessage-deflate; client_max_window_bits
2026-05-19 17:22:52,771 DEBUG websockets.client | > User-Agent: Python/3.13 websockets/15.0.1
2026-05-19 17:22:52,829 DEBUG websockets.client | < HTTP/1.1 401 Unauthorized
2026-05-19 17:22:52,829 DEBUG websockets.client | < Date: Tue, 19 May 2026 14:23:41 GMT
2026-05-19 17:22:52,829 DEBUG websockets.client | < Content-Type: application/json;charset=UTF-8
2026-05-19 17:22:52,829 DEBUG websockets.client | < Content-Length: 99
2026-05-19 17:22:52,829 DEBUG websockets.client | < Connection: keep-alive
2026-05-19 17:22:52,829 DEBUG websockets.client | < Access-Control-Allow-Origin: *
2026-05-19 17:22:52,829 DEBUG websockets.client | < Access-Control-Allow-Methods: GET,HEAD,PUT,PATCH,POST,DELETE,OPTIONS,TRACE,CONNECT
2026-05-19 17:22:52,830 DEBUG websockets.client | < Access-Control-Max-Age: 3600
2026-05-19 17:22:52,830 DEBUG websockets.client | < sb-gateway-version: 1
2026-05-19 17:22:52,830 DEBUG websockets.client | < sb-project-ref: gsdrcyrduxbrxgsvhxvr
2026-05-19 17:22:52,830 DEBUG websockets.client | < sb-request-id: 019e409e-fa3c-7664-81ed-000cad9de9f3
2026-05-19 17:22:52,830 DEBUG websockets.client | < Set-Cookie: __cf_bm=m78VZGuSQa26wr0fovuo.eeVHafKRVqt4SZqt4kuzuM-1779200621-1.0.1.1-KkWm4lfwJUhV7GJd8uAS3g4rZ3dr0M2hL2FSsoG4cc3e_3l5PBMkRb9MuTpBcATJLfWD0lfi2dhCAC.z0Xf_8t6TEN0eX1Vc5x5FUfntwGg; path=/; expires=Tue, 19-May-26 14:53:41 GMT; domain=.supabase.co; HttpOnly; Secure; SameSite=None
2026-05-19 17:22:52,831 DEBUG websockets.client | < Strict-Transport-Security: max-age=31536000; includeSubDomains; preload
2026-05-19 17:22:52,831 DEBUG websockets.client | < Server: cloudflare
2026-05-19 17:22:52,831 DEBUG websockets.client | < CF-RAY: 9fe3c2c9cace8e44-TLV
2026-05-19 17:22:52,831 DEBUG websockets.client | < alt-svc: h3=":443"; ma=86400
2026-05-19 17:22:52,831 DEBUG websockets.client | < [body] (99 bytes)
2026-05-19 17:22:52,831 DEBUG websockets.client | > EOF
2026-05-19 17:22:52,831 DEBUG websockets.client | x closing TCP connection
2026-05-19 17:22:52,832 ERROR realtime._async.client | Connection attempt failed: server rejected WebSocket connection: HTTP 401
2026-05-19 17:22:52,832 ERROR realtime._async.client | Connection failed permanently after 5 attempts. Error: server rejected WebSocket connection: HTTP 401
2026-05-19 17:22:52,832 ERROR realtime_watcher.listener | Realtime subscription loop error (server rejected WebSocket connection: HTTP 401). Reconnecting in 3.0s...
Traceback (most recent call last):
  File "/Users/jeremyjacob/Documents/Coding Projects/Kartiseret/NewScraping-August2025/backend/config/realtime/realtime_watcher.py", line 155, in _subscribe_forever
    await client.realtime.connect()
  File "/Users/jeremyjacob/Documents/Coding Projects/Kartiseret/NewScraping-August2025/.venv/lib/python3.13/site-packages/realtime/_async/client.py", line 170, in connect
    ws = await connect(self.url)
         ^^^^^^^^^^^^^^^^^^^^^^^
  File "/Users/jeremyjacob/Documents/Coding Projects/Kartiseret/NewScraping-August2025/.venv/lib/python3.13/site-packages/websockets/asyncio/client.py", line 543, in __await_impl__
    await self.connection.handshake(
    ...<2 lines>...
    )
  File "/Users/jeremyjacob/Documents/Coding Projects/Kartiseret/NewScraping-August2025/.venv/lib/python3.13/site-packages/websockets/asyncio/client.py", line 114, in handshake
    raise self.protocol.handshake_exc
  File "/Users/jeremyjacob/Documents/Coding Projects/Kartiseret/NewScraping-August2025/.venv/lib/python3.13/site-packages/websockets/client.py", line 325, in parse
    self.process_response(response)
    ~~~~~~~~~~~~~~~~~~~~~^^^^^^^^^^
  File "/Users/jeremyjacob/Documents/Coding Projects/Kartiseret/NewScraping-August2025/.venv/lib/python3.13/site-packages/websockets/client.py", line 142, in process_response
    raise InvalidStatus(response)
websockets.exceptions.InvalidStatus: server rejected WebSocket connection: HTTP 401
2026-05-19 17:22:52,841 DEBUG websockets.client | < EOF
2026-05-19 17:22:52,842 DEBUG websockets.client | = connection is CLOSED
2026-05-19 17:22:55,843 DEBUG realtime._async.client | send: {"event":"phx_leave","payload":{},"topic":"realtime:realtime-watcher-1779200557","ref":"1","join_ref":null}
2026-05-19 17:22:55,858 DEBUG realtime._async.client | Attempting to connect to WebSocket at wss://gsdrcyrduxbrxgsvhxvr.supabase.co/realtime/v1/websocket?apikey=YOUR_KEY_HERE
2026-05-19 17:22:55,872 DEBUG websockets.client | = connection is CONNECTING
2026-05-19 17:22:55,902 DEBUG websockets.client | > GET /realtime/v1/websocket?apikey=YOUR_KEY_HERE HTTP/1.1
2026-05-19 17:22:55,902 DEBUG websockets.client | > Host: gsdrcyrduxbrxgsvhxvr.supabase.co
2026-05-19 17:22:55,902 DEBUG websockets.client | > Upgrade: websocket
2026-05-19 17:22:55,902 DEBUG websockets.client | > Connection: Upgrade
2026-05-19 17:22:55,902 DEBUG websockets.client | > Sec-WebSocket-Key: Yhp7ojj3W7uzJKPWJxM1jg==
2026-05-19 17:22:55,902 DEBUG websockets.client | > Sec-WebSocket-Version: 13
2026-05-19 17:22:55,902 DEBUG websockets.client | > Sec-WebSocket-Extensions: permessage-deflate; client_max_window_bits
2026-05-19 17:22:55,902 DEBUG websockets.client | > User-Agent: Python/3.13 websockets/15.0.1
2026-05-19 17:22:55,927 DEBUG websockets.client | < HTTP/1.1 401 Unauthorized
2026-05-19 17:22:55,927 DEBUG websockets.client | < Date: Tue, 19 May 2026 14:23:44 GMT
2026-05-19 17:22:55,927 DEBUG websockets.client | < Content-Type: application/json;charset=UTF-8
2026-05-19 17:22:55,927 DEBUG websockets.client | < Content-Length: 99
2026-05-19 17:22:55,927 DEBUG websockets.client | < Connection: keep-alive
2026-05-19 17:22:55,927 DEBUG websockets.client | < Access-Control-Allow-Origin: *
2026-05-19 17:22:55,927 DEBUG websockets.client | < Access-Control-Allow-Methods: GET,HEAD,PUT,PATCH,POST,DELETE,OPTIONS,TRACE,CONNECT
2026-05-19 17:22:55,927 DEBUG websockets.client | < Access-Control-Max-Age: 3600
2026-05-19 17:22:55,927 DEBUG websockets.client | < sb-gateway-version: 1
2026-05-19 17:22:55,927 DEBUG websockets.client | < sb-project-ref: gsdrcyrduxbrxgsvhxvr
2026-05-19 17:22:55,927 DEBUG websockets.client | < sb-request-id: 019e409f-065d-71ad-a1b3-5c790724d542
2026-05-19 17:22:55,927 DEBUG websockets.client | < Set-Cookie: __cf_bm=Urocp0EU_gQXEDpq0dhsYnsV95jcOH8iMqP82WK7AJg-1779200624-1.0.1.1-AYLWST4RMBD.KAGDg8y65uTS_lB4y64twIVsvFMeXIcrqgX8CGfezmq4evhpx7ddl_FmCp6G7xmnoYfrVJ30C2oFP2Vly6rgUjpnHw_6VYw; path=/; expires=Tue, 19-May-26 14:53:44 GMT; domain=.supabase.co; HttpOnly; Secure; SameSite=None
2026-05-19 17:22:55,927 DEBUG websockets.client | < Strict-Transport-Security: max-age=31536000; includeSubDomains; preload
2026-05-19 17:22:55,928 DEBUG websockets.client | < Server: cloudflare
2026-05-19 17:22:55,928 DEBUG websockets.client | < CF-RAY: 9fe3c2dd5c1554b5-TLV
2026-05-19 17:22:55,928 DEBUG websockets.client | < alt-svc: h3=":443"; ma=86400
2026-05-19 17:22:55,928 DEBUG websockets.client | < [body] (99 bytes)
2026-05-19 17:22:55,928 DEBUG websockets.client | > EOF
2026-05-19 17:22:55,928 DEBUG websockets.client | x closing TCP connection
2026-05-19 17:22:55,928 ERROR realtime._async.client | Connection attempt failed: server rejected WebSocket connection: HTTP 401
2026-05-19 17:22:55,928 DEBUG realtime._async.client | Retry 1/5: Next attempt in 1.00s (backoff=1.0s)
2026-05-19 17:22:55,928 DEBUG websockets.client | < EOF
2026-05-19 17:22:55,929 DEBUG websockets.client | = connection is CLOSED
2026-05-19 17:22:56,943 DEBUG websockets.client | = connection is CONNECTING
2026-05-19 17:22:56,979 DEBUG websockets.client | > GET /realtime/v1/websocket?apikey=YOUR_KEY_HERE HTTP/1.1
2026-05-19 17:22:56,980 DEBUG websockets.client | > Host: gsdrcyrduxbrxgsvhxvr.supabase.co
2026-05-19 17:22:56,980 DEBUG websockets.client | > Upgrade: websocket
2026-05-19 17:22:56,980 DEBUG websockets.client | > Connection: Upgrade
2026-05-19 17:22:56,980 DEBUG websockets.client | > Sec-WebSocket-Key: dFSA2SjkA/PlfMrcynWSdQ==
2026-05-19 17:22:56,980 DEBUG websockets.client | > Sec-WebSocket-Version: 13
2026-05-19 17:22:56,980 DEBUG websockets.client | > Sec-WebSocket-Extensions: permessage-deflate; client_max_window_bits
2026-05-19 17:22:56,980 DEBUG websockets.client | > User-Agent: Python/3.13 websockets/15.0.1
2026-05-19 17:22:57,015 DEBUG websockets.client | < HTTP/1.1 401 Unauthorized
2026-05-19 17:22:57,015 DEBUG websockets.client | < Date: Tue, 19 May 2026 14:23:45 GMT
2026-05-19 17:22:57,015 DEBUG websockets.client | < Content-Type: application/json;charset=UTF-8
2026-05-19 17:22:57,015 DEBUG websockets.client | < Content-Length: 99
2026-05-19 17:22:57,015 DEBUG websockets.client | < Connection: keep-alive
2026-05-19 17:22:57,015 DEBUG websockets.client | < Access-Control-Allow-Origin: *
2026-05-19 17:22:57,015 DEBUG websockets.client | < Access-Control-Allow-Methods: GET,HEAD,PUT,PATCH,POST,DELETE,OPTIONS,TRACE,CONNECT
2026-05-19 17:22:57,015 DEBUG websockets.client | < Access-Control-Max-Age: 3600
2026-05-19 17:22:57,015 DEBUG websockets.client | < sb-gateway-version: 1
2026-05-19 17:22:57,015 DEBUG websockets.client | < sb-project-ref: gsdrcyrduxbrxgsvhxvr
2026-05-19 17:22:57,015 DEBUG websockets.client | < sb-request-id: 019e409f-0a98-7e47-b804-a83212491062
2026-05-19 17:22:57,015 DEBUG websockets.client | < Set-Cookie: __cf_bm=A6LUxrQjkmlhym1RFwi.nMaw2x8152fE1zlyQ0k9nuk-1779200625-1.0.1.1-TfKEMBpsMmSRI.Xg6F07nwIC4ZRJq6KXeoZMbXn88ty5atc8URqL79ThNYrHf04yh9.0wbRoOEjPIAeiiX3zzWKaJP11vUoh7cQ5cuHFCCk; path=/; expires=Tue, 19-May-26 14:53:45 GMT; domain=.supabase.co; HttpOnly; Secure; SameSite=None
2026-05-19 17:22:57,015 DEBUG websockets.client | < Strict-Transport-Security: max-age=31536000; includeSubDomains; preload
2026-05-19 17:22:57,015 DEBUG websockets.client | < Server: cloudflare
2026-05-19 17:22:57,015 DEBUG websockets.client | < CF-RAY: 9fe3c2e41cde8e4e-TLV
2026-05-19 17:22:57,015 DEBUG websockets.client | < alt-svc: h3=":443"; ma=86400
2026-05-19 17:22:57,016 DEBUG websockets.client | < [body] (99 bytes)
2026-05-19 17:22:57,016 DEBUG websockets.client | > EOF
2026-05-19 17:22:57,016 DEBUG websockets.client | x closing TCP connection
2026-05-19 17:22:57,016 ERROR realtime._async.client | Connection attempt failed: server rejected WebSocket connection: HTTP 401
2026-05-19 17:22:57,016 DEBUG realtime._async.client | Retry 2/5: Next attempt in 2.00s (backoff=1.0s)
2026-05-19 17:22:57,016 DEBUG websockets.client | < EOF
2026-05-19 17:22:57,016 DEBUG websockets.client | = connection is CLOSED
2026-05-19 17:22:59,033 DEBUG websockets.client | = connection is CONNECTING
2026-05-19 17:22:59,069 DEBUG websockets.client | > GET /realtime/v1/websocket?apikey=YOUR_KEY_HERE HTTP/1.1
2026-05-19 17:22:59,069 DEBUG websockets.client | > Host: gsdrcyrduxbrxgsvhxvr.supabase.co
2026-05-19 17:22:59,069 DEBUG websockets.client | > Upgrade: websocket
2026-05-19 17:22:59,069 DEBUG websockets.client | > Connection: Upgrade
2026-05-19 17:22:59,069 DEBUG websockets.client | > Sec-WebSocket-Key: Cv1w2mZRRUlNeGH12pBGEw==
2026-05-19 17:22:59,069 DEBUG websockets.client | > Sec-WebSocket-Version: 13
2026-05-19 17:22:59,069 DEBUG websockets.client | > Sec-WebSocket-Extensions: permessage-deflate; client_max_window_bits
2026-05-19 17:22:59,069 DEBUG websockets.client | > User-Agent: Python/3.13 websockets/15.0.1
2026-05-19 17:22:59,097 DEBUG websockets.client | < HTTP/1.1 401 Unauthorized
2026-05-19 17:22:59,097 DEBUG websockets.client | < Date: Tue, 19 May 2026 14:23:47 GMT
2026-05-19 17:22:59,097 DEBUG websockets.client | < Content-Type: application/json;charset=UTF-8
2026-05-19 17:22:59,097 DEBUG websockets.client | < Content-Length: 99
2026-05-19 17:22:59,097 DEBUG websockets.client | < Connection: keep-alive
2026-05-19 17:22:59,098 DEBUG websockets.client | < Access-Control-Allow-Origin: *
2026-05-19 17:22:59,098 DEBUG websockets.client | < Access-Control-Allow-Methods: GET,HEAD,PUT,PATCH,POST,DELETE,OPTIONS,TRACE,CONNECT
2026-05-19 17:22:59,098 DEBUG websockets.client | < Access-Control-Max-Age: 3600
2026-05-19 17:22:59,098 DEBUG websockets.client | < sb-gateway-version: 1
2026-05-19 17:22:59,098 DEBUG websockets.client | < sb-project-ref: gsdrcyrduxbrxgsvhxvr
2026-05-19 17:22:59,098 DEBUG websockets.client | < sb-request-id: 019e409f-12bf-73d8-a4cb-0bf522ea52fb
2026-05-19 17:22:59,098 DEBUG websockets.client | < Set-Cookie: __cf_bm=GI5r5vMxq4_i.IYRxa0qjVCaRSIcO5y9TqXun9vEG70-1779200627-1.0.1.1-YNiI4.EqaB_vRk7wPc2wQ1bouHHZtWOPMVvzCCYVHTYvfnFyQB6KjqZk_aIqyCdJlZAXpov.jgqnmTrdxIu9eNDAqtO4bfz0oX0Tq_htJUc; path=/; expires=Tue, 19-May-26 14:53:47 GMT; domain=.supabase.co; HttpOnly; Secure; SameSite=None
2026-05-19 17:22:59,098 DEBUG websockets.client | < Strict-Transport-Security: max-age=31536000; includeSubDomains; preload
2026-05-19 17:22:59,098 DEBUG websockets.client | < Server: cloudflare
2026-05-19 17:22:59,098 DEBUG websockets.client | < CF-RAY: 9fe3c2f1291b64ec-TLV
2026-05-19 17:22:59,098 DEBUG websockets.client | < alt-svc: h3=":443"; ma=86400
2026-05-19 17:22:59,098 DEBUG websockets.client | < [body] (99 bytes)
2026-05-19 17:22:59,099 DEBUG websockets.client | > EOF
2026-05-19 17:22:59,099 DEBUG websockets.client | x closing TCP connection
2026-05-19 17:22:59,099 ERROR realtime._async.client | Connection attempt failed: server rejected WebSocket connection: HTTP 401
2026-05-19 17:22:59,099 DEBUG realtime._async.client | Retry 3/5: Next attempt in 4.00s (backoff=1.0s)
2026-05-19 17:22:59,099 DEBUG websockets.client | < EOF
2026-05-19 17:22:59,100 DEBUG websockets.client | = connection is CLOSED
2026-05-19 17:23:03,115 DEBUG websockets.client | = connection is CONNECTING
2026-05-19 17:23:03,141 DEBUG websockets.client | > GET /realtime/v1/websocket?apikey=YOUR_KEY_HERE HTTP/1.1
2026-05-19 17:23:03,141 DEBUG websockets.client | > Host: gsdrcyrduxbrxgsvhxvr.supabase.co
2026-05-19 17:23:03,141 DEBUG websockets.client | > Upgrade: websocket
2026-05-19 17:23:03,141 DEBUG websockets.client | > Connection: Upgrade
2026-05-19 17:23:03,141 DEBUG websockets.client | > Sec-WebSocket-Key: vrqCcRnT4uvEkp/0WYXWUw==
2026-05-19 17:23:03,141 DEBUG websockets.client | > Sec-WebSocket-Version: 13
2026-05-19 17:23:03,141 DEBUG websockets.client | > Sec-WebSocket-Extensions: permessage-deflate; client_max_window_bits
2026-05-19 17:23:03,141 DEBUG websockets.client | > User-Agent: Python/3.13 websockets/15.0.1
2026-05-19 17:23:03,191 DEBUG websockets.client | < HTTP/1.1 401 Unauthorized
2026-05-19 17:23:03,192 DEBUG websockets.client | < Date: Tue, 19 May 2026 14:23:51 GMT
2026-05-19 17:23:03,192 DEBUG websockets.client | < Content-Type: application/json;charset=UTF-8
2026-05-19 17:23:03,192 DEBUG websockets.client | < Content-Length: 99
2026-05-19 17:23:03,192 DEBUG websockets.client | < Connection: keep-alive
2026-05-19 17:23:03,192 DEBUG websockets.client | < Access-Control-Allow-Origin: *
2026-05-19 17:23:03,192 DEBUG websockets.client | < Access-Control-Allow-Methods: GET,HEAD,PUT,PATCH,POST,DELETE,OPTIONS,TRACE,CONNECT
2026-05-19 17:23:03,192 DEBUG websockets.client | < Access-Control-Max-Age: 3600
2026-05-19 17:23:03,192 DEBUG websockets.client | < sb-gateway-version: 1
2026-05-19 17:23:03,192 DEBUG websockets.client | < sb-project-ref: gsdrcyrduxbrxgsvhxvr
2026-05-19 17:23:03,192 DEBUG websockets.client | < sb-request-id: 019e409f-22b3-75bd-8442-de9f5efdaa05
2026-05-19 17:23:03,192 DEBUG websockets.client | < Set-Cookie: __cf_bm=4hgvNj_7zu0C3qXE4olm1eKThuLwdaeUhWnBLSXMe60-1779200631-1.0.1.1-kb9lM1AExfoQvyQOqFQmuEuoDL1p6rplzzEeIQuph7ypP4krwFi8AyV15g7ndfdPzgXlwVwxm5AsobtOAXFv.nMaT5M5UOM5iinRG2auFOA; path=/; expires=Tue, 19-May-26 14:53:51 GMT; domain=.supabase.co; HttpOnly; Secure; SameSite=None
2026-05-19 17:23:03,192 DEBUG websockets.client | < Strict-Transport-Security: max-age=31536000; includeSubDomains; preload
2026-05-19 17:23:03,192 DEBUG websockets.client | < Server: cloudflare
2026-05-19 17:23:03,192 DEBUG websockets.client | < CF-RAY: 9fe3c30a9d068e44-TLV
2026-05-19 17:23:03,193 DEBUG websockets.client | < alt-svc: h3=":443"; ma=86400
2026-05-19 17:23:03,193 DEBUG websockets.client | < [body] (99 bytes)
2026-05-19 17:23:03,193 DEBUG websockets.client | > EOF
2026-05-19 17:23:03,193 DEBUG websockets.client | x closing TCP connection
2026-05-19 17:23:03,193 ERROR realtime._async.client | Connection attempt failed: server rejected WebSocket connection: HTTP 401
2026-05-19 17:23:03,193 DEBUG realtime._async.client | Retry 4/5: Next attempt in 8.00s (backoff=1.0s)
2026-05-19 17:23:03,194 DEBUG websockets.client | < EOF
2026-05-19 17:23:03,194 DEBUG websockets.client | = connection is CLOSED
2026-05-19 17:23:11,212 DEBUG websockets.client | = connection is CONNECTING
2026-05-19 17:23:11,246 DEBUG websockets.client | > GET /realtime/v1/websocket?apikey=YOUR_KEY_HERE HTTP/1.1
2026-05-19 17:23:11,246 DEBUG websockets.client | > Host: gsdrcyrduxbrxgsvhxvr.supabase.co
2026-05-19 17:23:11,246 DEBUG websockets.client | > Upgrade: websocket
2026-05-19 17:23:11,246 DEBUG websockets.client | > Connection: Upgrade
2026-05-19 17:23:11,246 DEBUG websockets.client | > Sec-WebSocket-Key: QLV+PSH9gh8CY3ww3Hkdig==
2026-05-19 17:23:11,246 DEBUG websockets.client | > Sec-WebSocket-Version: 13
2026-05-19 17:23:11,246 DEBUG websockets.client | > Sec-WebSocket-Extensions: permessage-deflate; client_max_window_bits
2026-05-19 17:23:11,246 DEBUG websockets.client | > User-Agent: Python/3.13 websockets/15.0.1
2026-05-19 17:23:11,273 DEBUG websockets.client | < HTTP/1.1 401 Unauthorized
2026-05-19 17:23:11,273 DEBUG websockets.client | < Date: Tue, 19 May 2026 14:23:59 GMT
2026-05-19 17:23:11,273 DEBUG websockets.client | < Content-Type: application/json;charset=UTF-8
2026-05-19 17:23:11,273 DEBUG websockets.client | < Content-Length: 99
2026-05-19 17:23:11,274 DEBUG websockets.client | < Connection: keep-alive
2026-05-19 17:23:11,274 DEBUG websockets.client | < Access-Control-Allow-Origin: *
2026-05-19 17:23:11,274 DEBUG websockets.client | < Access-Control-Allow-Methods: GET,HEAD,PUT,PATCH,POST,DELETE,OPTIONS,TRACE,CONNECT
2026-05-19 17:23:11,274 DEBUG websockets.client | < Access-Control-Max-Age: 3600
2026-05-19 17:23:11,274 DEBUG websockets.client | < sb-gateway-version: 1
2026-05-19 17:23:11,274 DEBUG websockets.client | < sb-project-ref: gsdrcyrduxbrxgsvhxvr
2026-05-19 17:23:11,274 DEBUG websockets.client | < sb-request-id: 019e409f-4251-70f2-ac0e-cfb570dc670b
2026-05-19 17:23:11,274 DEBUG websockets.client | < Set-Cookie: __cf_bm=7htrm.NpukjYq1f1Md4Q8LDt0Yp5vWQd6uKV.dkUmUQ-1779200639-1.0.1.1-vTz.XRaPQ1V8T6WWrx0jKPgSha1dyjBLgnD3oQZeNiMyLtzoBxQrysxbBo9we.sIbC3YUaG_9PPUQRdqcrc6IaxY39rEIcXDCYJq0KRWQvc; path=/; expires=Tue, 19-May-26 14:53:59 GMT; domain=.supabase.co; HttpOnly; Secure; SameSite=None
2026-05-19 17:23:11,274 DEBUG websockets.client | < Strict-Transport-Security: max-age=31536000; includeSubDomains; preload
2026-05-19 17:23:11,275 DEBUG websockets.client | < Server: cloudflare
2026-05-19 17:23:11,275 DEBUG websockets.client | < CF-RAY: 9fe3c33d3d883d7c-TLV
2026-05-19 17:23:11,275 DEBUG websockets.client | < alt-svc: h3=":443"; ma=86400
2026-05-19 17:23:11,275 DEBUG websockets.client | < [body] (99 bytes)
2026-05-19 17:23:11,275 DEBUG websockets.client | > EOF
2026-05-19 17:23:11,275 DEBUG websockets.client | x closing TCP connection
2026-05-19 17:23:11,276 ERROR realtime._async.client | Connection attempt failed: server rejected WebSocket connection: HTTP 401
2026-05-19 17:23:11,276 ERROR realtime._async.client | Connection failed permanently after 5 attempts. Error: server rejected WebSocket connection: HTTP 401
2026-05-19 17:23:11,276 ERROR realtime_watcher.listener | Realtime subscription loop error (server rejected WebSocket connection: HTTP 401). Reconnecting in 3.0s...
Traceback (most recent call last):
  File "/Users/jeremyjacob/Documents/Coding Projects/Kartiseret/NewScraping-August2025/backend/config/realtime/realtime_watcher.py", line 155, in _subscribe_forever
    await client.realtime.connect()
  File "/Users/jeremyjacob/Documents/Coding Projects/Kartiseret/NewScraping-August2025/.venv/lib/python3.13/site-packages/realtime/_async/client.py", line 170, in connect
    ws = await connect(self.url)
         ^^^^^^^^^^^^^^^^^^^^^^^
  File "/Users/jeremyjacob/Documents/Coding Projects/Kartiseret/NewScraping-August2025/.venv/lib/python3.13/site-packages/websockets/asyncio/client.py", line 543, in __await_impl__
    await self.connection.handshake(
    ...<2 lines>...
    )
  File "/Users/jeremyjacob/Documents/Coding Projects/Kartiseret/NewScraping-August2025/.venv/lib/python3.13/site-packages/websockets/asyncio/client.py", line 114, in handshake
    raise self.protocol.handshake_exc
  File "/Users/jeremyjacob/Documents/Coding Projects/Kartiseret/NewScraping-August2025/.venv/lib/python3.13/site-packages/websockets/client.py", line 325, in parse
    self.process_response(response)
    ~~~~~~~~~~~~~~~~~~~~~^^^^^^^^^^
  File "/Users/jeremyjacob/Documents/Coding Projects/Kartiseret/NewScraping-August2025/.venv/lib/python3.13/site-packages/websockets/client.py", line 142, in process_response
    raise InvalidStatus(response)
websockets.exceptions.InvalidStatus: server rejected WebSocket connection: HTTP 401
2026-05-19 17:23:11,279 DEBUG websockets.client | < EOF
2026-05-19 17:23:11,279 DEBUG websockets.client | = connection is CLOSED
2026-05-19 17:23:14,279 DEBUG realtime._async.client | send: {"event":"phx_leave","payload":{},"topic":"realtime:realtime-watcher-1779200575","ref":"1","join_ref":null}
2026-05-19 17:23:14,298 DEBUG realtime._async.client | Attempting to connect to WebSocket at wss://gsdrcyrduxbrxgsvhxvr.supabase.co/realtime/v1/websocket?apikey=YOUR_KEY_HERE
2026-05-19 17:23:14,312 DEBUG websockets.client | = connection is CONNECTING
2026-05-19 17:23:14,344 DEBUG websockets.client | > GET /realtime/v1/websocket?apikey=YOUR_KEY_HERE HTTP/1.1
2026-05-19 17:23:14,345 DEBUG websockets.client | > Host: gsdrcyrduxbrxgsvhxvr.supabase.co
2026-05-19 17:23:14,345 DEBUG websockets.client | > Upgrade: websocket
2026-05-19 17:23:14,345 DEBUG websockets.client | > Connection: Upgrade
2026-05-19 17:23:14,345 DEBUG websockets.client | > Sec-WebSocket-Key: M81n8+Ja7Ha1ZtU5/OwoQA==
2026-05-19 17:23:14,345 DEBUG websockets.client | > Sec-WebSocket-Version: 13
2026-05-19 17:23:14,345 DEBUG websockets.client | > Sec-WebSocket-Extensions: permessage-deflate; client_max_window_bits
2026-05-19 17:23:14,345 DEBUG websockets.client | > User-Agent: Python/3.13 websockets/15.0.1
2026-05-19 17:23:14,373 DEBUG websockets.client | < HTTP/1.1 401 Unauthorized
2026-05-19 17:23:14,373 DEBUG websockets.client | < Date: Tue, 19 May 2026 14:24:02 GMT
2026-05-19 17:23:14,373 DEBUG websockets.client | < Content-Type: application/json;charset=UTF-8
2026-05-19 17:23:14,373 DEBUG websockets.client | < Content-Length: 99
2026-05-19 17:23:14,373 DEBUG websockets.client | < Connection: keep-alive
2026-05-19 17:23:14,374 DEBUG websockets.client | < Access-Control-Allow-Origin: *
2026-05-19 17:23:14,374 DEBUG websockets.client | < Access-Control-Allow-Methods: GET,HEAD,PUT,PATCH,POST,DELETE,OPTIONS,TRACE,CONNECT
2026-05-19 17:23:14,374 DEBUG websockets.client | < Access-Control-Max-Age: 3600
2026-05-19 17:23:14,374 DEBUG websockets.client | < sb-gateway-version: 1
2026-05-19 17:23:14,374 DEBUG websockets.client | < sb-project-ref: gsdrcyrduxbrxgsvhxvr
2026-05-19 17:23:14,374 DEBUG websockets.client | < sb-request-id: 019e409f-4e6c-7cc8-b2ed-8400d5315591
2026-05-19 17:23:14,374 DEBUG websockets.client | < Set-Cookie: __cf_bm=H8geHQz2VP1LJtkukyWqJu3uUMAz6CrUBKb5njpULp4-1779200642-1.0.1.1-wM_njI7pa6mfTGjOk6gmqiQladDpl99RugH68Tia2UwcnO30uhtOSJB9n8D0eV9Ue.pDhQEwL5FT5RZm1LZWaJu7QzYGsyLBrfoUVCVJqjQ; path=/; expires=Tue, 19-May-26 14:54:02 GMT; domain=.supabase.co; HttpOnly; Secure; SameSite=None
2026-05-19 17:23:14,374 DEBUG websockets.client | < Strict-Transport-Security: max-age=31536000; includeSubDomains; preload
2026-05-19 17:23:14,374 DEBUG websockets.client | < Server: cloudflare
2026-05-19 17:23:14,374 DEBUG websockets.client | < CF-RAY: 9fe3c3509d4a3d7c-TLV
2026-05-19 17:23:14,374 DEBUG websockets.client | < alt-svc: h3=":443"; ma=86400
2026-05-19 17:23:14,375 DEBUG websockets.client | < [body] (99 bytes)
2026-05-19 17:23:14,375 DEBUG websockets.client | > EOF
2026-05-19 17:23:14,375 DEBUG websockets.client | x closing TCP connection
2026-05-19 17:23:14,375 ERROR realtime._async.client | Connection attempt failed: server rejected WebSocket connection: HTTP 401
2026-05-19 17:23:14,375 DEBUG realtime._async.client | Retry 1/5: Next attempt in 1.00s (backoff=1.0s)
2026-05-19 17:23:14,376 DEBUG websockets.client | < EOF
2026-05-19 17:23:14,376 DEBUG websockets.client | = connection is CLOSED
2026-05-19 17:23:15,395 DEBUG websockets.client | = connection is CONNECTING
2026-05-19 17:23:15,430 DEBUG websockets.client | > GET /realtime/v1/websocket?apikey=YOUR_KEY_HERE HTTP/1.1
2026-05-19 17:23:15,431 DEBUG websockets.client | > Host: gsdrcyrduxbrxgsvhxvr.supabase.co
2026-05-19 17:23:15,431 DEBUG websockets.client | > Upgrade: websocket
2026-05-19 17:23:15,431 DEBUG websockets.client | > Connection: Upgrade
2026-05-19 17:23:15,431 DEBUG websockets.client | > Sec-WebSocket-Key: SgdwQUFT6L2CnRDEKTyqLA==
2026-05-19 17:23:15,431 DEBUG websockets.client | > Sec-WebSocket-Version: 13
2026-05-19 17:23:15,431 DEBUG websockets.client | > Sec-WebSocket-Extensions: permessage-deflate; client_max_window_bits
2026-05-19 17:23:15,431 DEBUG websockets.client | > User-Agent: Python/3.13 websockets/15.0.1
2026-05-19 17:23:15,458 DEBUG websockets.client | < HTTP/1.1 401 Unauthorized
2026-05-19 17:23:15,459 DEBUG websockets.client | < Date: Tue, 19 May 2026 14:24:03 GMT
2026-05-19 17:23:15,459 DEBUG websockets.client | < Content-Type: application/json;charset=UTF-8
2026-05-19 17:23:15,459 DEBUG websockets.client | < Content-Length: 99
2026-05-19 17:23:15,459 DEBUG websockets.client | < Connection: keep-alive
2026-05-19 17:23:15,459 DEBUG websockets.client | < Access-Control-Allow-Origin: *
2026-05-19 17:23:15,459 DEBUG websockets.client | < Access-Control-Allow-Methods: GET,HEAD,PUT,PATCH,POST,DELETE,OPTIONS,TRACE,CONNECT
2026-05-19 17:23:15,459 DEBUG websockets.client | < Access-Control-Max-Age: 3600
2026-05-19 17:23:15,459 DEBUG websockets.client | < sb-gateway-version: 1
2026-05-19 17:23:15,459 DEBUG websockets.client | < sb-project-ref: gsdrcyrduxbrxgsvhxvr
2026-05-19 17:23:15,459 DEBUG websockets.client | < sb-request-id: 019e409f-52a8-79fa-9045-4e48b8216865
2026-05-19 17:23:15,460 DEBUG websockets.client | < Set-Cookie: __cf_bm=JhvHuNQZaZayvRSeNT.e5L8AMTO8QWPLOI6nkzqzmrc-1779200643-1.0.1.1-cTINumDnMs0MkGMysXvUcIah0c0MC4uBJnpNAMEAO36tw4ZwTL6_E3_nydDTUaTpAOiMlT5GpoCOpE7D4HIr49tYWlDJFsM3vD9Xt.psBtw; path=/; expires=Tue, 19-May-26 14:54:03 GMT; domain=.supabase.co; HttpOnly; Secure; SameSite=None
2026-05-19 17:23:15,460 DEBUG websockets.client | < Strict-Transport-Security: max-age=31536000; includeSubDomains; preload
2026-05-19 17:23:15,460 DEBUG websockets.client | < Server: cloudflare
2026-05-19 17:23:15,460 DEBUG websockets.client | < CF-RAY: 9fe3c3576834e8f3-TLV
2026-05-19 17:23:15,460 DEBUG websockets.client | < alt-svc: h3=":443"; ma=86400
2026-05-19 17:23:15,460 DEBUG websockets.client | < [body] (99 bytes)
2026-05-19 17:23:15,460 DEBUG websockets.client | > EOF
2026-05-19 17:23:15,461 DEBUG websockets.client | x closing TCP connection
2026-05-19 17:23:15,461 ERROR realtime._async.client | Connection attempt failed: server rejected WebSocket connection: HTTP 401
2026-05-19 17:23:15,461 DEBUG realtime._async.client | Retry 2/5: Next attempt in 2.00s (backoff=1.0s)
2026-05-19 17:23:15,461 DEBUG websockets.client | < EOF
2026-05-19 17:23:15,462 DEBUG websockets.client | = connection is CLOSED
2026-05-19 17:23:17,479 DEBUG websockets.client | = connection is CONNECTING
2026-05-19 17:23:17,525 DEBUG websockets.client | > GET /realtime/v1/websocket?apikey=YOUR_KEY_HERE HTTP/1.1
2026-05-19 17:23:17,525 DEBUG websockets.client | > Host: gsdrcyrduxbrxgsvhxvr.supabase.co
2026-05-19 17:23:17,525 DEBUG websockets.client | > Upgrade: websocket
2026-05-19 17:23:17,526 DEBUG websockets.client | > Connection: Upgrade
2026-05-19 17:23:17,526 DEBUG websockets.client | > Sec-WebSocket-Key: QvIyUHPKLpRbHlkVaXAQFQ==
2026-05-19 17:23:17,526 DEBUG websockets.client | > Sec-WebSocket-Version: 13
2026-05-19 17:23:17,526 DEBUG websockets.client | > Sec-WebSocket-Extensions: permessage-deflate; client_max_window_bits
2026-05-19 17:23:17,526 DEBUG websockets.client | > User-Agent: Python/3.13 websockets/15.0.1
2026-05-19 17:23:17,557 DEBUG websockets.client | < HTTP/1.1 401 Unauthorized
2026-05-19 17:23:17,557 DEBUG websockets.client | < Date: Tue, 19 May 2026 14:24:05 GMT
2026-05-19 17:23:17,557 DEBUG websockets.client | < Content-Type: application/json;charset=UTF-8
2026-05-19 17:23:17,557 DEBUG websockets.client | < Content-Length: 99
2026-05-19 17:23:17,558 DEBUG websockets.client | < Connection: keep-alive
2026-05-19 17:23:17,558 DEBUG websockets.client | < Access-Control-Allow-Origin: *
2026-05-19 17:23:17,558 DEBUG websockets.client | < Access-Control-Allow-Methods: GET,HEAD,PUT,PATCH,POST,DELETE,OPTIONS,TRACE,CONNECT
2026-05-19 17:23:17,558 DEBUG websockets.client | < Access-Control-Max-Age: 3600
2026-05-19 17:23:17,558 DEBUG websockets.client | < sb-gateway-version: 1
2026-05-19 17:23:17,558 DEBUG websockets.client | < sb-project-ref: gsdrcyrduxbrxgsvhxvr
2026-05-19 17:23:17,558 DEBUG websockets.client | < sb-request-id: 019e409f-5adb-74f5-9090-de7d0333106f
2026-05-19 17:23:17,558 DEBUG websockets.client | < Set-Cookie: __cf_bm=hE2Il_dAbEL23HrdOiCF2_zkfN0JlKlQ3lSvKQNrV3w-1779200645-1.0.1.1-AIZ8STx0rR6qiL41r_R5hhSXalOEk_oR6g3VAOnaJo2b7NEfUGzPoiezECNig85sSm4HTWi1pMToDw5ydYLVbY1fPN4sFOOuVTODDGESrCg; path=/; expires=Tue, 19-May-26 14:54:05 GMT; domain=.supabase.co; HttpOnly; Secure; SameSite=None
2026-05-19 17:23:17,558 DEBUG websockets.client | < Strict-Transport-Security: max-age=31536000; includeSubDomains; preload
2026-05-19 17:23:17,558 DEBUG websockets.client | < Server: cloudflare
2026-05-19 17:23:17,558 DEBUG websockets.client | < CF-RAY: 9fe3c3647e3b54b5-TLV
2026-05-19 17:23:17,559 DEBUG websockets.client | < alt-svc: h3=":443"; ma=86400
2026-05-19 17:23:17,559 DEBUG websockets.client | < [body] (99 bytes)
2026-05-19 17:23:17,559 DEBUG websockets.client | > EOF
2026-05-19 17:23:17,559 DEBUG websockets.client | x closing TCP connection
2026-05-19 17:23:17,559 ERROR realtime._async.client | Connection attempt failed: server rejected WebSocket connection: HTTP 401
2026-05-19 17:23:17,560 DEBUG realtime._async.client | Retry 3/5: Next attempt in 4.00s (backoff=1.0s)
2026-05-19 17:23:17,560 DEBUG websockets.client | < EOF
2026-05-19 17:23:17,560 DEBUG websockets.client | = connection is CLOSED
2026-05-19 17:23:21,577 DEBUG websockets.client | = connection is CONNECTING
2026-05-19 17:23:21,611 DEBUG websockets.client | > GET /realtime/v1/websocket?apikey=YOUR_KEY_HERE HTTP/1.1
2026-05-19 17:23:21,611 DEBUG websockets.client | > Host: gsdrcyrduxbrxgsvhxvr.supabase.co
2026-05-19 17:23:21,611 DEBUG websockets.client | > Upgrade: websocket
2026-05-19 17:23:21,611 DEBUG websockets.client | > Connection: Upgrade
2026-05-19 17:23:21,611 DEBUG websockets.client | > Sec-WebSocket-Key: TwmDNvrIvondEE3jIlju/g==
2026-05-19 17:23:21,611 DEBUG websockets.client | > Sec-WebSocket-Version: 13
2026-05-19 17:23:21,611 DEBUG websockets.client | > Sec-WebSocket-Extensions: permessage-deflate; client_max_window_bits
2026-05-19 17:23:21,612 DEBUG websockets.client | > User-Agent: Python/3.13 websockets/15.0.1
2026-05-19 17:23:21,651 DEBUG websockets.client | < HTTP/1.1 401 Unauthorized
2026-05-19 17:23:21,651 DEBUG websockets.client | < Date: Tue, 19 May 2026 14:24:09 GMT
2026-05-19 17:23:21,651 DEBUG websockets.client | < Content-Type: application/json;charset=UTF-8
2026-05-19 17:23:21,651 DEBUG websockets.client | < Content-Length: 99
2026-05-19 17:23:21,651 DEBUG websockets.client | < Connection: keep-alive
2026-05-19 17:23:21,651 DEBUG websockets.client | < Access-Control-Allow-Origin: *
2026-05-19 17:23:21,652 DEBUG websockets.client | < Access-Control-Allow-Methods: GET,HEAD,PUT,PATCH,POST,DELETE,OPTIONS,TRACE,CONNECT
2026-05-19 17:23:21,652 DEBUG websockets.client | < Access-Control-Max-Age: 3600
2026-05-19 17:23:21,652 DEBUG websockets.client | < sb-gateway-version: 1
2026-05-19 17:23:21,652 DEBUG websockets.client | < sb-project-ref: gsdrcyrduxbrxgsvhxvr
2026-05-19 17:23:21,652 DEBUG websockets.client | < sb-request-id: 019e409f-6ad7-7283-9973-45a27331d945
2026-05-19 17:23:21,652 DEBUG websockets.client | < Set-Cookie: __cf_bm=38mVcUEFL.wh4xpkUPTMsZPTeXc4QgbuOGAwh9kHE4g-1779200649-1.0.1.1-n9wEe34FofWFFnQWzSUCq66KF7v475g8whHcGEkCeq_EEOdzMYXtjxsKpnibgdnCprv0ktbKMOsIRZ1Yc3fBqTVvjv5R0kA3XC.hkkAfdAM; path=/; expires=Tue, 19-May-26 14:54:09 GMT; domain=.supabase.co; HttpOnly; Secure; SameSite=None
2026-05-19 17:23:21,652 DEBUG websockets.client | < Strict-Transport-Security: max-age=31536000; includeSubDomains; preload
2026-05-19 17:23:21,652 DEBUG websockets.client | < Server: cloudflare
2026-05-19 17:23:21,652 DEBUG websockets.client | < CF-RAY: 9fe3c37e083354b5-TLV
2026-05-19 17:23:21,652 DEBUG websockets.client | < alt-svc: h3=":443"; ma=86400
2026-05-19 17:23:21,652 DEBUG websockets.client | < [body] (99 bytes)
2026-05-19 17:23:21,653 DEBUG websockets.client | > EOF
2026-05-19 17:23:21,653 DEBUG websockets.client | x closing TCP connection
2026-05-19 17:23:21,653 ERROR realtime._async.client | Connection attempt failed: server rejected WebSocket connection: HTTP 401
2026-05-19 17:23:21,653 DEBUG realtime._async.client | Retry 4/5: Next attempt in 8.00s (backoff=1.0s)
2026-05-19 17:23:21,654 DEBUG websockets.client | < EOF
2026-05-19 17:23:21,654 DEBUG websockets.client | = connection is CLOSED
2026-05-19 17:23:29,671 DEBUG websockets.client | = connection is CONNECTING
2026-05-19 17:23:29,704 DEBUG websockets.client | > GET /realtime/v1/websocket?apikey=YOUR_KEY_HERE HTTP/1.1
2026-05-19 17:23:29,704 DEBUG websockets.client | > Host: gsdrcyrduxbrxgsvhxvr.supabase.co
2026-05-19 17:23:29,704 DEBUG websockets.client | > Upgrade: websocket
2026-05-19 17:23:29,704 DEBUG websockets.client | > Connection: Upgrade
2026-05-19 17:23:29,704 DEBUG websockets.client | > Sec-WebSocket-Key: fvWVllZFOGRc0tye6FzQLA==
2026-05-19 17:23:29,705 DEBUG websockets.client | > Sec-WebSocket-Version: 13
2026-05-19 17:23:29,705 DEBUG websockets.client | > Sec-WebSocket-Extensions: permessage-deflate; client_max_window_bits
2026-05-19 17:23:29,705 DEBUG websockets.client | > User-Agent: Python/3.13 websockets/15.0.1
2026-05-19 17:23:29,737 DEBUG websockets.client | < HTTP/1.1 401 Unauthorized
2026-05-19 17:23:29,737 DEBUG websockets.client | < Date: Tue, 19 May 2026 14:24:18 GMT
2026-05-19 17:23:29,737 DEBUG websockets.client | < Content-Type: application/json;charset=UTF-8
2026-05-19 17:23:29,737 DEBUG websockets.client | < Content-Length: 99
2026-05-19 17:23:29,737 DEBUG websockets.client | < Connection: keep-alive
2026-05-19 17:23:29,737 DEBUG websockets.client | < Access-Control-Allow-Origin: *
2026-05-19 17:23:29,737 DEBUG websockets.client | < Access-Control-Allow-Methods: GET,HEAD,PUT,PATCH,POST,DELETE,OPTIONS,TRACE,CONNECT
2026-05-19 17:23:29,737 DEBUG websockets.client | < Access-Control-Max-Age: 3600
2026-05-19 17:23:29,738 DEBUG websockets.client | < sb-gateway-version: 1
2026-05-19 17:23:29,738 DEBUG websockets.client | < sb-project-ref: gsdrcyrduxbrxgsvhxvr
2026-05-19 17:23:29,738 DEBUG websockets.client | < sb-request-id: 019e409f-8a6f-71de-a4fa-6b15c6bfa916
2026-05-19 17:23:29,738 DEBUG websockets.client | < Set-Cookie: __cf_bm=jOWlWd5RjBvDdt2KXRGFLBwJqeKnDH4447aDQauXmqw-1779200658-1.0.1.1-ZG88LX9doweHUeB1LpOeKa_EBw7S4NodJ634Kg0aaLzIzI7G2oMBIpWI61HUDXSFsmTwd0YBI7pv1tWBywspwLquxTtcsRs1jqx.xf7H5IU; path=/; expires=Tue, 19-May-26 14:54:18 GMT; domain=.supabase.co; HttpOnly; Secure; SameSite=None
2026-05-19 17:23:29,738 DEBUG websockets.client | < Strict-Transport-Security: max-age=31536000; includeSubDomains; preload
2026-05-19 17:23:29,738 DEBUG websockets.client | < Server: cloudflare
2026-05-19 17:23:29,738 DEBUG websockets.client | < CF-RAY: 9fe3c3b09a4064ec-TLV
2026-05-19 17:23:29,738 DEBUG websockets.client | < alt-svc: h3=":443"; ma=86400
2026-05-19 17:23:29,738 DEBUG websockets.client | < [body] (99 bytes)
2026-05-19 17:23:29,738 DEBUG websockets.client | > EOF
2026-05-19 17:23:29,738 DEBUG websockets.client | x closing TCP connection
2026-05-19 17:23:29,739 ERROR realtime._async.client | Connection attempt failed: server rejected WebSocket connection: HTTP 401
2026-05-19 17:23:29,739 ERROR realtime._async.client | Connection failed permanently after 5 attempts. Error: server rejected WebSocket connection: HTTP 401
2026-05-19 17:23:29,739 ERROR realtime_watcher.listener | Realtime subscription loop error (server rejected WebSocket connection: HTTP 401). Reconnecting in 3.0s...
Traceback (most recent call last):
  File "/Users/jeremyjacob/Documents/Coding Projects/Kartiseret/NewScraping-August2025/backend/config/realtime/realtime_watcher.py", line 155, in _subscribe_forever
    await client.realtime.connect()
  File "/Users/jeremyjacob/Documents/Coding Projects/Kartiseret/NewScraping-August2025/.venv/lib/python3.13/site-packages/realtime/_async/client.py", line 170, in connect
    ws = await connect(self.url)
         ^^^^^^^^^^^^^^^^^^^^^^^
  File "/Users/jeremyjacob/Documents/Coding Projects/Kartiseret/NewScraping-August2025/.venv/lib/python3.13/site-packages/websockets/asyncio/client.py", line 543, in __await_impl__
    await self.connection.handshake(
    ...<2 lines>...
    )
  File "/Users/jeremyjacob/Documents/Coding Projects/Kartiseret/NewScraping-August2025/.venv/lib/python3.13/site-packages/websockets/asyncio/client.py", line 114, in handshake
    raise self.protocol.handshake_exc
  File "/Users/jeremyjacob/Documents/Coding Projects/Kartiseret/NewScraping-August2025/.venv/lib/python3.13/site-packages/websockets/client.py", line 325, in parse
    self.process_response(response)
    ~~~~~~~~~~~~~~~~~~~~~^^^^^^^^^^
  File "/Users/jeremyjacob/Documents/Coding Projects/Kartiseret/NewScraping-August2025/.venv/lib/python3.13/site-packages/websockets/client.py", line 142, in process_response
    raise InvalidStatus(response)
websockets.exceptions.InvalidStatus: server rejected WebSocket connection: HTTP 401
2026-05-19 17:23:29,741 DEBUG websockets.client | < EOF
2026-05-19 17:23:29,742 DEBUG websockets.client | = connection is CLOSED
2026-05-19 17:23:32,743 DEBUG realtime._async.client | send: {"event":"phx_leave","payload":{},"topic":"realtime:realtime-watcher-1779200594","ref":"1","join_ref":null}
2026-05-19 17:23:32,758 DEBUG realtime._async.client | Attempting to connect to WebSocket at wss://gsdrcyrduxbrxgsvhxvr.supabase.co/realtime/v1/websocket?apikey=YOUR_KEY_HERE
2026-05-19 17:23:32,773 DEBUG websockets.client | = connection is CONNECTING
2026-05-19 17:23:32,809 DEBUG websockets.client | > GET /realtime/v1/websocket?apikey=YOUR_KEY_HERE HTTP/1.1
2026-05-19 17:23:32,809 DEBUG websockets.client | > Host: gsdrcyrduxbrxgsvhxvr.supabase.co
2026-05-19 17:23:32,809 DEBUG websockets.client | > Upgrade: websocket
2026-05-19 17:23:32,809 DEBUG websockets.client | > Connection: Upgrade
2026-05-19 17:23:32,809 DEBUG websockets.client | > Sec-WebSocket-Key: sVFiAWJIeYJXw4z91OTHxQ==
2026-05-19 17:23:32,809 DEBUG websockets.client | > Sec-WebSocket-Version: 13
2026-05-19 17:23:32,809 DEBUG websockets.client | > Sec-WebSocket-Extensions: permessage-deflate; client_max_window_bits
2026-05-19 17:23:32,809 DEBUG websockets.client | > User-Agent: Python/3.13 websockets/15.0.1
2026-05-19 17:23:32,839 DEBUG websockets.client | < HTTP/1.1 401 Unauthorized
2026-05-19 17:23:32,839 DEBUG websockets.client | < Date: Tue, 19 May 2026 14:24:21 GMT
2026-05-19 17:23:32,839 DEBUG websockets.client | < Content-Type: application/json;charset=UTF-8
2026-05-19 17:23:32,840 DEBUG websockets.client | < Content-Length: 99
2026-05-19 17:23:32,840 DEBUG websockets.client | < Connection: keep-alive
2026-05-19 17:23:32,840 DEBUG websockets.client | < Access-Control-Allow-Origin: *
2026-05-19 17:23:32,840 DEBUG websockets.client | < Access-Control-Allow-Methods: GET,HEAD,PUT,PATCH,POST,DELETE,OPTIONS,TRACE,CONNECT
2026-05-19 17:23:32,840 DEBUG websockets.client | < Access-Control-Max-Age: 3600
2026-05-19 17:23:32,840 DEBUG websockets.client | < sb-gateway-version: 1
2026-05-19 17:23:32,840 DEBUG websockets.client | < sb-project-ref: gsdrcyrduxbrxgsvhxvr
2026-05-19 17:23:32,840 DEBUG websockets.client | < sb-request-id: 019e409f-968c-712b-bb10-f6b8f4cf2138
2026-05-19 17:23:32,840 DEBUG websockets.client | < Set-Cookie: __cf_bm=ej123lB0UKZtLRAKDL7TRXyK0c1r5r_51rtlxFC_U08-1779200661-1.0.1.1-aG2kv8IAFmFxbeJn2RA7O2lNGqxVlFdCCVqBbl6t1nUHoIz19kd_oRI.77zMsTu3hc_whH5ZtACuigf5WpqwsQfKAF9cLkt2o1ZYopbVFBA; path=/; expires=Tue, 19-May-26 14:54:21 GMT; domain=.supabase.co; HttpOnly; Secure; SameSite=None
2026-05-19 17:23:32,840 DEBUG websockets.client | < Strict-Transport-Security: max-age=31536000; includeSubDomains; preload
2026-05-19 17:23:32,840 DEBUG websockets.client | < Server: cloudflare
2026-05-19 17:23:32,841 DEBUG websockets.client | < CF-RAY: 9fe3c3c40872659f-TLV
2026-05-19 17:23:32,841 DEBUG websockets.client | < alt-svc: h3=":443"; ma=86400
2026-05-19 17:23:32,841 DEBUG websockets.client | < [body] (99 bytes)
2026-05-19 17:23:32,841 DEBUG websockets.client | > EOF
2026-05-19 17:23:32,841 DEBUG websockets.client | x closing TCP connection
2026-05-19 17:23:32,842 ERROR realtime._async.client | Connection attempt failed: server rejected WebSocket connection: HTTP 401
2026-05-19 17:23:32,842 DEBUG realtime._async.client | Retry 1/5: Next attempt in 1.00s (backoff=1.0s)
2026-05-19 17:23:32,842 DEBUG websockets.client | < EOF
2026-05-19 17:23:32,842 DEBUG websockets.client | = connection is CLOSED
2026-05-19 17:23:33,859 DEBUG websockets.client | = connection is CONNECTING
2026-05-19 17:23:33,892 DEBUG websockets.client | > GET /realtime/v1/websocket?apikey=YOUR_KEY_HERE HTTP/1.1
2026-05-19 17:23:33,893 DEBUG websockets.client | > Host: gsdrcyrduxbrxgsvhxvr.supabase.co
2026-05-19 17:23:33,893 DEBUG websockets.client | > Upgrade: websocket
2026-05-19 17:23:33,893 DEBUG websockets.client | > Connection: Upgrade
2026-05-19 17:23:33,893 DEBUG websockets.client | > Sec-WebSocket-Key: mt6v4AU+wnxfA2P8IX2YtQ==
2026-05-19 17:23:33,893 DEBUG websockets.client | > Sec-WebSocket-Version: 13
2026-05-19 17:23:33,893 DEBUG websockets.client | > Sec-WebSocket-Extensions: permessage-deflate; client_max_window_bits
2026-05-19 17:23:33,893 DEBUG websockets.client | > User-Agent: Python/3.13 websockets/15.0.1
2026-05-19 17:23:33,928 DEBUG websockets.client | < HTTP/1.1 401 Unauthorized
2026-05-19 17:23:33,928 DEBUG websockets.client | < Date: Tue, 19 May 2026 14:24:22 GMT
2026-05-19 17:23:33,929 DEBUG websockets.client | < Content-Type: application/json;charset=UTF-8
2026-05-19 17:23:33,929 DEBUG websockets.client | < Content-Length: 99
2026-05-19 17:23:33,929 DEBUG websockets.client | < Connection: keep-alive
2026-05-19 17:23:33,929 DEBUG websockets.client | < Access-Control-Allow-Origin: *
2026-05-19 17:23:33,929 DEBUG websockets.client | < Access-Control-Allow-Methods: GET,HEAD,PUT,PATCH,POST,DELETE,OPTIONS,TRACE,CONNECT
2026-05-19 17:23:33,929 DEBUG websockets.client | < Access-Control-Max-Age: 3600
2026-05-19 17:23:33,929 DEBUG websockets.client | < sb-gateway-version: 1
2026-05-19 17:23:33,929 DEBUG websockets.client | < sb-project-ref: gsdrcyrduxbrxgsvhxvr
2026-05-19 17:23:33,929 DEBUG websockets.client | < sb-request-id: 019e409f-9acb-77d6-b7ed-c5a897f8baf8
2026-05-19 17:23:33,929 DEBUG websockets.client | < Set-Cookie: __cf_bm=QFHveO2ytGmbrCWP4QYzmq4B7AP3.EAvDxq8NRKfj8I-1779200662-1.0.1.1-JGkeiUMH8deUGXKtvWXcemhms7TY3XBQchFWhEK.HQJJgWfZuDQRZ2qkIeKJXR9pSC16DS.ZG3k_PPTGy134cTPh6Hq3oxHPBYMPVOwJeNQ; path=/; expires=Tue, 19-May-26 14:54:22 GMT; domain=.supabase.co; HttpOnly; Secure; SameSite=None
2026-05-19 17:23:33,929 DEBUG websockets.client | < Strict-Transport-Security: max-age=31536000; includeSubDomains; preload
2026-05-19 17:23:33,930 DEBUG websockets.client | < Server: cloudflare
2026-05-19 17:23:33,930 DEBUG websockets.client | < CF-RAY: 9fe3c3cac8e68e44-TLV
2026-05-19 17:23:33,930 DEBUG websockets.client | < alt-svc: h3=":443"; ma=86400
2026-05-19 17:23:33,930 DEBUG websockets.client | < [body] (99 bytes)
2026-05-19 17:23:33,930 DEBUG websockets.client | > EOF
2026-05-19 17:23:33,930 DEBUG websockets.client | x closing TCP connection
2026-05-19 17:23:33,931 ERROR realtime._async.client | Connection attempt failed: server rejected WebSocket connection: HTTP 401
2026-05-19 17:23:33,931 DEBUG realtime._async.client | Retry 2/5: Next attempt in 2.00s (backoff=1.0s)
2026-05-19 17:23:33,931 DEBUG websockets.client | < EOF
2026-05-19 17:23:33,931 DEBUG websockets.client | = connection is CLOSED
2026-05-19 17:23:35,950 DEBUG websockets.client | = connection is CONNECTING
2026-05-19 17:23:35,983 DEBUG websockets.client | > GET /realtime/v1/websocket?apikey=YOUR_KEY_HERE HTTP/1.1
2026-05-19 17:23:35,983 DEBUG websockets.client | > Host: gsdrcyrduxbrxgsvhxvr.supabase.co
2026-05-19 17:23:35,983 DEBUG websockets.client | > Upgrade: websocket
2026-05-19 17:23:35,983 DEBUG websockets.client | > Connection: Upgrade
2026-05-19 17:23:35,983 DEBUG websockets.client | > Sec-WebSocket-Key: OcL7sG3/It7bOslLJoqbcg==
2026-05-19 17:23:35,983 DEBUG websockets.client | > Sec-WebSocket-Version: 13
2026-05-19 17:23:35,983 DEBUG websockets.client | > Sec-WebSocket-Extensions: permessage-deflate; client_max_window_bits
2026-05-19 17:23:35,983 DEBUG websockets.client | > User-Agent: Python/3.13 websockets/15.0.1
2026-05-19 17:23:36,017 DEBUG websockets.client | < HTTP/1.1 401 Unauthorized
2026-05-19 17:23:36,017 DEBUG websockets.client | < Date: Tue, 19 May 2026 14:24:24 GMT
2026-05-19 17:23:36,018 DEBUG websockets.client | < Content-Type: application/json;charset=UTF-8
2026-05-19 17:23:36,018 DEBUG websockets.client | < Content-Length: 99
2026-05-19 17:23:36,018 DEBUG websockets.client | < Connection: keep-alive
2026-05-19 17:23:36,018 DEBUG websockets.client | < Access-Control-Allow-Origin: *
2026-05-19 17:23:36,018 DEBUG websockets.client | < Access-Control-Allow-Methods: GET,HEAD,PUT,PATCH,POST,DELETE,OPTIONS,TRACE,CONNECT
2026-05-19 17:23:36,018 DEBUG websockets.client | < Access-Control-Max-Age: 3600
2026-05-19 17:23:36,018 DEBUG websockets.client | < sb-gateway-version: 1
2026-05-19 17:23:36,018 DEBUG websockets.client | < sb-project-ref: gsdrcyrduxbrxgsvhxvr
2026-05-19 17:23:36,018 DEBUG websockets.client | < sb-request-id: 019e409f-a2f5-7e53-8542-c9f37bc5da52
2026-05-19 17:23:36,018 DEBUG websockets.client | < Set-Cookie: __cf_bm=h.sWX9w0DV0dsuwGzdW4n3FSxrIvuypQIq57z7UPv9Q-1779200664-1.0.1.1-MmALSAPbUnLkuv1QiLLqZpFwiTkkP4x3XdyRsbyr2ySDpg5LinlAkwdBsyOmDFdDlgSvYI3oN3EX.Dg0NLVwTBnQc1ZapRyiqqJL2xIIvOU; path=/; expires=Tue, 19-May-26 14:54:24 GMT; domain=.supabase.co; HttpOnly; Secure; SameSite=None
2026-05-19 17:23:36,018 DEBUG websockets.client | < Strict-Transport-Security: max-age=31536000; includeSubDomains; preload
2026-05-19 17:23:36,018 DEBUG websockets.client | < Server: cloudflare
2026-05-19 17:23:36,018 DEBUG websockets.client | < CF-RAY: 9fe3c3d7dc6a2187-TLV
2026-05-19 17:23:36,018 DEBUG websockets.client | < alt-svc: h3=":443"; ma=86400
2026-05-19 17:23:36,018 DEBUG websockets.client | < [body] (99 bytes)
2026-05-19 17:23:36,018 DEBUG websockets.client | > EOF
2026-05-19 17:23:36,019 DEBUG websockets.client | x closing TCP connection
2026-05-19 17:23:36,019 ERROR realtime._async.client | Connection attempt failed: server rejected WebSocket connection: HTTP 401
2026-05-19 17:23:36,019 DEBUG realtime._async.client | Retry 3/5: Next attempt in 4.00s (backoff=1.0s)
2026-05-19 17:23:36,019 DEBUG websockets.client | < EOF
2026-05-19 17:23:36,019 DEBUG websockets.client | = connection is CLOSED
2026-05-19 17:23:40,039 DEBUG websockets.client | = connection is CONNECTING
2026-05-19 17:23:40,074 DEBUG websockets.client | > GET /realtime/v1/websocket?apikey=YOUR_KEY_HERE HTTP/1.1
2026-05-19 17:23:40,074 DEBUG websockets.client | > Host: gsdrcyrduxbrxgsvhxvr.supabase.co
2026-05-19 17:23:40,074 DEBUG websockets.client | > Upgrade: websocket
2026-05-19 17:23:40,074 DEBUG websockets.client | > Connection: Upgrade
2026-05-19 17:23:40,074 DEBUG websockets.client | > Sec-WebSocket-Key: lEdcR3+02NC5Oq3RsBdKUg==
2026-05-19 17:23:40,074 DEBUG websockets.client | > Sec-WebSocket-Version: 13
2026-05-19 17:23:40,074 DEBUG websockets.client | > Sec-WebSocket-Extensions: permessage-deflate; client_max_window_bits
2026-05-19 17:23:40,074 DEBUG websockets.client | > User-Agent: Python/3.13 websockets/15.0.1
2026-05-19 17:23:40,110 DEBUG websockets.client | < HTTP/1.1 401 Unauthorized
2026-05-19 17:23:40,110 DEBUG websockets.client | < Date: Tue, 19 May 2026 14:24:28 GMT
2026-05-19 17:23:40,110 DEBUG websockets.client | < Content-Type: application/json;charset=UTF-8
2026-05-19 17:23:40,110 DEBUG websockets.client | < Content-Length: 99
2026-05-19 17:23:40,110 DEBUG websockets.client | < Connection: keep-alive
2026-05-19 17:23:40,110 DEBUG websockets.client | < Access-Control-Allow-Origin: *
2026-05-19 17:23:40,110 DEBUG websockets.client | < Access-Control-Allow-Methods: GET,HEAD,PUT,PATCH,POST,DELETE,OPTIONS,TRACE,CONNECT
2026-05-19 17:23:40,111 DEBUG websockets.client | < Access-Control-Max-Age: 3600
2026-05-19 17:23:40,111 DEBUG websockets.client | < sb-gateway-version: 1
2026-05-19 17:23:40,111 DEBUG websockets.client | < sb-project-ref: gsdrcyrduxbrxgsvhxvr
2026-05-19 17:23:40,111 DEBUG websockets.client | < sb-request-id: 019e409f-b2f2-7c23-a2a2-7453311292f7
2026-05-19 17:23:40,111 DEBUG websockets.client | < Set-Cookie: __cf_bm=phvrQ5GjihASalxGaj_LWI2MGJRvzQIQNX..dhutwac-1779200668-1.0.1.1-RP8_OmdjPL5BhpcUd8RNWMnRYYSFLWEF5nEajX0Ye2eO9yyndTIKMpMLzQcg4gzbLAvpyG6FzD9kivwpORtz29sCxVd4TU5E4.Gw0KiGInI; path=/; expires=Tue, 19-May-26 14:54:28 GMT; domain=.supabase.co; HttpOnly; Secure; SameSite=None
2026-05-19 17:23:40,111 DEBUG websockets.client | < Strict-Transport-Security: max-age=31536000; includeSubDomains; preload
2026-05-19 17:23:40,111 DEBUG websockets.client | < Server: cloudflare
2026-05-19 17:23:40,111 DEBUG websockets.client | < CF-RAY: 9fe3c3f16d8c0dd4-TLV
2026-05-19 17:23:40,111 DEBUG websockets.client | < alt-svc: h3=":443"; ma=86400
2026-05-19 17:23:40,111 DEBUG websockets.client | < [body] (99 bytes)
2026-05-19 17:23:40,112 DEBUG websockets.client | > EOF
2026-05-19 17:23:40,112 DEBUG websockets.client | x closing TCP connection
2026-05-19 17:23:40,112 ERROR realtime._async.client | Connection attempt failed: server rejected WebSocket connection: HTTP 401
2026-05-19 17:23:40,112 DEBUG realtime._async.client | Retry 4/5: Next attempt in 8.00s (backoff=1.0s)
2026-05-19 17:23:40,113 DEBUG websockets.client | < EOF
2026-05-19 17:23:40,113 DEBUG websockets.client | = connection is CLOSED
2026-05-19 17:23:48,132 DEBUG websockets.client | = connection is CONNECTING
2026-05-19 17:23:48,167 DEBUG websockets.client | > GET /realtime/v1/websocket?apikey=YOUR_KEY_HERE HTTP/1.1
2026-05-19 17:23:48,167 DEBUG websockets.client | > Host: gsdrcyrduxbrxgsvhxvr.supabase.co
2026-05-19 17:23:48,167 DEBUG websockets.client | > Upgrade: websocket
2026-05-19 17:23:48,167 DEBUG websockets.client | > Connection: Upgrade
2026-05-19 17:23:48,167 DEBUG websockets.client | > Sec-WebSocket-Key: x0g6EvAecSgy2RXYlhHydg==
2026-05-19 17:23:48,168 DEBUG websockets.client | > Sec-WebSocket-Version: 13
2026-05-19 17:23:48,168 DEBUG websockets.client | > Sec-WebSocket-Extensions: permessage-deflate; client_max_window_bits
2026-05-19 17:23:48,168 DEBUG websockets.client | > User-Agent: Python/3.13 websockets/15.0.1
2026-05-19 17:23:48,211 DEBUG websockets.client | < HTTP/1.1 401 Unauthorized
2026-05-19 17:23:48,212 DEBUG websockets.client | < Date: Tue, 19 May 2026 14:24:36 GMT
2026-05-19 17:23:48,212 DEBUG websockets.client | < Content-Type: application/json;charset=UTF-8
2026-05-19 17:23:48,212 DEBUG websockets.client | < Content-Length: 99
2026-05-19 17:23:48,212 DEBUG websockets.client | < Connection: keep-alive
2026-05-19 17:23:48,212 DEBUG websockets.client | < Access-Control-Allow-Origin: *
2026-05-19 17:23:48,212 DEBUG websockets.client | < Access-Control-Allow-Methods: GET,HEAD,PUT,PATCH,POST,DELETE,OPTIONS,TRACE,CONNECT
2026-05-19 17:23:48,212 DEBUG websockets.client | < Access-Control-Max-Age: 3600
2026-05-19 17:23:48,212 DEBUG websockets.client | < sb-gateway-version: 1
2026-05-19 17:23:48,212 DEBUG websockets.client | < sb-project-ref: gsdrcyrduxbrxgsvhxvr
2026-05-19 17:23:48,212 DEBUG websockets.client | < sb-request-id: 019e409f-d28c-75ae-b4fd-2f9887bfcd03
2026-05-19 17:23:48,213 DEBUG websockets.client | < Set-Cookie: __cf_bm=Em9.FraMeIAZ7SM6TrFJrnv80Ir7tgcB1P823oEHowI-1779200676-1.0.1.1-g3ZoDzCR9wYzFI_eF5e_Td5wf7IrYOxEwjVyC6hfNXH2hf3JDl9RqpI.UZcAT4gl9UIgUZLaOz4keFLMaPMVfwo9Orika14Pc1oi9oog4lU; path=/; expires=Tue, 19-May-26 14:54:36 GMT; domain=.supabase.co; HttpOnly; Secure; SameSite=None
2026-05-19 17:23:48,213 DEBUG websockets.client | < Strict-Transport-Security: max-age=31536000; includeSubDomains; preload
2026-05-19 17:23:48,213 DEBUG websockets.client | < Server: cloudflare
2026-05-19 17:23:48,213 DEBUG websockets.client | < CF-RAY: 9fe3c4240eee659f-TLV
2026-05-19 17:23:48,213 DEBUG websockets.client | < alt-svc: h3=":443"; ma=86400
2026-05-19 17:23:48,213 DEBUG websockets.client | < [body] (99 bytes)
2026-05-19 17:23:48,213 DEBUG websockets.client | > EOF
2026-05-19 17:23:48,213 DEBUG websockets.client | x closing TCP connection
2026-05-19 17:23:48,214 ERROR realtime._async.client | Connection attempt failed: server rejected WebSocket connection: HTTP 401
2026-05-19 17:23:48,214 ERROR realtime._async.client | Connection failed permanently after 5 attempts. Error: server rejected WebSocket connection: HTTP 401
2026-05-19 17:23:48,214 ERROR realtime_watcher.listener | Realtime subscription loop error (server rejected WebSocket connection: HTTP 401). Reconnecting in 3.0s...
Traceback (most recent call last):
  File "/Users/jeremyjacob/Documents/Coding Projects/Kartiseret/NewScraping-August2025/backend/config/realtime/realtime_watcher.py", line 155, in _subscribe_forever
    await client.realtime.connect()
  File "/Users/jeremyjacob/Documents/Coding Projects/Kartiseret/NewScraping-August2025/.venv/lib/python3.13/site-packages/realtime/_async/client.py", line 170, in connect
    ws = await connect(self.url)
         ^^^^^^^^^^^^^^^^^^^^^^^
  File "/Users/jeremyjacob/Documents/Coding Projects/Kartiseret/NewScraping-August2025/.venv/lib/python3.13/site-packages/websockets/asyncio/client.py", line 543, in __await_impl__
    await self.connection.handshake(
    ...<2 lines>...
    )
  File "/Users/jeremyjacob/Documents/Coding Projects/Kartiseret/NewScraping-August2025/.venv/lib/python3.13/site-packages/websockets/asyncio/client.py", line 114, in handshake
    raise self.protocol.handshake_exc
  File "/Users/jeremyjacob/Documents/Coding Projects/Kartiseret/NewScraping-August2025/.venv/lib/python3.13/site-packages/websockets/client.py", line 325, in parse
    self.process_response(response)
    ~~~~~~~~~~~~~~~~~~~~~^^^^^^^^^^
  File "/Users/jeremyjacob/Documents/Coding Projects/Kartiseret/NewScraping-August2025/.venv/lib/python3.13/site-packages/websockets/client.py", line 142, in process_response
    raise InvalidStatus(response)
websockets.exceptions.InvalidStatus: server rejected WebSocket connection: HTTP 401
2026-05-19 17:23:48,216 DEBUG websockets.client | < EOF
2026-05-19 17:23:48,216 DEBUG websockets.client | = connection is CLOSED
2026-05-19 17:23:51,216 DEBUG realtime._async.client | send: {"event":"phx_leave","payload":{},"topic":"realtime:realtime-watcher-1779200612","ref":"1","join_ref":null}
2026-05-19 17:23:51,229 DEBUG realtime._async.client | Attempting to connect to WebSocket at wss://gsdrcyrduxbrxgsvhxvr.supabase.co/realtime/v1/websocket?apikey=YOUR_KEY_HERE
2026-05-19 17:23:51,244 DEBUG websockets.client | = connection is CONNECTING
2026-05-19 17:23:51,279 DEBUG websockets.client | > GET /realtime/v1/websocket?apikey=YOUR_KEY_HERE HTTP/1.1
2026-05-19 17:23:51,279 DEBUG websockets.client | > Host: gsdrcyrduxbrxgsvhxvr.supabase.co
2026-05-19 17:23:51,279 DEBUG websockets.client | > Upgrade: websocket
2026-05-19 17:23:51,279 DEBUG websockets.client | > Connection: Upgrade
2026-05-19 17:23:51,279 DEBUG websockets.client | > Sec-WebSocket-Key: GzlCqbeTJAPKFTuvEY7ZJg==
2026-05-19 17:23:51,279 DEBUG websockets.client | > Sec-WebSocket-Version: 13
2026-05-19 17:23:51,279 DEBUG websockets.client | > Sec-WebSocket-Extensions: permessage-deflate; client_max_window_bits
2026-05-19 17:23:51,279 DEBUG websockets.client | > User-Agent: Python/3.13 websockets/15.0.1
2026-05-19 17:23:51,338 DEBUG websockets.client | < HTTP/1.1 401 Unauthorized
2026-05-19 17:23:51,338 DEBUG websockets.client | < Date: Tue, 19 May 2026 14:24:39 GMT
2026-05-19 17:23:51,338 DEBUG websockets.client | < Content-Type: application/json;charset=UTF-8
2026-05-19 17:23:51,338 DEBUG websockets.client | < Content-Length: 99
2026-05-19 17:23:51,339 DEBUG websockets.client | < Connection: keep-alive
2026-05-19 17:23:51,339 DEBUG websockets.client | < Access-Control-Allow-Origin: *
2026-05-19 17:23:51,339 DEBUG websockets.client | < Access-Control-Allow-Methods: GET,HEAD,PUT,PATCH,POST,DELETE,OPTIONS,TRACE,CONNECT
2026-05-19 17:23:51,339 DEBUG websockets.client | < Access-Control-Max-Age: 3600
2026-05-19 17:23:51,339 DEBUG websockets.client | < sb-gateway-version: 1
2026-05-19 17:23:51,339 DEBUG websockets.client | < sb-project-ref: gsdrcyrduxbrxgsvhxvr
2026-05-19 17:23:51,339 DEBUG websockets.client | < sb-request-id: 019e409f-debc-75be-b781-4b5a839db451
2026-05-19 17:23:51,339 DEBUG websockets.client | < Set-Cookie: __cf_bm=R22e80N4dhPSjxCzgq7PRi3YLHChPktTefkFE63Eu7Q-1779200679-1.0.1.1-rzs6o90Z.cZZM6uFteHt23YvNv9rF1zgHgJ9MUx6X3h8Y7wGrkJdYwFaQLRxs8UcuefLWMZRlAXraA9gTpjvrzeFNgNML4_bxhnAWarn_l8; path=/; expires=Tue, 19-May-26 14:54:39 GMT; domain=.supabase.co; HttpOnly; Secure; SameSite=None
2026-05-19 17:23:51,339 DEBUG websockets.client | < Strict-Transport-Security: max-age=31536000; includeSubDomains; preload
2026-05-19 17:23:51,339 DEBUG websockets.client | < Server: cloudflare
2026-05-19 17:23:51,339 DEBUG websockets.client | < CF-RAY: 9fe3c4377f662212-TLV
2026-05-19 17:23:51,339 DEBUG websockets.client | < alt-svc: h3=":443"; ma=86400
2026-05-19 17:23:51,340 DEBUG websockets.client | < [body] (99 bytes)
2026-05-19 17:23:51,340 DEBUG websockets.client | > EOF
2026-05-19 17:23:51,340 DEBUG websockets.client | x closing TCP connection
2026-05-19 17:23:51,340 ERROR realtime._async.client | Connection attempt failed: server rejected WebSocket connection: HTTP 401
2026-05-19 17:23:51,340 DEBUG realtime._async.client | Retry 1/5: Next attempt in 1.00s (backoff=1.0s)
2026-05-19 17:23:51,341 DEBUG websockets.client | < EOF
2026-05-19 17:23:51,341 DEBUG websockets.client | = connection is CLOSED
2026-05-19 17:23:52,357 DEBUG websockets.client | = connection is CONNECTING
2026-05-19 17:23:52,391 DEBUG websockets.client | > GET /realtime/v1/websocket?apikey=YOUR_KEY_HERE HTTP/1.1
2026-05-19 17:23:52,391 DEBUG websockets.client | > Host: gsdrcyrduxbrxgsvhxvr.supabase.co
2026-05-19 17:23:52,391 DEBUG websockets.client | > Upgrade: websocket
2026-05-19 17:23:52,391 DEBUG websockets.client | > Connection: Upgrade
2026-05-19 17:23:52,391 DEBUG websockets.client | > Sec-WebSocket-Key: 1oMXhz2GZ6c4lRgrQ6F5fw==
2026-05-19 17:23:52,391 DEBUG websockets.client | > Sec-WebSocket-Version: 13
2026-05-19 17:23:52,391 DEBUG websockets.client | > Sec-WebSocket-Extensions: permessage-deflate; client_max_window_bits
2026-05-19 17:23:52,391 DEBUG websockets.client | > User-Agent: Python/3.13 websockets/15.0.1
2026-05-19 17:23:52,433 DEBUG websockets.client | < HTTP/1.1 401 Unauthorized
2026-05-19 17:23:52,433 DEBUG websockets.client | < Date: Tue, 19 May 2026 14:24:40 GMT
2026-05-19 17:23:52,434 DEBUG websockets.client | < Content-Type: application/json;charset=UTF-8
2026-05-19 17:23:52,434 DEBUG websockets.client | < Content-Length: 99
2026-05-19 17:23:52,434 DEBUG websockets.client | < Connection: keep-alive
2026-05-19 17:23:52,434 DEBUG websockets.client | < Access-Control-Allow-Origin: *
2026-05-19 17:23:52,434 DEBUG websockets.client | < Access-Control-Allow-Methods: GET,HEAD,PUT,PATCH,POST,DELETE,OPTIONS,TRACE,CONNECT
2026-05-19 17:23:52,434 DEBUG websockets.client | < Access-Control-Max-Age: 3600
2026-05-19 17:23:52,434 DEBUG websockets.client | < sb-gateway-version: 1
2026-05-19 17:23:52,434 DEBUG websockets.client | < sb-project-ref: gsdrcyrduxbrxgsvhxvr
2026-05-19 17:23:52,434 DEBUG websockets.client | < sb-request-id: 019e409f-e312-74b2-a72c-607ac5b7ae96
2026-05-19 17:23:52,434 DEBUG websockets.client | < Set-Cookie: __cf_bm=M3bO_ORUSeuf4DgP8X3rzPhn_hJax48JYjUYtaPclIM-1779200680-1.0.1.1-OMOuRgFFy9gwsgD.qH_bCcRwdXwEaXFGLdzE7qnIVDUc6Yt4QxSlRulVhPEhQWOBHsZ4xeUUAAlwU4ArMvsNR.TeBI0jmoQ37jswuHhrByg; path=/; expires=Tue, 19-May-26 14:54:40 GMT; domain=.supabase.co; HttpOnly; Secure; SameSite=None
2026-05-19 17:23:52,434 DEBUG websockets.client | < Strict-Transport-Security: max-age=31536000; includeSubDomains; preload
2026-05-19 17:23:52,435 DEBUG websockets.client | < Server: cloudflare
2026-05-19 17:23:52,435 DEBUG websockets.client | < CF-RAY: 9fe3c43e6e408e44-TLV
2026-05-19 17:23:52,435 DEBUG websockets.client | < alt-svc: h3=":443"; ma=86400
2026-05-19 17:23:52,435 DEBUG websockets.client | < [body] (99 bytes)
2026-05-19 17:23:52,435 DEBUG websockets.client | > EOF
2026-05-19 17:23:52,435 DEBUG websockets.client | x closing TCP connection
2026-05-19 17:23:52,436 ERROR realtime._async.client | Connection attempt failed: server rejected WebSocket connection: HTTP 401
2026-05-19 17:23:52,436 DEBUG realtime._async.client | Retry 2/5: Next attempt in 2.00s (backoff=1.0s)
2026-05-19 17:23:52,436 DEBUG websockets.client | < EOF
2026-05-19 17:23:52,436 DEBUG websockets.client | = connection is CLOSED
2026-05-19 17:23:54,453 DEBUG websockets.client | = connection is CONNECTING
2026-05-19 17:23:54,487 DEBUG websockets.client | > GET /realtime/v1/websocket?apikey=YOUR_KEY_HERE HTTP/1.1
2026-05-19 17:23:54,487 DEBUG websockets.client | > Host: gsdrcyrduxbrxgsvhxvr.supabase.co
2026-05-19 17:23:54,487 DEBUG websockets.client | > Upgrade: websocket
2026-05-19 17:23:54,487 DEBUG websockets.client | > Connection: Upgrade
2026-05-19 17:23:54,487 DEBUG websockets.client | > Sec-WebSocket-Key: vJSYEZNkNnwmRHEQDuOoIA==
2026-05-19 17:23:54,487 DEBUG websockets.client | > Sec-WebSocket-Version: 13
2026-05-19 17:23:54,487 DEBUG websockets.client | > Sec-WebSocket-Extensions: permessage-deflate; client_max_window_bits
2026-05-19 17:23:54,487 DEBUG websockets.client | > User-Agent: Python/3.13 websockets/15.0.1
2026-05-19 17:23:54,516 DEBUG websockets.client | < HTTP/1.1 401 Unauthorized
2026-05-19 17:23:54,516 DEBUG websockets.client | < Date: Tue, 19 May 2026 14:24:42 GMT
2026-05-19 17:23:54,516 DEBUG websockets.client | < Content-Type: application/json;charset=UTF-8
2026-05-19 17:23:54,517 DEBUG websockets.client | < Content-Length: 99
2026-05-19 17:23:54,517 DEBUG websockets.client | < Connection: keep-alive
2026-05-19 17:23:54,517 DEBUG websockets.client | < Access-Control-Allow-Origin: *
2026-05-19 17:23:54,517 DEBUG websockets.client | < Access-Control-Allow-Methods: GET,HEAD,PUT,PATCH,POST,DELETE,OPTIONS,TRACE,CONNECT
2026-05-19 17:23:54,517 DEBUG websockets.client | < Access-Control-Max-Age: 3600
2026-05-19 17:23:54,517 DEBUG websockets.client | < sb-gateway-version: 1
2026-05-19 17:23:54,517 DEBUG websockets.client | < sb-project-ref: gsdrcyrduxbrxgsvhxvr
2026-05-19 17:23:54,517 DEBUG websockets.client | < sb-request-id: 019e409f-eb3c-7c23-987b-b7b916265762
2026-05-19 17:23:54,517 DEBUG websockets.client | < Set-Cookie: __cf_bm=fFd1xy_ANLZjEhPIfqb6uL9uMBUU3Ayt1qah9hS0PX8-1779200682-1.0.1.1-gXxYkBnxOFsO7LLyZXMRLMB5zybK3yw7OgK6QO9SSrQublWjeOjnKbeWBE6lIbfVx7VOMmnM0S51AieE0mwtwtyoxBNYXE4nMTsaL8sX9d8; path=/; expires=Tue, 19-May-26 14:54:42 GMT; domain=.supabase.co; HttpOnly; Secure; SameSite=None
2026-05-19 17:23:54,517 DEBUG websockets.client | < Strict-Transport-Security: max-age=31536000; includeSubDomains; preload
2026-05-19 17:23:54,517 DEBUG websockets.client | < Server: cloudflare
2026-05-19 17:23:54,517 DEBUG websockets.client | < CF-RAY: 9fe3c44b8f213d7c-TLV
2026-05-19 17:23:54,517 DEBUG websockets.client | < alt-svc: h3=":443"; ma=86400
2026-05-19 17:23:54,517 DEBUG websockets.client | < [body] (99 bytes)
2026-05-19 17:23:54,517 DEBUG websockets.client | > EOF
2026-05-19 17:23:54,517 DEBUG websockets.client | x closing TCP connection
2026-05-19 17:23:54,518 ERROR realtime._async.client | Connection attempt failed: server rejected WebSocket connection: HTTP 401
2026-05-19 17:23:54,518 DEBUG realtime._async.client | Retry 3/5: Next attempt in 4.00s (backoff=1.0s)
2026-05-19 17:23:54,518 DEBUG websockets.client | < EOF
2026-05-19 17:23:54,518 DEBUG websockets.client | = connection is CLOSED
2026-05-19 17:23:58,537 DEBUG websockets.client | = connection is CONNECTING
2026-05-19 17:23:58,573 DEBUG websockets.client | > GET /realtime/v1/websocket?apikey=YOUR_KEY_HERE HTTP/1.1
2026-05-19 17:23:58,574 DEBUG websockets.client | > Host: gsdrcyrduxbrxgsvhxvr.supabase.co
2026-05-19 17:23:58,574 DEBUG websockets.client | > Upgrade: websocket
2026-05-19 17:23:58,574 DEBUG websockets.client | > Connection: Upgrade
2026-05-19 17:23:58,574 DEBUG websockets.client | > Sec-WebSocket-Key: dsErAh7+Ph+XVgDD63Kazg==
2026-05-19 17:23:58,574 DEBUG websockets.client | > Sec-WebSocket-Version: 13
2026-05-19 17:23:58,574 DEBUG websockets.client | > Sec-WebSocket-Extensions: permessage-deflate; client_max_window_bits
2026-05-19 17:23:58,574 DEBUG websockets.client | > User-Agent: Python/3.13 websockets/15.0.1
2026-05-19 17:23:58,609 DEBUG websockets.client | < HTTP/1.1 401 Unauthorized
2026-05-19 17:23:58,609 DEBUG websockets.client | < Date: Tue, 19 May 2026 14:24:46 GMT
2026-05-19 17:23:58,609 DEBUG websockets.client | < Content-Type: application/json;charset=UTF-8
2026-05-19 17:23:58,609 DEBUG websockets.client | < Content-Length: 99
2026-05-19 17:23:58,609 DEBUG websockets.client | < Connection: keep-alive
2026-05-19 17:23:58,609 DEBUG websockets.client | < Access-Control-Allow-Origin: *
2026-05-19 17:23:58,609 DEBUG websockets.client | < Access-Control-Allow-Methods: GET,HEAD,PUT,PATCH,POST,DELETE,OPTIONS,TRACE,CONNECT
2026-05-19 17:23:58,609 DEBUG websockets.client | < Access-Control-Max-Age: 3600
2026-05-19 17:23:58,609 DEBUG websockets.client | < sb-gateway-version: 1
2026-05-19 17:23:58,610 DEBUG websockets.client | < sb-project-ref: gsdrcyrduxbrxgsvhxvr
2026-05-19 17:23:58,610 DEBUG websockets.client | < sb-request-id: 019e409f-fb32-7ca4-bd80-5741dbe84693
2026-05-19 17:23:58,610 DEBUG websockets.client | < Set-Cookie: __cf_bm=qbGUKaXmBlvQK9mQ2Kg2rqzdfPjcj.tj2Znkf4MMIis-1779200686-1.0.1.1-jUx6wsNFNbrxZizx1Ef.n8FE_KlBalPbndARMe.i8S.ELYJBOWCYKr52VMvxZS4jIvMG_9dlT_4vVV_slX444WbKVvKszqf2Tvcwx1vphT0; path=/; expires=Tue, 19-May-26 14:54:46 GMT; domain=.supabase.co; HttpOnly; Secure; SameSite=None
2026-05-19 17:23:58,610 DEBUG websockets.client | < Strict-Transport-Security: max-age=31536000; includeSubDomains; preload
2026-05-19 17:23:58,610 DEBUG websockets.client | < Server: cloudflare
2026-05-19 17:23:58,610 DEBUG websockets.client | < CF-RAY: 9fe3c4650da843de-TLV
2026-05-19 17:23:58,610 DEBUG websockets.client | < alt-svc: h3=":443"; ma=86400
2026-05-19 17:23:58,610 DEBUG websockets.client | < [body] (99 bytes)
2026-05-19 17:23:58,610 DEBUG websockets.client | > EOF
2026-05-19 17:23:58,610 DEBUG websockets.client | x closing TCP connection
2026-05-19 17:23:58,611 ERROR realtime._async.client | Connection attempt failed: server rejected WebSocket connection: HTTP 401
2026-05-19 17:23:58,611 DEBUG realtime._async.client | Retry 4/5: Next attempt in 8.00s (backoff=1.0s)
2026-05-19 17:23:58,611 DEBUG websockets.client | < EOF
2026-05-19 17:23:58,611 DEBUG websockets.client | = connection is CLOSED
2026-05-19 17:24:06,630 DEBUG websockets.client | = connection is CONNECTING
2026-05-19 17:24:06,666 DEBUG websockets.client | > GET /realtime/v1/websocket?apikey=YOUR_KEY_HERE HTTP/1.1
2026-05-19 17:24:06,666 DEBUG websockets.client | > Host: gsdrcyrduxbrxgsvhxvr.supabase.co
2026-05-19 17:24:06,667 DEBUG websockets.client | > Upgrade: websocket
2026-05-19 17:24:06,667 DEBUG websockets.client | > Connection: Upgrade
2026-05-19 17:24:06,667 DEBUG websockets.client | > Sec-WebSocket-Key: nXck0I4AqPfdxs2neVtyrg==
2026-05-19 17:24:06,667 DEBUG websockets.client | > Sec-WebSocket-Version: 13
2026-05-19 17:24:06,667 DEBUG websockets.client | > Sec-WebSocket-Extensions: permessage-deflate; client_max_window_bits
2026-05-19 17:24:06,667 DEBUG websockets.client | > User-Agent: Python/3.13 websockets/15.0.1
2026-05-19 17:24:06,707 DEBUG websockets.client | < HTTP/1.1 401 Unauthorized
2026-05-19 17:24:06,707 DEBUG websockets.client | < Date: Tue, 19 May 2026 14:24:55 GMT
2026-05-19 17:24:06,707 DEBUG websockets.client | < Content-Type: application/json;charset=UTF-8
2026-05-19 17:24:06,707 DEBUG websockets.client | < Content-Length: 99
2026-05-19 17:24:06,707 DEBUG websockets.client | < Connection: keep-alive
2026-05-19 17:24:06,707 DEBUG websockets.client | < Access-Control-Allow-Origin: *
2026-05-19 17:24:06,707 DEBUG websockets.client | < Access-Control-Allow-Methods: GET,HEAD,PUT,PATCH,POST,DELETE,OPTIONS,TRACE,CONNECT
2026-05-19 17:24:06,707 DEBUG websockets.client | < Access-Control-Max-Age: 3600
2026-05-19 17:24:06,707 DEBUG websockets.client | < sb-gateway-version: 1
2026-05-19 17:24:06,707 DEBUG websockets.client | < sb-project-ref: gsdrcyrduxbrxgsvhxvr
2026-05-19 17:24:06,708 DEBUG websockets.client | < sb-request-id: 019e40a0-1ad6-73eb-aa26-5107a0199bcb
2026-05-19 17:24:06,708 DEBUG websockets.client | < Set-Cookie: __cf_bm=W_CmVBBSNus6zcFsEW0a4UWTjkS0qj343Y1SzHvzCkU-1779200695-1.0.1.1-xnUhZfIwqkKg.c2uJMu_9qsP8Kk5rqEU6y3DS29.JsA26HI3QVYPC2dpX2_pfuyQwnmSqZxw2evPk4sp3G8MQy7tTAGcIcIUKWKSWQd00aY; path=/; expires=Tue, 19-May-26 14:54:55 GMT; domain=.supabase.co; HttpOnly; Secure; SameSite=None
2026-05-19 17:24:06,708 DEBUG websockets.client | < Strict-Transport-Security: max-age=31536000; includeSubDomains; preload
2026-05-19 17:24:06,708 DEBUG websockets.client | < Server: cloudflare
2026-05-19 17:24:06,708 DEBUG websockets.client | < CF-RAY: 9fe3c4979f7d8e44-TLV
2026-05-19 17:24:06,708 DEBUG websockets.client | < alt-svc: h3=":443"; ma=86400
2026-05-19 17:24:06,708 DEBUG websockets.client | < [body] (99 bytes)
2026-05-19 17:24:06,708 DEBUG websockets.client | > EOF
2026-05-19 17:24:06,708 DEBUG websockets.client | x closing TCP connection
2026-05-19 17:24:06,709 ERROR realtime._async.client | Connection attempt failed: server rejected WebSocket connection: HTTP 401
2026-05-19 17:24:06,709 ERROR realtime._async.client | Connection failed permanently after 5 attempts. Error: server rejected WebSocket connection: HTTP 401
2026-05-19 17:24:06,709 ERROR realtime_watcher.listener | Realtime subscription loop error (server rejected WebSocket connection: HTTP 401). Reconnecting in 3.0s...
Traceback (most recent call last):
  File "/Users/jeremyjacob/Documents/Coding Projects/Kartiseret/NewScraping-August2025/backend/config/realtime/realtime_watcher.py", line 155, in _subscribe_forever
    await client.realtime.connect()
  File "/Users/jeremyjacob/Documents/Coding Projects/Kartiseret/NewScraping-August2025/.venv/lib/python3.13/site-packages/realtime/_async/client.py", line 170, in connect
    ws = await connect(self.url)
         ^^^^^^^^^^^^^^^^^^^^^^^
  File "/Users/jeremyjacob/Documents/Coding Projects/Kartiseret/NewScraping-August2025/.venv/lib/python3.13/site-packages/websockets/asyncio/client.py", line 543, in __await_impl__
    await self.connection.handshake(
    ...<2 lines>...
    )
  File "/Users/jeremyjacob/Documents/Coding Projects/Kartiseret/NewScraping-August2025/.venv/lib/python3.13/site-packages/websockets/asyncio/client.py", line 114, in handshake
    raise self.protocol.handshake_exc
  File "/Users/jeremyjacob/Documents/Coding Projects/Kartiseret/NewScraping-August2025/.venv/lib/python3.13/site-packages/websockets/client.py", line 325, in parse
    self.process_response(response)
    ~~~~~~~~~~~~~~~~~~~~~^^^^^^^^^^
  File "/Users/jeremyjacob/Documents/Coding Projects/Kartiseret/NewScraping-August2025/.venv/lib/python3.13/site-packages/websockets/client.py", line 142, in process_response
    raise InvalidStatus(response)
websockets.exceptions.InvalidStatus: server rejected WebSocket connection: HTTP 401
2026-05-19 17:24:06,711 DEBUG websockets.client | < EOF
2026-05-19 17:24:06,711 DEBUG websockets.client | = connection is CLOSED
2026-05-19 17:24:09,712 DEBUG realtime._async.client | send: {"event":"phx_leave","payload":{},"topic":"realtime:realtime-watcher-1779200631","ref":"1","join_ref":null}
2026-05-19 17:24:09,727 DEBUG realtime._async.client | Attempting to connect to WebSocket at wss://gsdrcyrduxbrxgsvhxvr.supabase.co/realtime/v1/websocket?apikey=YOUR_KEY_HERE
2026-05-19 17:24:09,742 DEBUG websockets.client | = connection is CONNECTING
2026-05-19 17:24:09,779 DEBUG websockets.client | > GET /realtime/v1/websocket?apikey=YOUR_KEY_HERE HTTP/1.1
2026-05-19 17:24:09,779 DEBUG websockets.client | > Host: gsdrcyrduxbrxgsvhxvr.supabase.co
2026-05-19 17:24:09,779 DEBUG websockets.client | > Upgrade: websocket
2026-05-19 17:24:09,779 DEBUG websockets.client | > Connection: Upgrade
2026-05-19 17:24:09,779 DEBUG websockets.client | > Sec-WebSocket-Key: DV13i29qKN+Wo7IMGP/rHA==
2026-05-19 17:24:09,779 DEBUG websockets.client | > Sec-WebSocket-Version: 13
2026-05-19 17:24:09,779 DEBUG websockets.client | > Sec-WebSocket-Extensions: permessage-deflate; client_max_window_bits
2026-05-19 17:24:09,779 DEBUG websockets.client | > User-Agent: Python/3.13 websockets/15.0.1
2026-05-19 17:24:09,819 DEBUG websockets.client | < HTTP/1.1 401 Unauthorized
2026-05-19 17:24:09,819 DEBUG websockets.client | < Date: Tue, 19 May 2026 14:24:58 GMT
2026-05-19 17:24:09,819 DEBUG websockets.client | < Content-Type: application/json;charset=UTF-8
2026-05-19 17:24:09,819 DEBUG websockets.client | < Content-Length: 99
2026-05-19 17:24:09,819 DEBUG websockets.client | < Connection: keep-alive
2026-05-19 17:24:09,819 DEBUG websockets.client | < Access-Control-Allow-Origin: *
2026-05-19 17:24:09,820 DEBUG websockets.client | < Access-Control-Allow-Methods: GET,HEAD,PUT,PATCH,POST,DELETE,OPTIONS,TRACE,CONNECT
2026-05-19 17:24:09,820 DEBUG websockets.client | < Access-Control-Max-Age: 3600
2026-05-19 17:24:09,820 DEBUG websockets.client | < sb-gateway-version: 1
2026-05-19 17:24:09,820 DEBUG websockets.client | < sb-project-ref: gsdrcyrduxbrxgsvhxvr
2026-05-19 17:24:09,820 DEBUG websockets.client | < sb-request-id: 019e40a0-26fb-7317-9d89-a18f3c0de691
2026-05-19 17:24:09,820 DEBUG websockets.client | < Set-Cookie: __cf_bm=85AZTp6eOFaRYFkmZQLaMP0r0eMBavu3l.dTtQdIG4I-1779200698-1.0.1.1-bjUBUALdgk4OlUegZA8_vyw8mHGbKJrlIEEhkl606YW4rrXKeMP1LsaCL1ihugK7REh6HwD0mkvuNTEtfX7wVyOhbcMDg1G_AwjRQhfAKa8; path=/; expires=Tue, 19-May-26 14:54:58 GMT; domain=.supabase.co; HttpOnly; Secure; SameSite=None
2026-05-19 17:24:09,820 DEBUG websockets.client | < Strict-Transport-Security: max-age=31536000; includeSubDomains; preload
2026-05-19 17:24:09,820 DEBUG websockets.client | < Server: cloudflare
2026-05-19 17:24:09,820 DEBUG websockets.client | < CF-RAY: 9fe3c4ab19d98e48-TLV
2026-05-19 17:24:09,820 DEBUG websockets.client | < alt-svc: h3=":443"; ma=86400
2026-05-19 17:24:09,820 DEBUG websockets.client | < [body] (99 bytes)
2026-05-19 17:24:09,820 DEBUG websockets.client | > EOF
2026-05-19 17:24:09,821 DEBUG websockets.client | x closing TCP connection
2026-05-19 17:24:09,821 ERROR realtime._async.client | Connection attempt failed: server rejected WebSocket connection: HTTP 401
2026-05-19 17:24:09,821 DEBUG realtime._async.client | Retry 1/5: Next attempt in 1.00s (backoff=1.0s)
2026-05-19 17:24:09,822 DEBUG websockets.client | < EOF
2026-05-19 17:24:09,822 DEBUG websockets.client | = connection is CLOSED
Stop signal received. Exiting watcher supervisor loop.
[2026-05-19T17:24:28+0300] Watcher exited with code 0
Watcher supervisor stopped.
