==== cron run start: 2026-06-10T04:00:00+0300 ====
From github.com:jeremyjacob101/Kartiseret
 * branch            main       -> FETCH_HEAD
Already on 'main'
M	backend/config/cron/cron_daily.log
Your branch is up to date with 'origin/main'.
HEAD is now at 4bec105 [W-RUN] weekly artifacts and log 2026-06-09_19-04-30

--------------------

CCsoon: 00m50s
YPsoon: 01m55s
LCsoon: 02m00s
MLsoon: 02m24s
HCsoon: 09m07s

--------------------


--------------------

LevCinema: 05m41s
RavHen: 09m08s
MovieLand: 13m19s
HotCinema: 19m12s
YesPlanet: 23m19s
CinemaCity: 45m42s

--------------------


--------------------

ComingSoonsClean: 00m05s
ComingSoonsTmdb: 00m23s
ComingSoonsUpdate: 00m06s

--------------------


--------------------

NowPlayingsClean: 01m05s
NowPlayingsTmdb: 07m04s
NowPlayingsUpdate: 03m42s

--------------------

==== cron run end: 2026-06-10T05:07:23+0300 ====
