==== cron run start: 2026-07-04T04:00:00+0300 ====
From github.com:jeremyjacob101/Kartiseret
 * branch            main       -> FETCH_HEAD
Already on 'main'
M	backend/config/cron/cron_daily.log
Your branch is up to date with 'origin/main'.
HEAD is now at 0e368bf [D-RUN] daily artifacts and log 2026-07-03_04-53-47

--------------------

CCsoon: 00m26s
LCsoon: 01m25s
YPsoon: 01m41s
MLsoon: 02m53s
HCsoon: 03m59s

--------------------


--------------------

LevCinema: 04m37s
RavHen: 09m03s
MovieLand: 12m59s
HotCinema: 22m49s
YesPlanet: 25m24s
CinemaCity: 34m49s

--------------------


--------------------

ComingSoonsClean: 00m04s
ComingSoonsTmdb: 00m13s
ComingSoonsUpdate: 00m07s

--------------------


--------------------

NowPlayingsClean: 01m33s
NowPlayingsTmdb: 05m00s
NowPlayingsUpdate: 02m38s

--------------------

==== cron run end: 2026-07-04T04:48:34+0300 ====
