==== cron run start: 2026-05-08T04:00:00+0300 ====
From github.com:jeremyjacob101/Kartiseret
 * branch            main       -> FETCH_HEAD
Already on 'main'
M	backend/config/cron/cron_daily.log
Your branch is up to date with 'origin/main'.
HEAD is now at 400dbb0 [D-RUN] daily artifacts and log 2026-05-07_04-52-07

--------------------

CCsoon: 00m51s
YPsoon: 01m58s
LCsoon: 02m03s
MLsoon: 02m08s
HCsoon: 02m44s

--------------------


--------------------

LevCinema: 03m53s
RavHen: 07m39s
MovieLand: 08m42s
HotCinema: 12m53s
YesPlanet: 16m37s
CinemaCity: 32m11s

--------------------


--------------------

ComingSoonsClean: 00m04s
ComingSoonsTmdb: 00m07s
ComingSoonsUpdate: 00m05s

--------------------


--------------------

NowPlayingsClean: 02m50s
NowPlayingsTmdb: 12m01s
NowPlayingsUpdate: 02m48s

--------------------

==== cron run end: 2026-05-08T04:53:00+0300 ====
