==== cron run start: 2026-04-23T04:00:00+0300 ====
From github.com:jeremyjacob101/Kartiseret
 * branch            main       -> FETCH_HEAD
Already on 'main'
M	backend/config/cron/cron_daily.log
Your branch is up to date with 'origin/main'.
HEAD is now at 0265637 [D-RUN] daily artifacts and log 2026-04-22_04-55-36

--------------------

CCsoon: 00m46s
LCsoon: 01m13s
YPsoon: 01m19s
MLsoon: 01m49s
HCsoon: 02m05s

--------------------


--------------------

LevCinema: 04m31s
RavHen: 07m27s
MovieLand: 09m03s
HotCinema: 12m37s
YesPlanet: 16m23s
CinemaCity: 22m58s

--------------------


--------------------

ComingSoonsClean: 00m04s
ComingSoonsTmdb: 00m03s
ComingSoonsUpdate: 00m05s

--------------------


--------------------

NowPlayingsClean: 01m36s
NowPlayingsTmdb: 10m30s
NowPlayingsUpdate: 02m41s

--------------------

==== cron run end: 2026-04-23T04:40:14+0300 ====
