==== cron run start: 2026-04-25T04:00:00+0300 ====
From github.com:jeremyjacob101/Kartiseret
 * branch            main       -> FETCH_HEAD
Already on 'main'
M	backend/config/cron/cron_daily.log
Your branch is up to date with 'origin/main'.
HEAD is now at 797918c [D-RUN] daily artifacts and log 2026-04-24_04-56-55

--------------------

CCsoon: 00m43s
LCsoon: 01m08s
YPsoon: 01m41s
MLsoon: 01m44s
HCsoon: 02m05s

--------------------


--------------------

LevCinema: 04m25s
RavHen: 07m01s
MovieLand: 07m22s
HotCinema: 11m58s
YesPlanet: 15m29s
CinemaCity: 27m32s

--------------------


--------------------

ComingSoonsClean: 00m04s
ComingSoonsTmdb: 00m03s
ComingSoonsUpdate: 00m05s

--------------------


--------------------

NowPlayingsClean: 05m12s
NowPlayingsTmdb: 10m59s
NowPlayingsUpdate: 02m34s

--------------------

==== cron run end: 2026-04-25T04:48:45+0300 ====
