==== cron run start: 2026-07-01T04:00:00+0300 ====
From github.com:jeremyjacob101/Kartiseret
 * branch            main       -> FETCH_HEAD
Already on 'main'
M	backend/config/cron/cron_daily.log
Your branch is up to date with 'origin/main'.
HEAD is now at 617ec33 [W-RUN] weekly artifacts and log 2026-06-30_19-31-05

--------------------

CCsoon: 00m34s
LCsoon: 01m50s
YPsoon: 02m03s
MLsoon: 02m29s
HCsoon: 04m25s

--------------------


--------------------

LevCinema: 07m51s
RavHen: 11m01s
MovieLand: 15m38s
HotCinema: 24m12s
YesPlanet: 29m41s
CinemaCity: 56m46s

--------------------


--------------------

ComingSoonsClean: 00m04s
ComingSoonsTmdb: 00m16s
ComingSoonsUpdate: 00m07s

--------------------


--------------------

NowPlayingsClean: 01m27s
NowPlayingsTmdb: 05m37s
NowPlayingsUpdate: 03m17s

--------------------

==== cron run end: 2026-07-01T05:12:10+0300 ====
