==== cron run start: 2026-05-02T04:00:00+0300 ====
From github.com:jeremyjacob101/Kartiseret
 * branch            main       -> FETCH_HEAD
   64bc270..4e47227  main       -> origin/main
Already on 'main'
M	backend/config/cron/cron_daily.log
Your branch is behind 'origin/main' by 3 commits, and can be fast-forwarded.
  (use "git pull" to update your local branch)
HEAD is now at 4e47227 [-] clean older than one month folder artifacts

--------------------

CCsoon: 00m50s
LCsoon: 01m21s
YPsoon: 01m30s
MLsoon: 02m00s
HCsoon: 02m43s

--------------------


--------------------

LevCinema: 03m54s
RavHen: 06m47s
MovieLand: 06m58s
HotCinema: 11m00s
YesPlanet: 14m33s
CinemaCity: 27m11s

--------------------


--------------------

ComingSoonsClean: 00m04s
ComingSoonsTmdb: 00m03s
ComingSoonsUpdate: 00m06s

--------------------


--------------------

NowPlayingsClean: 02m34s
NowPlayingsTmdb: 06m27s
NowPlayingsUpdate: 02m37s

--------------------

==== cron run end: 2026-05-02T04:41:55+0300 ====
