==== cron run start: 2026-05-03T04:00:01+0300 ====
From github.com:jeremyjacob101/Kartiseret
 * branch            main       -> FETCH_HEAD
Already on 'main'
M	backend/config/cron/cron_daily.log
Your branch is up to date with 'origin/main'.
HEAD is now at cd06c02 [D-RUN] daily artifacts and log 2026-05-02_04-41-55

--------------------

CCsoon: 00m50s
LCsoon: 01m13s
YPsoon: 01m28s
MLsoon: 01m59s
HCsoon: 02m42s

--------------------


--------------------

LevCinema: 03m33s
RavHen: 06m38s
MovieLand: 07m42s
HotCinema: 10m53s
YesPlanet: 14m03s
CinemaCity: 22m12s

--------------------


--------------------

ComingSoonsClean: 00m04s
ComingSoonsTmdb: 00m03s
ComingSoonsUpdate: 00m06s

--------------------


--------------------

NowPlayingsClean: 02m24s
NowPlayingsTmdb: 06m32s
NowPlayingsUpdate: 02m37s

--------------------

==== cron run end: 2026-05-03T04:36:50+0300 ====
