==== cron run start: 2026-05-18T04:00:00+0300 ====
From github.com:jeremyjacob101/Kartiseret
 * branch            main       -> FETCH_HEAD
Already on 'main'
M	backend/config/cron/cron_daily.log
Your branch is up to date with 'origin/main'.
HEAD is now at 9fb242a [D-RUN] daily artifacts and log 2026-05-17_04-41-52

--------------------

CCsoon: 00m43s
YPsoon: 01m23s
LCsoon: 01m25s
MLsoon: 02m18s
HCsoon: 02m58s

--------------------


--------------------

LevCinema: 03m42s
RavHen: 06m48s
MovieLand: 07m59s
HotCinema: 12m44s
YesPlanet: 15m22s
CinemaCity: 21m03s

--------------------


--------------------

ComingSoonsClean: 00m04s
ComingSoonsTmdb: 00m09s
ComingSoonsUpdate: 00m05s

--------------------


--------------------

NowPlayingsClean: 02m40s
NowPlayingsTmdb: 07m00s
NowPlayingsUpdate: 03m13s

--------------------

==== cron run end: 2026-05-18T04:37:23+0300 ====
