==== cron run start: 2026-07-05T04:00:00+0300 ====
From github.com:jeremyjacob101/Kartiseret
 * branch            main       -> FETCH_HEAD
Already on 'main'
M	backend/config/cron/cron_daily.log
Your branch is up to date with 'origin/main'.
HEAD is now at 4cf1583 [D-RUN] daily artifacts and log 2026-07-04_04-48-34

--------------------

CCsoon: 00m34s
LCsoon: 01m22s
YPsoon: 01m37s
MLsoon: 02m54s
HCsoon: 03m55s

--------------------


--------------------

LevCinema: 04m15s
RavHen: 08m26s
MovieLand: 09m58s
HotCinema: 22m15s
YesPlanet: 23m38s
CinemaCity: 29m15s

--------------------


--------------------

ComingSoonsClean: 00m05s
ComingSoonsTmdb: 00m13s
ComingSoonsUpdate: 00m07s

--------------------


--------------------

NowPlayingsClean: 01m29s
NowPlayingsTmdb: 04m51s
NowPlayingsUpdate: 02m34s

--------------------

==== cron run end: 2026-07-05T04:42:42+0300 ====
