==== cron run start: 2026-06-01T04:00:00+0300 ====
From github.com:jeremyjacob101/Kartiseret
 * branch            main       -> FETCH_HEAD
Already on 'main'
M	backend/config/cron/cron_daily.log
Your branch is up to date with 'origin/main'.
HEAD is now at 25a2298 [^]

--------------------

CCsoon: 00m44s
YPsoon: 01m21s
LCsoon: 01m45s
MLsoon: 01m57s
HCsoon: 02m32s

--------------------


--------------------

LevCinema: 04m37s
RavHen: 06m16s
MovieLand: 08m50s
HotCinema: 11m40s
YesPlanet: 14m15s
CinemaCity: 18m01s

--------------------


--------------------

ComingSoonsClean: 00m04s
ComingSoonsTmdb: 00m08s
ComingSoonsUpdate: 00m05s

--------------------


--------------------

NowPlayingsClean: 01m05s
NowPlayingsTmdb: 06m20s
NowPlayingsUpdate: 03m06s

--------------------

==== cron run end: 2026-06-01T04:31:33+0300 ====
