==== cron run start: 2026-04-13T04:00:00+0300 ====
From github.com:jeremyjacob101/Kartiseret
 * branch            main       -> FETCH_HEAD
Already on 'main'
M	backend/config/cron/cron_daily.log
Your branch is up to date with 'origin/main'.
HEAD is now at 634fae1 [D-RUN] daily artifacts and log 2026-04-12_04-21-17

--------------------

CCsoon: 00m37s
LCsoon: 00m48s
YPsoon: 01m18s
MLsoon: 01m32s
HCsoon: 02m08s

--------------------


--------------------

LevCinema: 01m45s
RavHen: 05m33s
MovieLand: 05m36s
HotCinema: 07m59s
CinemaCity: 08m45s
YesPlanet: 09m57s

--------------------


--------------------

ComingSoonsClean: 00m03s
ComingSoonsTmdb: 00m27s
ComingSoonsUpdate: 00m04s

--------------------


--------------------

NowPlayingsClean: 00m41s
NowPlayingsTmdb: 03m31s
NowPlayingsUpdate: 02m03s

--------------------

==== cron run end: 2026-04-13T04:19:05+0300 ====
