==== cron run start: 2026-04-16T04:00:01+0300 ====
From github.com:jeremyjacob101/Kartiseret
 * branch            main       -> FETCH_HEAD
Already on 'main'
M	backend/config/cron/cron_daily.log
Your branch is up to date with 'origin/main'.
HEAD is now at de0b069 [D-RUN] daily artifacts and log 2026-04-15_04-44-14

--------------------

LCsoon: 00m37s
CCsoon: 00m37s
YPsoon: 01m27s
MLsoon: 01m30s
HCsoon: 02m11s

--------------------


--------------------

LevCinema: 02m28s
RavHen: 06m52s
MovieLand: 09m07s
HotCinema: 12m37s
YesPlanet: 15m38s
CinemaCity: 30m07s

--------------------


--------------------

ComingSoonsClean: 00m04s
ComingSoonsTmdb: 00m38s
ComingSoonsUpdate: 00m05s

--------------------


--------------------

NowPlayingsClean: 01m05s
NowPlayingsTmdb: 04m39s
NowPlayingsUpdate: 02m18s

--------------------

==== cron run end: 2026-04-16T04:41:18+0300 ====
