==== cron run start: 2026-06-03T04:00:01+0300 ====
From github.com:jeremyjacob101/Kartiseret
 * branch            main       -> FETCH_HEAD
Already on 'main'
M	backend/config/cron/cron_daily.log
Your branch is up to date with 'origin/main'.
HEAD is now at 0a827dc [W-RUN] weekly artifacts and log 2026-06-02_19-01-34

--------------------

CCsoon: 00m44s
YPsoon: 01m46s
MLsoon: 02m00s
LCsoon: 02m01s
HCsoon: 02m58s

--------------------


--------------------

LevCinema: 04m53s
RavHen: 08m40s
MovieLand: 11m22s
HotCinema: 15m45s
YesPlanet: 21m14s
CinemaCity: 57m45s

--------------------


--------------------

ComingSoonsClean: 00m04s
ComingSoonsTmdb: 00m10s
ComingSoonsUpdate: 00m07s

--------------------


--------------------

NowPlayingsClean: 01m14s
NowPlayingsTmdb: 07m15s
NowPlayingsUpdate: 03m54s

--------------------

==== cron run end: 2026-06-03T05:13:39+0300 ====
