==== cron run start: 2026-06-30T04:00:01+0300 ====
From github.com:jeremyjacob101/Kartiseret
 * branch            main       -> FETCH_HEAD
Already on 'main'
M	backend/config/cron/cron_daily.log
Your branch is up to date with 'origin/main'.
HEAD is now at 3394592 [D-RUN] daily artifacts and log 2026-06-29_04-42-17

--------------------

CCsoon: 00m35s
LCsoon: 02m02s
YPsoon: 02m15s
MLsoon: 02m53s
HCsoon: 04m24s

--------------------


--------------------

LevCinema: 05m58s
MovieLand: 09m39s
RavHen: 10m35s
HotCinema: 20m16s
CinemaCity: 22m55s
YesPlanet: 27m56s

--------------------


--------------------

ComingSoonsClean: 00m04s
ComingSoonsTmdb: 00m23s
ComingSoonsUpdate: 00m07s

--------------------


--------------------

NowPlayingsClean: 01m12s
NowPlayingsTmdb: 05m03s
NowPlayingsUpdate: 03m26s

--------------------

==== cron run end: 2026-06-30T04:42:46+0300 ====
