==== cron run start: 2026-05-28T04:00:00+0300 ====
From github.com:jeremyjacob101/Kartiseret
 * branch            main       -> FETCH_HEAD
   8acdeb7..c688914  main       -> origin/main
Already on 'main'
M	backend/config/cron/cron_daily.log
Your branch is behind 'origin/main' by 2 commits, and can be fast-forwarded.
  (use "git pull" to update your local branch)
HEAD is now at c688914 Merge branch 'main' of https://github.com/jeremyjacob101/Kartiseret

--------------------

CCsoon: 00m42s
YPsoon: 01m04s
MLsoon: 01m47s
LCsoon: 01m55s
HCsoon: 02m21s

--------------------


--------------------

LevCinema: 05m35s
RavHen: 08m07s
MovieLand: 10m39s
HotCinema: 13m04s
YesPlanet: 18m16s
CinemaCity: 39m33s

--------------------


--------------------

ComingSoonsClean: 00m04s
ComingSoonsTmdb: 00m32s
ComingSoonsUpdate: 00m07s

--------------------


--------------------

NowPlayingsClean: 01m34s
NowPlayingsTmdb: 07m21s
NowPlayingsUpdate: 03m23s

--------------------

==== cron run end: 2026-05-28T04:55:04+0300 ====
