==== cron run start: 2026-05-25T04:00:00+0300 ====
From github.com:jeremyjacob101/Kartiseret
 * branch            main       -> FETCH_HEAD
Already on 'main'
M	backend/config/cron/cron_daily.log
Your branch is up to date with 'origin/main'.
HEAD is now at 273d6b6 [RT-SOLO] finalMovies update 2026-05-24_11-15-50

--------------------

CCsoon: 00m46s
YPsoon: 01m17s
LCsoon: 01m32s
MLsoon: 01m56s
HCsoon: 02m23s

--------------------


--------------------

LevCinema: 03m22s
RavHen: 05m53s
MovieLand: 07m43s
HotCinema: 09m45s
YesPlanet: 12m29s
CinemaCity: 18m03s

--------------------


--------------------

ComingSoonsClean: 00m04s
ComingSoonsTmdb: 00m17s
ComingSoonsUpdate: 00m04s

--------------------


--------------------

NowPlayingsClean: 01m32s
NowPlayingsTmdb: 06m04s
NowPlayingsUpdate: 03m06s

--------------------

==== cron run end: 2026-05-25T04:31:45+0300 ====
