==== cron run start: 2026-05-15T04:00:00+0300 ====
From github.com:jeremyjacob101/Kartiseret
 * branch            main       -> FETCH_HEAD
Already on 'main'
M	backend/config/cron/cron_daily.log
Your branch is up to date with 'origin/main'.
HEAD is now at 1555235 [D-RUN] daily artifacts and log 2026-05-14_05-00-03

--------------------

CCsoon: 00m44s
LCsoon: 01m26s
YPsoon: 01m52s
MLsoon: 02m15s
HCsoon: 03m13s

--------------------


--------------------

LevCinema: 03m57s
RavHen: 07m53s
MovieLand: 09m57s
HotCinema: 14m53s
YesPlanet: 19m15s
CinemaCity: 45m45s

--------------------


--------------------

ComingSoonsClean: 00m05s
ComingSoonsTmdb: 00m13s
ComingSoonsUpdate: 00m05s

--------------------


--------------------

NowPlayingsClean: 02m51s
NowPlayingsTmdb: 07m39s
NowPlayingsUpdate: 03m50s

--------------------

==== cron run end: 2026-05-15T05:03:51+0300 ====
