==== cron run start: 2026-04-09T04:00:00+0300 ====
From github.com:jeremyjacob101/Kartiseret
 * branch            main       -> FETCH_HEAD
Already on 'main'
M	backend/config/cron/cron_daily.log
Your branch is up to date with 'origin/main'.
HEAD is now at 4288d92 [D-RUN] daily artifacts and log 2026-04-08_04-30-58

--------------------

LCsoon: 00m24s
YPsoon: 00m59s
CCsoon: 01m10s
MLsoon: 01m18s
HCsoon: 01m55s

--------------------


--------------------

LevCinema: 01m02s
HotCinema: 01m55s
RavHen: 05m03s
MovieLand: 06m12s
YesPlanet: 10m33s
CinemaCity: 22m56s

--------------------


--------------------

ComingSoonsClean: 00m03s
ComingSoonsTmdb: 00m05s
ComingSoonsUpdate: 00m05s

--------------------


--------------------

NowPlayingsClean: 00m24s
NowPlayingsTmdb: 03m59s
NowPlayingsUpdate: 02m18s

--------------------

==== cron run end: 2026-04-09T04:31:57+0300 ====
