==== cron run start: 2026-06-20T04:00:00+0300 ====
From github.com:jeremyjacob101/Kartiseret
 * branch            main       -> FETCH_HEAD
Already on 'main'
M	backend/config/cron/cron_daily.log
Your branch is up to date with 'origin/main'.
HEAD is now at 868c5e4 [D-RUN] daily artifacts and log 2026-06-19_04-52-34

--------------------

CCsoon: 00m56s
LCsoon: 01m51s
YPsoon: 02m02s
MLsoon: 02m19s
HCsoon: 03m47s

--------------------


--------------------

RavHen: 09m11s
LevCinema: 10m15s
MovieLand: 12m35s
HotCinema: 19m18s
YesPlanet: 21m16s
CinemaCity: 33m33s

--------------------


--------------------

ComingSoonsClean: 00m04s
ComingSoonsTmdb: 00m13s
ComingSoonsUpdate: 00m06s

--------------------


--------------------

NowPlayingsClean: 00m58s
NowPlayingsTmdb: 05m53s
NowPlayingsUpdate: 03m20s

--------------------

==== cron run end: 2026-06-20T04:48:05+0300 ====
