==== cron run start: 2026-06-11T04:00:00+0300 ====
From github.com:jeremyjacob101/Kartiseret
 * branch            main       -> FETCH_HEAD
Already on 'main'
M	backend/config/cron/cron_daily.log
Your branch is up to date with 'origin/main'.
HEAD is now at 7fd9333 [D-RUN] daily artifacts and log 2026-06-10_05-07-24

--------------------

CCsoon: 00m52s
YPsoon: 01m53s
LCsoon: 01m55s
HCsoon: 03m37s
MLsoon: 04m14s

--------------------


--------------------

LevCinema: 05m10s
RavHen: 08m48s
MovieLand: 13m19s
HotCinema: 17m55s
YesPlanet: 22m44s
CinemaCity: 42m09s

--------------------


--------------------

ComingSoonsClean: 00m04s
ComingSoonsTmdb: 00m34s
ComingSoonsUpdate: 00m05s

--------------------


--------------------

NowPlayingsClean: 01m13s
NowPlayingsTmdb: 07m26s
NowPlayingsUpdate: 04m01s

--------------------

==== cron run end: 2026-06-11T04:59:58+0300 ====
