==== cron run start: 2026-04-18T04:00:00+0300 ====
From github.com:jeremyjacob101/Kartiseret
 * branch            main       -> FETCH_HEAD
Already on 'main'
M	backend/config/cron/cron_daily.log
Your branch is up to date with 'origin/main'.
HEAD is now at ab9f49b [D-RUN] daily artifacts and log 2026-04-17_04-38-16

--------------------

CCsoon: 00m43s
LCsoon: 01m14s
YPsoon: 01m34s
MLsoon: 01m52s
HCsoon: 02m39s

--------------------


--------------------

LevCinema: 04m20s
RavHen: 06m45s
MovieLand: 08m23s
HotCinema: 13m21s
YesPlanet: 15m50s
CinemaCity: 22m03s

--------------------


--------------------

ComingSoonsClean: 00m04s
ComingSoonsTmdb: 00m04s
ComingSoonsUpdate: 00m05s

--------------------


--------------------

NowPlayingsClean: 01m14s
NowPlayingsTmdb: 04m47s
NowPlayingsUpdate: 02m20s

--------------------

==== cron run end: 2026-04-18T04:33:26+0300 ====
