==== cron run start: 2026-07-13T04:00:00+0300 ====
From github.com:jeremyjacob101/Kartiseret
 * branch            main       -> FETCH_HEAD
Already on 'main'
M	backend/config/cron/cron_daily.log
Your branch is up to date with 'origin/main'.
HEAD is now at d99ca8b [D-RUN] daily artifacts and log 2026-07-12_04-47-44

--------------------

CCsoon: 00m27s
LCsoon: 01m24s
YPsoon: 01m58s
MLsoon: 02m37s
HCsoon: 03m56s

--------------------


--------------------

LevCinema: 05m03s
RavHen: 08m21s
MovieLand: 11m45s
HotCinema: 17m44s
YesPlanet: 19m37s
CinemaCity: 24m46s

--------------------


--------------------

ComingSoonsClean: 00m04s
ComingSoonsTmdb: 00m19s
ComingSoonsUpdate: 00m10s

--------------------


--------------------

NowPlayingsClean: 02m13s
NowPlayingsTmdb: 07m28s
NowPlayingsUpdate: 03m29s

--------------------

==== cron run end: 2026-07-13T04:42:36+0300 ====
