==== cron run start: 2026-04-29T04:00:01+0300 ====
From github.com:jeremyjacob101/Kartiseret
 * branch            main       -> FETCH_HEAD
Already on 'main'
M	backend/config/cron/cron_daily.log
Your branch is up to date with 'origin/main'.
HEAD is now at 557ba9a [W-RUN] weekly artifacts and log 2026-04-28_18-36-31

--------------------

CCsoon: 00m46s
YPsoon: 01m27s
LCsoon: 01m29s
MLsoon: 01m50s
HCsoon: 02m32s

--------------------


--------------------

LevCinema: 06m01s
RavHen: 08m08s
MovieLand: 09m47s
HotCinema: 15m29s
YesPlanet: 20m17s
CinemaCity: 34m37s

--------------------


--------------------

ComingSoonsClean: 00m06s
ComingSoonsTmdb: 00m04s
ComingSoonsUpdate: 00m06s

--------------------


--------------------

NowPlayingsClean: 03m16s
NowPlayingsTmdb: 08m47s
NowPlayingsUpdate: 03m14s

--------------------

==== cron run end: 2026-04-29T04:52:57+0300 ====
