==== cron run start: 2026-05-09T04:00:00+0300 ====
From github.com:jeremyjacob101/Kartiseret
 * branch            main       -> FETCH_HEAD
Already on 'main'
M	backend/config/cron/cron_daily.log
Your branch is up to date with 'origin/main'.
HEAD is now at 82da130 [D-RUN] daily artifacts and log 2026-05-08_04-53-01

--------------------

CCsoon: 00m49s
LCsoon: 01m04s
YPsoon: 01m45s
MLsoon: 02m00s
HCsoon: 02m41s

--------------------


--------------------

LevCinema: 03m46s
RavHen: 07m29s
MovieLand: 08m37s
HotCinema: 12m29s
YesPlanet: 15m46s
CinemaCity: 27m34s

--------------------


--------------------

ComingSoonsClean: 00m04s
ComingSoonsTmdb: 00m09s
ComingSoonsUpdate: 00m10s

--------------------


--------------------

NowPlayingsClean: 02m34s
NowPlayingsTmdb: 07m03s
NowPlayingsUpdate: 02m48s

--------------------

==== cron run end: 2026-05-09T04:43:13+0300 ====
