==== cron run start: 2026-06-09T04:00:01+0300 ====
From github.com:jeremyjacob101/Kartiseret
 * branch            main       -> FETCH_HEAD
Already on 'main'
M	backend/config/cron/cron_daily.log
Your branch is up to date with 'origin/main'.
HEAD is now at b1cb878 [D-RUN] daily artifacts and log 2026-06-08_04-41-05

--------------------

CCsoon: 00m53s
LCsoon: 02m01s
YPsoon: 02m01s
MLsoon: 02m27s
HCsoon: 03m19s

--------------------


--------------------

LevCinema: 05m42s
RavHen: 07m15s
MovieLand: 10m26s
HotCinema: 14m45s
YesPlanet: 18m03s
CinemaCity: 22m56s

--------------------


--------------------

ComingSoonsClean: 00m04s
ComingSoonsTmdb: 00m18s
ComingSoonsUpdate: 00m06s

--------------------


--------------------

NowPlayingsClean: 00m50s
NowPlayingsTmdb: 06m02s
NowPlayingsUpdate: 03m09s

--------------------

==== cron run end: 2026-06-09T04:36:54+0300 ====
