==== cron run start: 2026-04-14T04:00:00+0300 ====
From github.com:jeremyjacob101/Kartiseret
 * branch            main       -> FETCH_HEAD
Already on 'main'
M	backend/config/cron/cron_daily.log
Your branch is up to date with 'origin/main'.
HEAD is now at a642484 [D-RUN] daily artifacts and log 2026-04-13_04-19-05

--------------------

CCsoon: 00m44s
LCsoon: 00m50s
YPsoon: 01m15s
MLsoon: 03m13s
HCsoon: 03m41s

--------------------


--------------------

LevCinema: 02m25s
RavHen: 05m42s
MovieLand: 06m06s
HotCinema: 08m53s
CinemaCity: 09m03s
YesPlanet: 25m35s

--------------------


--------------------

ComingSoonsClean: 00m04s
ComingSoonsTmdb: 00m25s
ComingSoonsUpdate: 00m04s

--------------------


--------------------

NowPlayingsClean: 00m45s
NowPlayingsTmdb: 04m19s
NowPlayingsUpdate: 02m18s

--------------------

==== cron run end: 2026-04-14T04:37:22+0300 ====
