==== cron run start: 2026-05-14T04:00:01+0300 ====
From github.com:jeremyjacob101/Kartiseret
 * branch            main       -> FETCH_HEAD
   452505a..6d1b223  main       -> origin/main
Already on 'main'
M	backend/config/cron/cron_daily.log
Your branch is behind 'origin/main' by 1 commit, and can be fast-forwarded.
  (use "git pull" to update your local branch)
HEAD is now at 6d1b223 [_]

--------------------

CCsoon: 00m44s
LCsoon: 01m26s
YPsoon: 01m49s
MLsoon: 02m12s
HCsoon: 03m25s

--------------------


--------------------

LevCinema: 04m13s
RavHen: 08m06s
MovieLand: 10m21s
HotCinema: 15m04s
YesPlanet: 20m06s
CinemaCity: 41m33s

--------------------


--------------------

ComingSoonsClean: 00m04s
ComingSoonsTmdb: 00m10s
ComingSoonsUpdate: 00m05s

--------------------


--------------------

NowPlayingsClean: 02m52s
NowPlayingsTmdb: 08m15s
NowPlayingsUpdate: 03m28s

--------------------

==== cron run end: 2026-05-14T05:00:03+0300 ====
