==== cron run start: 2026-05-20T04:00:00+0300 ====
From github.com:jeremyjacob101/Kartiseret
 * branch            main       -> FETCH_HEAD
Already on 'main'
M	backend/config/cron/cron_daily.log
Your branch is up to date with 'origin/main'.
HEAD is now at f8c9bb4 [W-RUN] weekly artifacts and log 2026-05-19_19-45-12

--------------------

CCsoon: 00m55s
YPsoon: 01m13s
LCsoon: 01m34s
MLsoon: 02m01s
HCsoon: 03m12s

--------------------


--------------------

LevCinema: 04m45s
CinemaCity: 04m55s
RavHen: 08m37s
MovieLand: 10m25s
HotCinema: 15m13s
YesPlanet: 20m39s

--------------------


--------------------

ComingSoonsClean: 00m04s
ComingSoonsTmdb: 00m07s
ComingSoonsUpdate: 00m04s

--------------------


--------------------

NowPlayingsClean: 01m25s
NowPlayingsTmdb: 06m21s
NowPlayingsUpdate: 03m21s

--------------------

==== cron run end: 2026-05-20T04:35:25+0300 ====
