==== cron run start: 2026-05-23T04:00:00+0300 ====
From github.com:jeremyjacob101/Kartiseret
 * branch            main       -> FETCH_HEAD
Already on 'main'
M	backend/config/cron/cron_daily.log
Your branch is up to date with 'origin/main'.
HEAD is now at 9835f13 [D-RUN] daily artifacts and log 2026-05-22_04-49-48

--------------------

CCsoon: 00m44s
LCsoon: 01m21s
YPsoon: 01m22s
MLsoon: 02m06s
HCsoon: 02m41s

--------------------


--------------------

LevCinema: 03m47s
RavHen: 07m29s
MovieLand: 09m06s
HotCinema: 13m17s
YesPlanet: 16m48s
CinemaCity: 29m16s

--------------------


--------------------

ComingSoonsClean: 00m04s
ComingSoonsTmdb: 00m07s
ComingSoonsUpdate: 00m04s

--------------------


--------------------

NowPlayingsClean: 01m35s
NowPlayingsTmdb: 06m54s
NowPlayingsUpdate: 03m43s

--------------------

==== cron run end: 2026-05-23T04:44:36+0300 ====
