==== cron run start: 2026-06-29T04:00:00+0300 ====
From github.com:jeremyjacob101/Kartiseret
 * branch            main       -> FETCH_HEAD
Already on 'main'
M	backend/config/cron/cron_daily.log
Your branch is up to date with 'origin/main'.
HEAD is now at 9bc9595 [D-RUN] daily artifacts and log 2026-06-28_04-36-42

--------------------

CCsoon: 00m26s
LCsoon: 02m00s
YPsoon: 02m21s
MLsoon: 02m52s
HCsoon: 04m15s

--------------------


--------------------

LevCinema: 04m48s
RavHen: 07m35s
MovieLand: 10m16s
HotCinema: 15m36s
YesPlanet: 17m31s
CinemaCity: 27m42s

--------------------


--------------------

ComingSoonsClean: 00m04s
ComingSoonsTmdb: 00m20s
ComingSoonsUpdate: 00m06s

--------------------


--------------------

NowPlayingsClean: 01m09s
NowPlayingsTmdb: 05m31s
NowPlayingsUpdate: 02m58s

--------------------

==== cron run end: 2026-06-29T04:42:17+0300 ====
