==== cron run start: 2026-06-05T04:00:01+0300 ====
From github.com:jeremyjacob101/Kartiseret
 * branch            main       -> FETCH_HEAD
   90c3fab..f84278e  main       -> origin/main
Already on 'main'
M	backend/config/cron/cron_daily.log
Your branch is behind 'origin/main' by 2 commits, and can be fast-forwarded.
  (use "git pull" to update your local branch)
HEAD is now at f84278e Merge branch 'main' of https://github.com/jeremyjacob101/Kartiseret

--------------------

CCsoon: 00m44s
LCsoon: 01m49s
YPsoon: 02m00s
MLsoon: 02m15s
HCsoon: 03m00s

--------------------


--------------------

LevCinema: 04m50s
RavHen: 08m07s
MovieLand: 11m15s
HotCinema: 15m27s
YesPlanet: 20m15s
CinemaCity: 35m39s

--------------------


--------------------

ComingSoonsClean: 00m04s
ComingSoonsTmdb: 00m35s
ComingSoonsUpdate: 00m06s

--------------------


--------------------

NowPlayingsClean: 01m10s
NowPlayingsTmdb: 06m44s
NowPlayingsUpdate: 08m09s

--------------------

==== cron run end: 2026-06-05T04:55:39+0300 ====
