==== cron run start: 2026-05-17T04:00:01+0300 ====
From github.com:jeremyjacob101/Kartiseret
 * branch            main       -> FETCH_HEAD
Already on 'main'
M	backend/config/cron/cron_daily.log
Your branch is up to date with 'origin/main'.
HEAD is now at d9619e2 [D-RUN] daily artifacts and log 2026-05-16_04-48-32

--------------------

CCsoon: 00m45s
LCsoon: 01m15s
YPsoon: 01m43s
MLsoon: 02m05s
HCsoon: 02m58s

--------------------


--------------------

LevCinema: 03m59s
RavHen: 07m19s
MovieLand: 07m56s
HotCinema: 13m13s
YesPlanet: 16m17s
CinemaCity: 25m13s

--------------------


--------------------

ComingSoonsClean: 00m04s
ComingSoonsTmdb: 00m09s
ComingSoonsUpdate: 00m15s

--------------------


--------------------

NowPlayingsClean: 02m54s
NowPlayingsTmdb: 07m04s
NowPlayingsUpdate: 03m03s

--------------------

==== cron run end: 2026-05-17T04:41:51+0300 ====
