==== cron run start: 2026-07-18T04:00:00+0300 ====
From github.com:jeremyjacob101/Kartiseret
 * branch            main       -> FETCH_HEAD
Already on 'main'
M	backend/config/cron/cron_daily.log
Your branch is up to date with 'origin/main'.
HEAD is now at 6d299e5 [D-RUN] daily artifacts and log 2026-07-17_04-54-14

--------------------

CCsoon: 00m28s
LCsoon: 01m45s
YPsoon: 02m34s
MLsoon: 03m04s
HCsoon: 04m21s

--------------------


--------------------

LevCinema: 05m09s
RavHen: 11m18s
MovieLand: 11m59s
HotCinema: 17m09s
YesPlanet: 22m18s
CinemaCity: 31m39s

--------------------

Deleted 5 old allSoons rows on or before 2026-06-17.
Deleted 0 old finalSoons rows on or before 2026-07-18.
Found 0 duplicate rows out of 178 allSoons rows.
Deleted 0 duplicate rows from allSoons.

--------------------

ComingSoonsClean: 00m04s
ComingSoonsTmdb: 00m18s
ComingSoonsUpdate: 00m07s

--------------------

Deleted 2694 old allShowtimes rows on or before 2026-07-13.
Deleted 0 old finalShowtimes rows on or before 2026-07-17.
Deleted 1 orphan finalMovies rows.
Found 9977 exact duplicate rows out of 31238 allShowtimes rows.
Deleted 9977 exact duplicate rows from allShowtimes.

--------------------

NowPlayingsClean: 00m31s
NowPlayingsTmdb: 06m11s
NowPlayingsUpdate: 03m49s

--------------------

==== cron run end: 2026-07-18T04:47:10+0300 ====
