==== cron run start: 2026-06-28T04:00:01+0300 ====
From github.com:jeremyjacob101/Kartiseret
 * branch            main       -> FETCH_HEAD
Already on 'main'
M	backend/config/cron/cron_daily.log
Your branch is up to date with 'origin/main'.
HEAD is now at 07d8f32 [D-RUN] daily artifacts and log 2026-06-27_04-52-42

--------------------

CCsoon: 00m27s
LCsoon: 01m43s
YPsoon: 02m13s
MLsoon: 02m44s
HCsoon: 03m54s

--------------------


--------------------

LevCinema: 04m24s
RavHen: 07m40s
MovieLand: 10m33s
HotCinema: 15m44s
YesPlanet: 18m06s
CinemaCity: 22m24s

--------------------


--------------------

ComingSoonsClean: 00m05s
ComingSoonsTmdb: 00m20s
ComingSoonsUpdate: 00m06s

--------------------


--------------------

NowPlayingsClean: 01m15s
NowPlayingsTmdb: 05m22s
NowPlayingsUpdate: 03m02s

--------------------

==== cron run end: 2026-06-28T04:36:41+0300 ====
