==== cron run start: 2026-07-07T04:00:01+0300 ====
From github.com:jeremyjacob101/Kartiseret
 * branch            main       -> FETCH_HEAD
Already on 'main'
M	backend/config/cron/cron_daily.log
Your branch is up to date with 'origin/main'.
HEAD is now at 95fd378 [D-RUN] daily artifacts and log 2026-07-06_04-40-03

--------------------

CCsoon: 00m34s
LCsoon: 01m33s
YPsoon: 01m35s
MLsoon: 02m58s
HCsoon: 04m05s

--------------------


--------------------

LevCinema: 07m45s
MovieLand: 10m56s
RavHen: 11m26s
HotCinema: 21m52s
CinemaCity: 22m07s
YesPlanet: 30m23s

--------------------


--------------------

ComingSoonsClean: 00m05s
ComingSoonsTmdb: 00m24s
ComingSoonsUpdate: 00m07s

--------------------


--------------------

NowPlayingsClean: 01m27s
NowPlayingsTmdb: 05m12s
NowPlayingsUpdate: 03m02s

--------------------

==== cron run end: 2026-07-07T04:44:57+0300 ====
