==== cron run start: 2026-06-21T04:00:01+0300 ====
From github.com:jeremyjacob101/Kartiseret
 * branch            main       -> FETCH_HEAD
Already on 'main'
M	backend/config/cron/cron_daily.log
Your branch is up to date with 'origin/main'.
HEAD is now at 032a647 [D-RUN] daily artifacts and log 2026-06-20_04-48-06

--------------------

CCsoon: 00m55s
LCsoon: 01m56s
YPsoon: 02m09s
MLsoon: 02m19s
HCsoon: 03m49s

--------------------


--------------------

LevCinema: 05m13s
RavHen: 08m33s
MovieLand: 10m44s
HotCinema: 16m00s
YesPlanet: 17m52s
CinemaCity: 26m56s

--------------------


--------------------

ComingSoonsClean: 00m04s
ComingSoonsTmdb: 00m18s
ComingSoonsUpdate: 00m06s

--------------------


--------------------

NowPlayingsClean: 00m57s
NowPlayingsTmdb: 05m48s
NowPlayingsUpdate: 03m05s

--------------------

==== cron run end: 2026-06-21T04:41:16+0300 ====
