==== cron run start: 2026-06-19T04:00:00+0300 ====
From github.com:jeremyjacob101/Kartiseret
 * branch            main       -> FETCH_HEAD
Already on 'main'
M	backend/config/cron/cron_daily.log
Your branch is up to date with 'origin/main'.
HEAD is now at 2cec542 [D-RUN] daily artifacts and log 2026-06-18_06-10-03

--------------------

CCsoon: 00m55s
LCsoon: 01m51s
YPsoon: 01m58s
MLsoon: 02m05s
HCsoon: 04m10s

--------------------


--------------------

LevCinema: 05m34s
RavHen: 08m38s
MovieLand: 10m41s
HotCinema: 17m34s
YesPlanet: 20m53s
CinemaCity: 37m20s

--------------------


--------------------

ComingSoonsClean: 00m04s
ComingSoonsTmdb: 00m31s
ComingSoonsUpdate: 00m07s

--------------------


--------------------

NowPlayingsClean: 01m00s
NowPlayingsTmdb: 05m48s
NowPlayingsUpdate: 03m23s

--------------------

==== cron run end: 2026-06-19T04:52:34+0300 ====
