==== cron run start: 2026-05-01T04:00:00+0300 ====
From github.com:jeremyjacob101/Kartiseret
 * branch            main       -> FETCH_HEAD
Already on 'main'
M	backend/config/cron/cron_daily.log
Your branch is up to date with 'origin/main'.
HEAD is now at 8b0a512 [D-RUN] daily artifacts and log 2026-04-30_04-51-05

--------------------

CCsoon: 00m51s
LCsoon: 01m19s
YPsoon: 01m32s
MLsoon: 01m59s
HCsoon: 02m47s

--------------------


--------------------

LevCinema: 04m10s
RavHen: 07m05s
MovieLand: 08m32s
HotCinema: 11m40s
YesPlanet: 15m23s
CinemaCity: 31m58s

--------------------


--------------------

ComingSoonsClean: 00m06s
ComingSoonsTmdb: 00m16s
ComingSoonsUpdate: 00m05s

--------------------


--------------------

NowPlayingsClean: 02m41s
NowPlayingsTmdb: 06m49s
NowPlayingsUpdate: 02m47s

--------------------

==== cron run end: 2026-05-01T04:47:39+0300 ====
