==== cron run start: 2026-04-24T04:00:01+0300 ====
From github.com:jeremyjacob101/Kartiseret
 * branch            main       -> FETCH_HEAD
   f5e5325..da59dcf  main       -> origin/main
Already on 'main'
M	backend/config/cron/cron_daily.log
Your branch is behind 'origin/main' by 4 commits, and can be fast-forwarded.
  (use "git pull" to update your local branch)
HEAD is now at da59dcf [_]

--------------------

CCsoon: 00m50s
LCsoon: 01m10s
YPsoon: 01m20s
MLsoon: 01m48s
HCsoon: 02m06s

--------------------


--------------------

LevCinema: 04m29s
RavHen: 06m57s
MovieLand: 08m53s
HotCinema: 12m25s
YesPlanet: 16m06s
CinemaCity: 34m36s

--------------------


--------------------

ComingSoonsClean: 00m04s
ComingSoonsTmdb: 00m04s
ComingSoonsUpdate: 00m05s

--------------------


--------------------

NowPlayingsClean: 05m22s
NowPlayingsTmdb: 11m48s
NowPlayingsUpdate: 02m38s

--------------------

==== cron run end: 2026-04-24T04:56:55+0300 ====
