==== cron run start: 2026-04-12T04:00:01+0300 ====
From github.com:jeremyjacob101/Kartiseret
 * branch            main       -> FETCH_HEAD
Already on 'main'
M	backend/config/cron/cron_daily.log
Your branch is up to date with 'origin/main'.
HEAD is now at d299db4 [D-RUN] daily artifacts and log 2026-04-11_04-25-48

--------------------

LCsoon: 00m27s
CCsoon: 00m36s
YPsoon: 01m06s
MLsoon: 01m31s
HCsoon: 02m03s

--------------------


--------------------

LevCinema: 01m15s
RavHen: 05m41s
MovieLand: 05m47s
HotCinema: 08m31s
YesPlanet: 10m19s
CinemaCity: 12m15s

--------------------


--------------------

ComingSoonsClean: 00m04s
ComingSoonsTmdb: 00m05s
ComingSoonsUpdate: 00m04s

--------------------


--------------------

NowPlayingsClean: 00m41s
NowPlayingsTmdb: 03m41s
NowPlayingsUpdate: 02m12s

--------------------

==== cron run end: 2026-04-12T04:21:16+0300 ====
