==== cron run start: 2026-05-11T04:00:00+0300 ====
From github.com:jeremyjacob101/Kartiseret
 * branch            main       -> FETCH_HEAD
Already on 'main'
M	backend/config/cron/cron_daily.log
Your branch is up to date with 'origin/main'.
HEAD is now at cbb6ea9 [D-RUN] daily artifacts and log 2026-05-10_04-37-38

--------------------

CCsoon: 00m51s
LCsoon: 01m41s
YPsoon: 02m05s
MLsoon: 02m19s
HCsoon: 03m07s

--------------------


--------------------

LevCinema: 04m03s
RavHen: 06m57s
MovieLand: 07m16s
HotCinema: 11m52s
YesPlanet: 14m20s
CinemaCity: 18m10s

--------------------


--------------------

ComingSoonsClean: 00m04s
ComingSoonsTmdb: 00m42s
ComingSoonsUpdate: 00m05s

--------------------


--------------------

NowPlayingsClean: 02m29s
NowPlayingsTmdb: 06m35s
NowPlayingsUpdate: 02m50s

--------------------

==== cron run end: 2026-05-11T04:34:12+0300 ====
