==== cron run start: 2026-05-06T04:00:00+0300 ====
From github.com:jeremyjacob101/Kartiseret
 * branch            main       -> FETCH_HEAD
Already on 'main'
M	backend/config/cron/cron_daily.log
Your branch is up to date with 'origin/main'.
HEAD is now at 51b05fa [W-RUN] weekly artifacts and log 2026-05-05_18-59-38

--------------------

CCsoon: 00m53s
LCsoon: 01m14s
YPsoon: 01m24s
MLsoon: 02m15s
HCsoon: 02m58s

--------------------


--------------------

LevCinema: 04m16s
RavHen: 07m38s
MovieLand: 09m14s
HotCinema: 13m03s
YesPlanet: 17m19s
CinemaCity: 40m03s

--------------------


--------------------

ComingSoonsClean: 00m05s
ComingSoonsTmdb: 00m40s
ComingSoonsUpdate: 00m07s

--------------------


--------------------

NowPlayingsClean: 02m59s
NowPlayingsTmdb: 08m16s
NowPlayingsUpdate: 03m23s

--------------------

==== cron run end: 2026-05-06T04:58:41+0300 ====
