==== cron run start: 2026-06-22T04:00:00+0300 ====
From github.com:jeremyjacob101/Kartiseret
 * branch            main       -> FETCH_HEAD
Already on 'main'
M	backend/config/cron/cron_daily.log
Your branch is up to date with 'origin/main'.
HEAD is now at 3d79a2d [D-RUN] daily artifacts and log 2026-06-21_04-41-16

--------------------

CCsoon: 00m57s
LCsoon: 02m00s
YPsoon: 02m08s
MLsoon: 02m18s
HCsoon: 03m50s

--------------------


--------------------

LevCinema: 05m23s
RavHen: 08m24s
MovieLand: 10m27s
HotCinema: 15m33s
YesPlanet: 16m58s
CinemaCity: 22m41s

--------------------


--------------------

ComingSoonsClean: 00m04s
ComingSoonsTmdb: 00m16s
ComingSoonsUpdate: 00m06s

--------------------


--------------------

NowPlayingsClean: 00m54s
NowPlayingsTmdb: 05m24s
NowPlayingsUpdate: 03m30s

--------------------

==== cron run end: 2026-06-22T04:36:57+0300 ====
