==== cron run start: 2026-07-20T04:00:01+0300 ====
From github.com:jeremyjacob101/Kartiseret
 * branch            main       -> FETCH_HEAD
Already on 'main'
M	backend/config/cron/cron_daily.log
Your branch is up to date with 'origin/main'.
HEAD is now at 93acf2c [D-RUN] daily artifacts and log 2026-07-19_04-42-17

--------------------

CCsoon: 00m27s
LCsoon: 01m49s
YPsoon: 02m36s
MLsoon: 03m12s
HCsoon: 04m11s

--------------------


--------------------

LevCinema: 05m01s
MovieLand: 07m37s
RavHen: 10m25s
HotCinema: 15m09s
YesPlanet: 19m08s
CinemaCity: 21m38s

--------------------

Deleted 1 old allSoons rows on or before 2026-06-19.
Deleted 1 old finalSoons rows on or before 2026-07-20.
Found 0 duplicate rows out of 167 allSoons rows.
Deleted 0 duplicate rows from allSoons.

--------------------

ComingSoonsClean: 00m05s
ComingSoonsTmdb: 00m19s
ComingSoonsUpdate: 00m07s

--------------------

Deleted 2628 old allShowtimes rows on or before 2026-07-15.
Deleted 0 old finalShowtimes rows on or before 2026-07-19.
Deleted 1 orphan finalMovies rows.
Found 5720 exact duplicate rows out of 21887 allShowtimes rows.
Deleted 5720 exact duplicate rows from allShowtimes.

--------------------

NowPlayingsClean: 00m23s
NowPlayingsTmdb: 05m30s
NowPlayingsUpdate: 04m21s

--------------------

==== cron run end: 2026-07-20T04:36:46+0300 ====
