==== cron run start: 2026-05-21T15:27:46+0300 ====
From github.com:jeremyjacob101/Kartiseret
 * branch            main       -> FETCH_HEAD
Already on 'main'
Your branch is up to date with 'origin/main'.
HEAD is now at 5b2406a [+] dedupe ID split roles

--------------------

CCsoon: 00m41s
YPsoon: 00m59s
LCsoon: 01m06s
MLsoon: 01m43s
HCsoon: 02m01s

--------------------


--------------------

LevCinema: 03m22s
RavHen: 06m43s
MovieLand: 08m23s
HotCinema: 11m17s
YesPlanet: 13m54s
CinemaCity: 23m45s

--------------------


--------------------

ComingSoonsClean: 00m04s
ComingSoonsTmdb: 00m13s
ComingSoonsUpdate: 00m04s

--------------------


--------------------

NowPlayingsClean: 01m38s
NowPlayingsTmdb: 07m02s
NowPlayingsUpdate: 02m58s

--------------------

==== cron run end: 2026-05-21T16:05:40+0300 ====
