==== cron run start: 2026-07-03T04:00:00+0300 ====
From github.com:jeremyjacob101/Kartiseret
 * branch            main       -> FETCH_HEAD
Already on 'main'
M	backend/config/cron/cron_daily.log
Your branch is up to date with 'origin/main'.
HEAD is now at 7a18527 [D-RUN] daily artifacts and log 2026-07-02_05-06-03

--------------------

CCsoon: 00m26s
LCsoon: 01m31s
YPsoon: 01m43s
MLsoon: 02m54s
HCsoon: 04m04s

--------------------


--------------------

LevCinema: 05m14s
RavHen: 09m48s
MovieLand: 14m22s
HotCinema: 22m55s
YesPlanet: 27m15s
CinemaCity: 39m10s

--------------------


--------------------

ComingSoonsClean: 00m04s
ComingSoonsTmdb: 00m38s
ComingSoonsUpdate: 00m07s

--------------------


--------------------

NowPlayingsClean: 01m23s
NowPlayingsTmdb: 05m16s
NowPlayingsUpdate: 02m55s

--------------------

==== cron run end: 2026-07-03T04:53:47+0300 ====
