==== cron run start: 2026-06-15T04:00:00+0300 ====
From github.com:jeremyjacob101/Kartiseret
 * branch            main       -> FETCH_HEAD
   74cf7fc..9b5afab  main       -> origin/main
Already on 'main'
M	backend/config/cron/cron_daily.log
Your branch is behind 'origin/main' by 5 commits, and can be fast-forwarded.
  (use "git pull" to update your local branch)
HEAD is now at 9b5afab [M-run]

--------------------

CCsoon: 01m05s
YPsoon: 01m57s
LCsoon: 02m01s
MLsoon: 02m33s
HCsoon: 03m36s

--------------------


--------------------

LevCinema: 05m45s
RavHen: 07m04s
MovieLand: 10m24s
HotCinema: 15m00s
YesPlanet: 17m26s
CinemaCity: 24m40s

--------------------


--------------------

ComingSoonsClean: 00m04s
ComingSoonsTmdb: 00m20s
ComingSoonsUpdate: 00m05s

--------------------


--------------------

NowPlayingsClean: 01m02s
NowPlayingsTmdb: 06m25s
NowPlayingsUpdate: 03m26s

--------------------

==== cron run end: 2026-06-15T04:39:52+0300 ====
