==== cron run start: 2026-06-14T04:00:01+0300 ====
From github.com:jeremyjacob101/Kartiseret
 * branch            main       -> FETCH_HEAD
Already on 'main'
M	backend/config/cron/cron_daily.log
Your branch is up to date with 'origin/main'.
HEAD is now at 20563ff [D-RUN] daily artifacts and log 2026-06-13_04-50-09

--------------------

CCsoon: 01m00s
YPsoon: 01m44s
LCsoon: 01m59s
MLsoon: 03m18s
HCsoon: 03m21s

--------------------


--------------------

LevCinema: 04m58s
RavHen: 07m14s
MovieLand: 11m27s
HotCinema: 15m50s
YesPlanet: 18m07s
CinemaCity: 28m31s

--------------------


--------------------

ComingSoonsClean: 00m06s
ComingSoonsTmdb: 00m18s
ComingSoonsUpdate: 00m05s

--------------------


--------------------

NowPlayingsClean: 01m00s
NowPlayingsTmdb: 06m24s
NowPlayingsUpdate: 03m30s

--------------------

==== cron run end: 2026-06-14T04:43:27+0300 ====
