==== cron run start: 2026-04-07T14:37:45+0300 ====
From github.com:jeremyjacob101/Kartiseret
 * branch            main       -> FETCH_HEAD
Already on 'main'
M	backend/config/cron/cron_daily.log
Your branch is up to date with 'origin/main'.
HEAD is now at 0cc7841 [^]

--------------------

LCsoon: 00m30s
CCsoon: 00m34s
YPsoon: 00m57s
MLsoon: 01m20s
HCsoon: 01m54s

--------------------


--------------------

LevCinema: 01m37s
RavHen: 04m44s
MovieLand: 05m01s
YesPlanet: 09m20s
HotCinema: 09m41s
CinemaCity: 14m59s

--------------------


--------------------

ComingSoonsClean: 00m05s
ComingSoonsTmdb: 00m05s
ComingSoonsUpdate: 00m04s

--------------------


--------------------

NowPlayingsClean: 00m15s
NowPlayingsTmdb: 03m56s
NowPlayingsUpdate: 02m24s

--------------------

==== cron run end: 2026-04-07T15:01:35+0300 ====
