==== cron run start: 2026-07-21T04:00:00+0300 ====
From github.com:jeremyjacob101/Kartiseret
 * branch            main       -> FETCH_HEAD
Already on 'main'
M	backend/config/cron/cron_daily.log
Your branch is up to date with 'origin/main'.
HEAD is now at 4ae10df [D-RUN] daily artifacts and log 2026-07-20_04-36-46

--------------------

CCsoon: 00m27s
LCsoon: 02m03s
YPsoon: 02m22s
MLsoon: 03m15s
HCsoon: 04m28s

--------------------


--------------------

LevCinema: 07m00s
MovieLand: 09m49s
RavHen: 12m18s
HotCinema: 15m16s
CinemaCity: 16m43s
YesPlanet: 26m55s

--------------------

Deleted 1 old allSoons rows on or before 2026-06-20.
Deleted 0 old finalSoons rows on or before 2026-07-21.
Found 0 duplicate rows out of 170 allSoons rows.
Deleted 0 duplicate rows from allSoons.

--------------------

ComingSoonsClean: 00m06s
ComingSoonsTmdb: 00m31s
ComingSoonsUpdate: 00m07s

--------------------

Deleted 2323 old allShowtimes rows on or before 2026-07-16.
Deleted 0 old finalShowtimes rows on or before 2026-07-20.
Deleted 1 orphan finalMovies rows.
Found 4271 exact duplicate rows out of 22871 allShowtimes rows.
Deleted 4271 exact duplicate rows from allShowtimes.

--------------------

NowPlayingsClean: 00m23s
NowPlayingsTmdb: 05m50s
NowPlayingsUpdate: 04m42s

--------------------

==== cron run end: 2026-07-21T04:43:11+0300 ====
