==== cron run start: 2026-06-04T04:00:00+0300 ====
From github.com:jeremyjacob101/Kartiseret
 * branch            main       -> FETCH_HEAD
Already on 'main'
M	backend/config/cron/cron_daily.log
Your branch is up to date with 'origin/main'.
HEAD is now at 69d1605 [D-RUN] daily artifacts and log 2026-06-03_05-13-39

--------------------

CCsoon: 00m44s
LCsoon: 01m41s
YPsoon: 01m48s
MLsoon: 01m55s
HCsoon: 02m40s

--------------------


--------------------

LevCinema: 04m18s
RavHen: 08m29s
MovieLand: 11m36s
HotCinema: 15m43s
YesPlanet: 21m08s
CinemaCity: 40m01s

--------------------


--------------------

ComingSoonsClean: 00m04s
ComingSoonsTmdb: 00m25s
ComingSoonsUpdate: 00m06s

--------------------


--------------------

NowPlayingsClean: 01m09s
NowPlayingsTmdb: 06m59s
NowPlayingsUpdate: 03m35s

--------------------

==== cron run end: 2026-06-04T04:55:11+0300 ====
