==== cron run start: 2026-07-12T04:00:01+0300 ====
From github.com:jeremyjacob101/Kartiseret
 * branch            main       -> FETCH_HEAD
Already on 'main'
M	backend/config/cron/cron_daily.log
Your branch is up to date with 'origin/main'.
HEAD is now at 168adb1 [D-RUN] daily artifacts and log 2026-07-11_04-54-05

--------------------

CCsoon: 00m26s
LCsoon: 01m27s
YPsoon: 01m57s
MLsoon: 02m37s
HCsoon: 03m59s

--------------------


--------------------

LevCinema: 05m05s
RavHen: 08m49s
MovieLand: 12m19s
HotCinema: 18m20s
YesPlanet: 20m49s
CinemaCity: 29m54s

--------------------


--------------------

ComingSoonsClean: 00m04s
ComingSoonsTmdb: 00m18s
ComingSoonsUpdate: 00m06s

--------------------


--------------------

NowPlayingsClean: 02m16s
NowPlayingsTmdb: 07m45s
NowPlayingsUpdate: 03m09s

--------------------

==== cron run end: 2026-07-12T04:47:43+0300 ====
