==== cron run start: 2026-05-13T04:00:00+0300 ====
From github.com:jeremyjacob101/Kartiseret
 * branch            main       -> FETCH_HEAD
Already on 'main'
M	backend/config/cron/cron_daily.log
Your branch is up to date with 'origin/main'.
HEAD is now at 6fe7097 [W-RUN] weekly artifacts and log 2026-05-12_19-06-05

--------------------

CCsoon: 00m54s
YPsoon: 01m54s
MLsoon: 02m12s
LCsoon: 02m23s
HCsoon: 03m45s

--------------------


--------------------

LevCinema: 04m53s
RavHen: 08m29s
MovieLand: 09m56s
HotCinema: 15m36s
YesPlanet: 21m22s
CinemaCity: 45m36s

--------------------


--------------------

ComingSoonsClean: 00m05s
ComingSoonsTmdb: 00m06s
ComingSoonsUpdate: 00m06s

--------------------


--------------------

NowPlayingsClean: 02m58s
NowPlayingsTmdb: 08m09s
NowPlayingsUpdate: 03m39s

--------------------

==== cron run end: 2026-05-13T05:04:34+0300 ====
