==== cron run start: 2026-06-12T04:00:01+0300 ====
From github.com:jeremyjacob101/Kartiseret
 * branch            main       -> FETCH_HEAD
Already on 'main'
M	backend/config/cron/cron_daily.log
Your branch is up to date with 'origin/main'.
HEAD is now at 955cc09 [D-RUN] daily artifacts and log 2026-06-11_04-59-58

--------------------

CCsoon: 00m58s
YPsoon: 01m45s
LCsoon: 02m00s
MLsoon: 02m59s
HCsoon: 03m43s

--------------------


--------------------

LevCinema: 06m39s
RavHen: 08m10s
MovieLand: 11m59s
HotCinema: 17m55s
YesPlanet: 21m03s
CinemaCity: 26m07s

--------------------


--------------------

ComingSoonsClean: 00m04s
ComingSoonsTmdb: 00m43s
ComingSoonsUpdate: 00m06s

--------------------


--------------------

NowPlayingsClean: 01m03s
NowPlayingsTmdb: 06m24s
NowPlayingsUpdate: 04m02s

--------------------

==== cron run end: 2026-06-12T04:42:26+0300 ====
