==== cron run start: 2026-04-28T04:00:00+0300 ====
From github.com:jeremyjacob101/Kartiseret
 * branch            main       -> FETCH_HEAD
Already on 'main'
M	backend/config/cron/cron_daily.log
Your branch is up to date with 'origin/main'.
HEAD is now at e3cb287 [D-RUN] daily artifacts and log 2026-04-27_04-32-29

--------------------

CCsoon: 00m46s
YPsoon: 01m05s
LCsoon: 01m15s
MLsoon: 02m24s
HCsoon: 03m26s

--------------------


--------------------

LevCinema: 05m08s
MovieLand: 07m12s
RavHen: 08m20s
HotCinema: 12m14s
YesPlanet: 19m04s
CinemaCity: 20m17s

--------------------


--------------------

ComingSoonsClean: 00m04s
ComingSoonsTmdb: 00m21s
ComingSoonsUpdate: 00m06s

--------------------


--------------------

NowPlayingsClean: 04m55s
NowPlayingsTmdb: 09m06s
NowPlayingsUpdate: 02m31s

--------------------

==== cron run end: 2026-04-28T04:40:59+0300 ====
