==== cron run start: 2026-06-13T04:00:00+0300 ====
From github.com:jeremyjacob101/Kartiseret
 * branch            main       -> FETCH_HEAD
Already on 'main'
M	backend/config/cron/cron_daily.log
Your branch is up to date with 'origin/main'.
HEAD is now at b876790 [D-RUN] daily artifacts and log 2026-06-12_04-42-27

--------------------

CCsoon: 00m55s
YPsoon: 01m23s
MLsoon: 02m22s
LCsoon: 03m31s
HCsoon: 03m36s

--------------------


--------------------

LevCinema: 05m16s
RavHen: 08m10s
MovieLand: 21m34s
YesPlanet: 21m38s
HotCinema: 24m14s
CinemaCity: 34m03s

--------------------


--------------------

ComingSoonsClean: 00m04s
ComingSoonsTmdb: 00m21s
ComingSoonsUpdate: 00m06s

--------------------


--------------------

NowPlayingsClean: 01m01s
NowPlayingsTmdb: 06m59s
NowPlayingsUpdate: 03m47s

--------------------

==== cron run end: 2026-06-13T04:50:09+0300 ====
