==== cron run start: 2026-06-07T04:00:00+0300 ====
From github.com:jeremyjacob101/Kartiseret
 * branch            main       -> FETCH_HEAD
Already on 'main'
M	backend/config/cron/cron_daily.log
Your branch is up to date with 'origin/main'.
HEAD is now at cba2822 [D-RUN] daily artifacts and log 2026-06-06_04-43-52

--------------------

CCsoon: 00m45s
LCsoon: 01m50s
YPsoon: 01m56s
MLsoon: 02m14s
HCsoon: 03m00s

--------------------


--------------------

LevCinema: 04m40s
RavHen: 06m47s
MovieLand: 09m43s
HotCinema: 13m48s
YesPlanet: 17m02s
CinemaCity: 24m11s

--------------------


--------------------

ComingSoonsClean: 00m04s
ComingSoonsTmdb: 00m15s
ComingSoonsUpdate: 00m05s

--------------------


--------------------

NowPlayingsClean: 01m02s
NowPlayingsTmdb: 06m07s
NowPlayingsUpdate: 03m06s

--------------------

==== cron run end: 2026-06-07T04:38:01+0300 ====
