==== cron run start: 2026-05-30T04:00:00+0300 ====
From github.com:jeremyjacob101/Kartiseret
 * branch            main       -> FETCH_HEAD
Already on 'main'
M	backend/config/cron/cron_daily.log
Your branch is up to date with 'origin/main'.
HEAD is now at 88ce4c6 [D-RUN] daily artifacts and log 2026-05-29_04-31-45

--------------------

CCsoon: 00m46s
YPsoon: 01m18s
LCsoon: 01m55s
MLsoon: 01m55s
HCsoon: 02m29s

--------------------


--------------------

LevCinema: 04m38s
RavHen: 07m18s
MovieLand: 09m24s
HotCinema: 11m48s
YesPlanet: 16m13s
CinemaCity: 28m40s

--------------------


--------------------

ComingSoonsClean: 00m06s
ComingSoonsTmdb: 00m08s
ComingSoonsUpdate: 00m06s

--------------------


--------------------

NowPlayingsClean: 01m17s
NowPlayingsTmdb: 06m41s
NowPlayingsUpdate: 03m17s

--------------------

==== cron run end: 2026-05-30T04:42:55+0300 ====
