==== cron run start: 2026-04-26T04:00:00+0300 ====
From github.com:jeremyjacob101/Kartiseret
 * branch            main       -> FETCH_HEAD
Already on 'main'
M	backend/config/cron/cron_daily.log
Your branch is up to date with 'origin/main'.
HEAD is now at f9e32a2 [D-RUN] daily artifacts and log 2026-04-25_04-48-46

--------------------

CCsoon: 00m43s
LCsoon: 01m04s
YPsoon: 01m07s
MLsoon: 01m50s
HCsoon: 02m10s

--------------------


--------------------

LevCinema: 04m01s
RavHen: 06m26s
MovieLand: 07m41s
HotCinema: 11m12s
YesPlanet: 14m06s
CinemaCity: 22m18s

--------------------


--------------------

ComingSoonsClean: 00m04s
ComingSoonsTmdb: 00m03s
ComingSoonsUpdate: 00m05s

--------------------


--------------------

NowPlayingsClean: 05m22s
NowPlayingsTmdb: 11m05s
NowPlayingsUpdate: 02m42s

--------------------

==== cron run end: 2026-04-26T04:44:00+0300 ====
