==== cron run start: 2026-06-27T04:00:00+0300 ====
From github.com:jeremyjacob101/Kartiseret
 * branch            main       -> FETCH_HEAD
Already on 'main'
M	backend/config/cron/cron_daily.log
Your branch is up to date with 'origin/main'.
HEAD is now at 00e52ea [D-RUN] daily artifacts and log 2026-06-26_04-57-32

--------------------

CCsoon: 00m26s
LCsoon: 01m51s
YPsoon: 02m11s
MLsoon: 02m43s
HCsoon: 04m02s

--------------------


--------------------

LevCinema: 05m06s
RavHen: 08m48s
MovieLand: 11m30s
HotCinema: 16m59s
YesPlanet: 20m13s
CinemaCity: 37m38s

--------------------


--------------------

ComingSoonsClean: 00m04s
ComingSoonsTmdb: 00m17s
ComingSoonsUpdate: 00m06s

--------------------


--------------------

NowPlayingsClean: 01m23s
NowPlayingsTmdb: 05m55s
NowPlayingsUpdate: 03m05s

--------------------

==== cron run end: 2026-06-27T04:52:42+0300 ====
