==== cron run start: 2026-04-17T04:00:00+0300 ====
From github.com:jeremyjacob101/Kartiseret
 * branch            main       -> FETCH_HEAD
   7c1116e..21d10b6  main       -> origin/main
Already on 'main'
M	backend/config/cron/cron_daily.log
Your branch is behind 'origin/main' by 1 commit, and can be fast-forwarded.
  (use "git pull" to update your local branch)
HEAD is now at 21d10b6 [M-RUN]

--------------------

CCsoon: 00m45s
LCsoon: 01m16s
YPsoon: 01m36s
MLsoon: 01m50s
HCsoon: 02m43s

--------------------


--------------------

LevCinema: 04m25s
RavHen: 06m48s
MovieLand: 09m02s
HotCinema: 14m08s
YesPlanet: 16m48s
CinemaCity: 26m20s

--------------------


--------------------

ComingSoonsClean: 00m04s
ComingSoonsTmdb: 00m26s
ComingSoonsUpdate: 00m05s

--------------------


--------------------

NowPlayingsClean: 01m15s
NowPlayingsTmdb: 04m45s
NowPlayingsUpdate: 02m27s

--------------------

==== cron run end: 2026-04-17T04:38:15+0300 ====
