==== cron run start: 2026-05-31T04:00:00+0300 ====
From github.com:jeremyjacob101/Kartiseret
 * branch            main       -> FETCH_HEAD
Already on 'main'
M	backend/config/cron/cron_daily.log
Your branch is up to date with 'origin/main'.
HEAD is now at 60ca2b7 [D-RUN] daily artifacts and log 2026-05-30_04-42-56

--------------------

CCsoon: 00m43s
YPsoon: 01m16s
LCsoon: 01m47s
MLsoon: 01m56s
HCsoon: 02m21s

--------------------


--------------------

LevCinema: 04m25s
RavHen: 06m38s
MovieLand: 09m27s
HotCinema: 10m50s
YesPlanet: 14m46s
CinemaCity: 22m40s

--------------------


--------------------

ComingSoonsClean: 00m04s
ComingSoonsTmdb: 00m08s
ComingSoonsUpdate: 00m06s

--------------------


--------------------

NowPlayingsClean: 01m12s
NowPlayingsTmdb: 06m15s
NowPlayingsUpdate: 02m57s

--------------------

==== cron run end: 2026-05-31T04:35:55+0300 ====
