==== cron run start: 2026-07-11T04:00:00+0300 ====
From github.com:jeremyjacob101/Kartiseret
 * branch            main       -> FETCH_HEAD
Already on 'main'
M	backend/config/cron/cron_daily.log
Your branch is up to date with 'origin/main'.
HEAD is now at 8015f8a [W-RUN] weekly artifacts and log 2026-07-10_19-37-46

--------------------

CCsoon: 00m32s
LCsoon: 01m25s
YPsoon: 01m53s
MLsoon: 02m30s
HCsoon: 04m05s

--------------------


--------------------

LevCinema: 05m16s
RavHen: 09m10s
MovieLand: 13m07s
HotCinema: 19m09s
YesPlanet: 22m24s
CinemaCity: 35m53s

--------------------


--------------------

ComingSoonsClean: 00m04s
ComingSoonsTmdb: 00m18s
ComingSoonsUpdate: 00m06s

--------------------


--------------------

NowPlayingsClean: 02m19s
NowPlayingsTmdb: 07m49s
NowPlayingsUpdate: 03m19s

--------------------

==== cron run end: 2026-07-11T04:54:04+0300 ====
