==== cron run start: 2026-07-09T04:00:00+0300 ====
From github.com:jeremyjacob101/Kartiseret
 * branch            main       -> FETCH_HEAD
   f7dd24d..6a02599  main       -> origin/main
Already on 'main'
M	backend/config/cron/cron_daily.log
Your branch is behind 'origin/main' by 161 commits, and can be fast-forwarded.
  (use "git pull" to update your local branch)
HEAD is now at 6a02599 [+] HC fix

--------------------

CCsoon: 00m27s
LCsoon: 01m17s
YPsoon: 01m52s
MLsoon: 02m35s
HCsoon: 03m51s

--------------------


--------------------

LevCinema: 04m30s
RavHen: 09m38s
MovieLand: 13m49s
HotCinema: 20m12s
YesPlanet: 25m00s
CinemaCity: 27m20s

--------------------


--------------------

ComingSoonsClean: 00m05s
ComingSoonsTmdb: 00m30s
ComingSoonsUpdate: 00m06s

--------------------


--------------------

NowPlayingsClean: 01m40s
NowPlayingsTmdb: 06m18s
NowPlayingsUpdate: 03m34s

--------------------

==== cron run end: 2026-07-09T04:43:40+0300 ====
