==== cron run start: 2026-05-27T04:00:00+0300 ====
From github.com:jeremyjacob101/Kartiseret
 * branch            main       -> FETCH_HEAD
Already on 'main'
M	backend/config/cron/cron_daily.log
Your branch is up to date with 'origin/main'.
HEAD is now at 2fb8f33 [W-RUN] weekly artifacts and log 2026-05-26_19-02-30

--------------------

CCsoon: 00m44s
YPsoon: 01m08s
MLsoon: 01m42s
LCsoon: 01m53s
HCsoon: 02m30s

--------------------


--------------------

LevCinema: 04m54s
RavHen: 08m09s
MovieLand: 10m45s
HotCinema: 13m04s
YesPlanet: 18m01s
CinemaCity: 43m42s

--------------------


--------------------

ComingSoonsClean: 00m04s
ComingSoonsTmdb: 00m08s
ComingSoonsUpdate: 00m06s

--------------------


--------------------

NowPlayingsClean: 01m30s
NowPlayingsTmdb: 07m31s
NowPlayingsUpdate: 03m19s

--------------------

==== cron run end: 2026-05-27T04:59:01+0300 ====
