==== cron run start: 2026-05-19T04:00:00+0300 ====
From github.com:jeremyjacob101/Kartiseret
 * branch            main       -> FETCH_HEAD
Already on 'main'
M	backend/config/cron/cron_daily.log
Your branch is up to date with 'origin/main'.
HEAD is now at 270815e [D-RUN] daily artifacts and log 2026-05-18_04-37-23

--------------------

CCsoon: 00m45s
YPsoon: 01m02s
LCsoon: 01m26s
MLsoon: 02m11s
HCsoon: 03m02s

--------------------


--------------------

LevCinema: 04m26s
MovieLand: 07m14s
RavHen: 08m47s
HotCinema: 12m35s
CinemaCity: 16m26s
YesPlanet: 21m24s

--------------------


--------------------

ComingSoonsClean: 00m04s
ComingSoonsTmdb: 00m05s
ComingSoonsUpdate: 00m05s

--------------------


--------------------

NowPlayingsClean: 02m41s
NowPlayingsTmdb: 07m32s
NowPlayingsUpdate: 03m26s

--------------------

==== cron run end: 2026-05-19T04:38:30+0300 ====
