==== cron run start: 2026-07-14T04:00:00+0300 ====
From github.com:jeremyjacob101/Kartiseret
 * branch            main       -> FETCH_HEAD
   94a0088..047c6dc  main       -> origin/main
Already on 'main'
M	backend/config/cron/cron_daily.log
Your branch is behind 'origin/main' by 5 commits, and can be fast-forwarded.
  (use "git pull" to update your local branch)
HEAD is now at 047c6dc [++] dedupe alls, new movieCode first run try with short-leaning codes

--------------------

CCsoon: 00m30s
LCsoon: 01m37s
YPsoon: 02m08s
MLsoon: 02m40s
HCsoon: 04m05s

--------------------


--------------------

LevCinema: 05m44s
RavHen: 10m16s
MovieLand: 10m16s
HotCinema: 16m42s
CinemaCity: 19m07s
YesPlanet: 24m23s

--------------------

Deleted 0 old allSoons rows on or before 2026-06-13.
Deleted 0 old finalSoons rows on or before 2026-07-14.
Found 0 duplicate rows out of 172 allSoons rows.
Deleted 0 duplicate rows from allSoons.

--------------------

ComingSoonsClean: 00m08s
ComingSoonsTmdb: 00m23s
ComingSoonsUpdate: 00m07s

--------------------

Deleted 1999 old allShowtimes rows on or before 2026-07-09.
Deleted 0 old finalShowtimes rows on or before 2026-07-13.
Deleted 1 orphan finalMovies rows.
Found 5683 exact duplicate rows out of 29107 allShowtimes rows.
Deleted 5683 exact duplicate rows from allShowtimes.

--------------------

NowPlayingsClean: 00m27s
NowPlayingsTmdb: 05m57s
NowPlayingsUpdate: 03m38s

--------------------

==== cron run end: 2026-07-14T04:39:20+0300 ====
