==== cron run start: 2026-04-11T04:00:00+0300 ====
From github.com:jeremyjacob101/Kartiseret
 * branch            main       -> FETCH_HEAD
   5c65275..b4d925d  main       -> origin/main
Already on 'main'
M	backend/config/cron/cron_daily.log
Your branch is behind 'origin/main' by 3 commits, and can be fast-forwarded.
  (use "git pull" to update your local branch)
HEAD is now at b4d925d [teq run]

--------------------

LCsoon: 00m26s
CCsoon: 00m35s
YPsoon: 01m05s
MLsoon: 01m32s
HCsoon: 02m05s

--------------------


--------------------

LevCinema: 01m28s
RavHen: 05m20s
MovieLand: 06m13s
HotCinema: 08m59s
YesPlanet: 11m18s
CinemaCity: 16m42s

--------------------


--------------------

ComingSoonsClean: 00m03s
ComingSoonsTmdb: 00m05s
ComingSoonsUpdate: 00m04s

--------------------


--------------------

NowPlayingsClean: 00m38s
NowPlayingsTmdb: 03m44s
NowPlayingsUpdate: 02m15s

--------------------

==== cron run end: 2026-04-11T04:25:48+0300 ====
