==== cron run start: 2026-05-21T04:00:00+0300 ====
From github.com:jeremyjacob101/Kartiseret
 * branch            main       -> FETCH_HEAD
   395761a..264d56c  main       -> origin/main
Already on 'main'
M	backend/config/cron/cron_daily.log
Your branch is behind 'origin/main' by 2 commits, and can be fast-forwarded.
  (use "git pull" to update your local branch)
HEAD is now at 264d56c Merge branch 'main' of https://github.com/jeremyjacob101/Kartiseret

--------------------

CCsoon: 00m41s
LCsoon: 01m22s
YPsoon: 01m24s
MLsoon: 02m09s
HCsoon: 02m43s

--------------------


--------------------

LevCinema: 04m20s
RavHen: 08m23s
MovieLand: 10m43s
HotCinema: 15m11s
YesPlanet: 20m08s
CinemaCity: 28m07s

--------------------


--------------------

ComingSoonsClean: 00m05s
ComingSoonsTmdb: 00m25s
ComingSoonsUpdate: 00m04s

--------------------


--------------------

NowPlayingsClean: 01m26s
NowPlayingsTmdb: 06m40s
NowPlayingsUpdate: 03m54s

--------------------

==== cron run end: 2026-05-21T04:43:37+0300 ====
