==== cron run start: 2026-06-08T04:00:00+0300 ====
From github.com:jeremyjacob101/Kartiseret
 * branch            main       -> FETCH_HEAD
Already on 'main'
M	backend/config/cron/cron_daily.log
Your branch is up to date with 'origin/main'.
HEAD is now at d7d6007 [D-RUN] daily artifacts and log 2026-06-07_04-38-01

--------------------

CCsoon: 00m49s
LCsoon: 01m57s
YPsoon: 01m59s
MLsoon: 02m18s
HCsoon: 03m13s

--------------------


--------------------

LevCinema: 04m49s
RavHen: 07m25s
MovieLand: 10m21s
HotCinema: 14m44s
YesPlanet: 18m29s
CinemaCity: 26m25s

--------------------


--------------------

ComingSoonsClean: 00m03s
ComingSoonsTmdb: 00m31s
ComingSoonsUpdate: 00m05s

--------------------


--------------------

NowPlayingsClean: 00m58s
NowPlayingsTmdb: 06m15s
NowPlayingsUpdate: 03m23s

--------------------

==== cron run end: 2026-06-08T04:41:05+0300 ====
