==== cron run start: 2026-05-05T04:00:00+0300 ====
From github.com:jeremyjacob101/Kartiseret
 * branch            main       -> FETCH_HEAD
Already on 'main'
M	backend/config/cron/cron_daily.log
Your branch is up to date with 'origin/main'.
HEAD is now at 163f0fa [D-RUN] daily artifacts and log 2026-05-04_04-41-03

--------------------

CCsoon: 00m52s
LCsoon: 01m20s
YPsoon: 01m25s
MLsoon: 01m59s
HCsoon: 02m44s

--------------------


--------------------

LevCinema: 04m40s
MovieLand: 06m56s
RavHen: 08m24s
HotCinema: 11m10s
CinemaCity: 14m27s
YesPlanet: 17m59s

--------------------


--------------------

ComingSoonsClean: 00m05s
ComingSoonsTmdb: 00m20s
ComingSoonsUpdate: 00m06s

--------------------


--------------------

NowPlayingsClean: 02m22s
NowPlayingsTmdb: 06m29s
NowPlayingsUpdate: 02m52s

--------------------

==== cron run end: 2026-05-05T04:33:09+0300 ====
