==== cron run start: 2026-04-08T04:00:00+0300 ====
From github.com:jeremyjacob101/Kartiseret
 * branch            main       -> FETCH_HEAD
Already on 'main'
M	backend/config/cron/cron_daily.log
Your branch is up to date with 'origin/main'.
HEAD is now at cf4c160 [W-RUN] weekly artifacts and log 2026-04-07_18-50-07

--------------------

LCsoon: 00m34s
CCsoon: 00m40s
YPsoon: 01m01s
MLsoon: 01m21s
HCsoon: 02m05s

--------------------


--------------------

LevCinema: 01m56s
RavHen: 04m51s
MovieLand: 07m13s
HotCinema: 10m34s
YesPlanet: 11m22s
CinemaCity: 21m06s

--------------------


--------------------

ComingSoonsClean: 00m06s
ComingSoonsTmdb: 00m05s
ComingSoonsUpdate: 00m05s

--------------------


--------------------

NowPlayingsClean: 00m23s
NowPlayingsTmdb: 04m06s
NowPlayingsUpdate: 02m52s

--------------------

==== cron run end: 2026-04-08T04:30:58+0300 ====
