==== cron run start: 2026-04-30T04:00:00+0300 ====
From github.com:jeremyjacob101/Kartiseret
 * branch            main       -> FETCH_HEAD
   c231b32..cb550e1  main       -> origin/main
Already on 'main'
M	backend/config/cron/cron_daily.log
Your branch is behind 'origin/main' by 2 commits, and can be fast-forwarded.
  (use "git pull" to update your local branch)
HEAD is now at cb550e1 [M-RUN]

--------------------

CCsoon: 00m44s
LCsoon: 01m09s
YPsoon: 01m27s
MLsoon: 01m37s
HCsoon: 02m37s

--------------------


--------------------

LevCinema: 04m12s
RavHen: 07m12s
MovieLand: 08m16s
HotCinema: 11m49s
YesPlanet: 15m56s
CinemaCity: 35m56s

--------------------


--------------------

ComingSoonsClean: 00m04s
ComingSoonsTmdb: 00m34s
ComingSoonsUpdate: 00m05s

--------------------


--------------------

NowPlayingsClean: 02m40s
NowPlayingsTmdb: 06m30s
NowPlayingsUpdate: 02m27s

--------------------

==== cron run end: 2026-04-30T04:51:04+0300 ====
