==== cron run start: 2026-04-21T04:00:00+0300 ====
From github.com:jeremyjacob101/Kartiseret
 * branch            main       -> FETCH_HEAD
   4727a06..188c9c3  main       -> origin/main
Already on 'main'
M	backend/config/cron/cron_daily.log
Your branch is behind 'origin/main' by 1 commit, and can be fast-forwarded.
  (use "git pull" to update your local branch)
HEAD is now at 188c9c3 [+] rh dub fix

--------------------

CCsoon: 00m44s
LCsoon: 01m31s
YPsoon: 01m33s
MLsoon: 01m54s
HCsoon: 02m26s

--------------------


--------------------

LevCinema: 03m57s
RavHen: 05m12s
MovieLand: 05m41s
HotCinema: 11m26s
YesPlanet: 11m56s
CinemaCity: 41m55s

--------------------


--------------------

ComingSoonsClean: 00m04s
ComingSoonsTmdb: 00m14s
ComingSoonsUpdate: 00m05s

--------------------


--------------------

NowPlayingsClean: 01m18s
NowPlayingsTmdb: 04m52s
NowPlayingsUpdate: 02m26s

--------------------

==== cron run end: 2026-04-21T04:53:33+0300 ====
