==== cron run start: 2026-05-10T04:00:00+0300 ====
From github.com:jeremyjacob101/Kartiseret
 * branch            main       -> FETCH_HEAD
Already on 'main'
M	backend/config/cron/cron_daily.log
Your branch is up to date with 'origin/main'.
HEAD is now at 9694c8d [D-RUN] daily artifacts and log 2026-05-09_04-43-13

--------------------

CCsoon: 00m51s
LCsoon: 01m07s
YPsoon: 01m44s
MLsoon: 02m05s
HCsoon: 02m42s

--------------------


--------------------

LevCinema: 03m36s
RavHen: 06m29s
MovieLand: 07m51s
HotCinema: 11m53s
YesPlanet: 14m39s
CinemaCity: 22m17s

--------------------


--------------------

ComingSoonsClean: 00m04s
ComingSoonsTmdb: 00m06s
ComingSoonsUpdate: 00m05s

--------------------


--------------------

NowPlayingsClean: 02m28s
NowPlayingsTmdb: 06m46s
NowPlayingsUpdate: 02m58s

--------------------

==== cron run end: 2026-05-10T04:37:38+0300 ====
