==== cron run start: 2026-05-04T04:00:00+0300 ====
From github.com:jeremyjacob101/Kartiseret
 * branch            main       -> FETCH_HEAD
Already on 'main'
M	backend/config/cron/cron_daily.log
Your branch is up to date with 'origin/main'.
HEAD is now at 1e3503c [D-RUN] daily artifacts and log 2026-05-03_04-36-50

--------------------

CCsoon: 00m51s
LCsoon: 01m11s
YPsoon: 01m27s
MLsoon: 01m57s
HCsoon: 02m41s

--------------------


--------------------

LevCinema: 03m19s
RavHen: 06m17s
MovieLand: 06m56s
HotCinema: 10m07s
YesPlanet: 12m57s
CinemaCity: 26m35s

--------------------


--------------------

ComingSoonsClean: 00m03s
ComingSoonsTmdb: 00m08s
ComingSoonsUpdate: 00m05s

--------------------


--------------------

NowPlayingsClean: 02m24s
NowPlayingsTmdb: 06m11s
NowPlayingsUpdate: 02m45s

--------------------

==== cron run end: 2026-05-04T04:41:03+0300 ====
