==== cron run start: 2026-07-10T04:00:00+0300 ====
From github.com:jeremyjacob101/Kartiseret
 * branch            main       -> FETCH_HEAD
   e785f7e..9ea61c1  main       -> origin/main
Already on 'main'
M	backend/config/cron/cron_daily.log
Your branch is behind 'origin/main' by 6 commits, and can be fast-forwarded.
  (use "git pull" to update your local branch)
HEAD is now at 9ea61c1 [+] readme update

--------------------

CCsoon: 00m33s
LCsoon: 01m27s
YPsoon: 01m53s
MLsoon: 02m48s
HCsoon: 04m18s

--------------------


--------------------

LevCinema: 05m11s
RavHen: 09m15s
MovieLand: 12m37s
HotCinema: 19m24s
YesPlanet: 23m47s
CinemaCity: 40m55s

--------------------


--------------------

ComingSoonsClean: 00m04s
ComingSoonsTmdb: 00m32s
ComingSoonsUpdate: 00m06s

--------------------


--------------------

NowPlayingsClean: 01m40s
NowPlayingsTmdb: 06m18s
NowPlayingsUpdate: 02m54s

--------------------

==== cron run end: 2026-07-10T04:56:59+0300 ====
