==== cron run start: 2026-06-26T04:00:00+0300 ====
From github.com:jeremyjacob101/Kartiseret
 * branch            main       -> FETCH_HEAD
Already on 'main'
M	backend/config/cron/cron_daily.log
Your branch is up to date with 'origin/main'.
HEAD is now at 4babf28 [D-RUN] daily artifacts and log 2026-06-25_05-00-38

--------------------

CCsoon: 00m28s
LCsoon: 01m56s
YPsoon: 02m19s
MLsoon: 02m52s
HCsoon: 04m10s

--------------------


--------------------

LevCinema: 05m12s
RavHen: 08m58s
MovieLand: 11m59s
HotCinema: 17m58s
YesPlanet: 21m20s
CinemaCity: 42m13s

--------------------


--------------------

ComingSoonsClean: 00m05s
ComingSoonsTmdb: 00m28s
ComingSoonsUpdate: 00m06s

--------------------


--------------------

NowPlayingsClean: 01m12s
NowPlayingsTmdb: 05m57s
NowPlayingsUpdate: 03m09s

--------------------

==== cron run end: 2026-06-26T04:57:31+0300 ====
