==== cron run start: 2026-05-16T04:00:01+0300 ====
From github.com:jeremyjacob101/Kartiseret
 * branch            main       -> FETCH_HEAD
Already on 'main'
M	backend/config/cron/cron_daily.log
Your branch is up to date with 'origin/main'.
HEAD is now at a791ede [D-RUN] daily artifacts and log 2026-05-15_05-03-52

--------------------

CCsoon: 00m44s
LCsoon: 01m18s
YPsoon: 01m50s
MLsoon: 02m13s
HCsoon: 03m07s

--------------------


--------------------

LevCinema: 03m45s
RavHen: 07m35s
MovieLand: 08m29s
HotCinema: 13m50s
YesPlanet: 17m56s
CinemaCity: 31m17s

--------------------


--------------------

ComingSoonsClean: 00m04s
ComingSoonsTmdb: 00m05s
ComingSoonsUpdate: 00m05s

--------------------


--------------------

NowPlayingsClean: 02m49s
NowPlayingsTmdb: 07m28s
NowPlayingsUpdate: 03m27s

--------------------

==== cron run end: 2026-05-16T04:48:32+0300 ====
