==== cron run start: 2026-05-22T04:00:00+0300 ====
From github.com:jeremyjacob101/Kartiseret
 * branch            main       -> FETCH_HEAD
Already on 'main'
M	backend/config/cron/cron_daily.log
Your branch is up to date with 'origin/main'.
HEAD is now at ad60ab8 [+] account for overriding tmdb_id in title_fix column of tableFixes

--------------------

CCsoon: 00m46s
YPsoon: 01m19s
LCsoon: 01m23s
MLsoon: 02m06s
HCsoon: 02m43s

--------------------


--------------------

LevCinema: 04m00s
RavHen: 07m57s
MovieLand: 09m40s
HotCinema: 14m09s
YesPlanet: 18m24s
CinemaCity: 34m44s

--------------------


--------------------

ComingSoonsClean: 00m04s
ComingSoonsTmdb: 00m07s
ComingSoonsUpdate: 00m04s

--------------------


--------------------

NowPlayingsClean: 01m34s
NowPlayingsTmdb: 06m53s
NowPlayingsUpdate: 03m26s

--------------------

==== cron run end: 2026-05-22T04:49:48+0300 ====
