==== cron run start: 2026-05-12T04:00:00+0300 ====
From github.com:jeremyjacob101/Kartiseret
 * branch            main       -> FETCH_HEAD
Already on 'main'
M	backend/config/cron/cron_daily.log
Your branch is up to date with 'origin/main'.
HEAD is now at 344edef [D-RUN] daily artifacts and log 2026-05-11_04-34-12

--------------------

CCsoon: 00m53s
LCsoon: 01m48s
YPsoon: 01m48s
MLsoon: 02m27s
HCsoon: 03m24s

--------------------


--------------------

LevCinema: 05m06s
MovieLand: 06m44s
RavHen: 08m47s
HotCinema: 13m59s
CinemaCity: 14m17s
YesPlanet: 20m42s

--------------------


--------------------

ComingSoonsClean: 00m04s
ComingSoonsTmdb: 00m10s
ComingSoonsUpdate: 00m05s

--------------------


--------------------

NowPlayingsClean: 02m28s
NowPlayingsTmdb: 07m45s
NowPlayingsUpdate: 03m33s

--------------------

==== cron run end: 2026-05-12T04:38:22+0300 ====
