==== cron run start: 2026-06-24T04:00:00+0300 ====
From github.com:jeremyjacob101/Kartiseret
 * branch            main       -> FETCH_HEAD
Already on 'main'
M	backend/config/cron/cron_daily.log
Your branch is up to date with 'origin/main'.
HEAD is now at 63ba745 [W-RUN] weekly artifacts and log 2026-06-23_19-44-16

--------------------

CCsoon: 01m00s
MLsoon: 02m04s
YPsoon: 02m10s
LCsoon: 02m12s
HCsoon: 03m56s

--------------------


--------------------

RavHen: 10m46s
MovieLand: 14m59s
LevCinema: 16m02s
HotCinema: 23m01s
YesPlanet: 26m31s
CinemaCity: 76m02s

--------------------


--------------------

ComingSoonsClean: 00m06s
ComingSoonsTmdb: 00m20s
ComingSoonsUpdate: 00m07s

--------------------


--------------------

NowPlayingsClean: 01m11s
NowPlayingsTmdb: 05m46s
NowPlayingsUpdate: 03m16s

--------------------

==== cron run end: 2026-06-24T05:30:54+0300 ====
