==== cron run start: 2026-05-07T04:00:00+0300 ====
From github.com:jeremyjacob101/Kartiseret
 * branch            main       -> FETCH_HEAD
Already on 'main'
M	backend/config/cron/cron_daily.log
Your branch is up to date with 'origin/main'.
HEAD is now at 9726355 [D-RUN] daily artifacts and log 2026-05-06_04-58-41

--------------------

CCsoon: 00m45s
LCsoon: 01m05s
YPsoon: 01m42s
MLsoon: 02m01s
HCsoon: 02m29s

--------------------


--------------------

LevCinema: 03m38s
RavHen: 07m53s
MovieLand: 08m36s
HotCinema: 12m06s
YesPlanet: 16m17s
CinemaCity: 35m53s

--------------------


--------------------

ComingSoonsClean: 00m04s
ComingSoonsTmdb: 00m07s
ComingSoonsUpdate: 00m05s

--------------------


--------------------

NowPlayingsClean: 02m52s
NowPlayingsTmdb: 07m32s
NowPlayingsUpdate: 02m55s

--------------------

==== cron run end: 2026-05-07T04:52:07+0300 ====
