==== cron run start: 2026-06-25T04:00:01+0300 ====
From github.com:jeremyjacob101/Kartiseret
 * branch            main       -> FETCH_HEAD
Already on 'main'
M	backend/config/cron/cron_daily.log
Your branch is up to date with 'origin/main'.
HEAD is now at 275d233 [D-RUN] daily artifacts and log 2026-06-24_05-30-55

--------------------

CCsoon: 00m31s
LCsoon: 01m51s
YPsoon: 02m10s
MLsoon: 02m37s
HCsoon: 03m42s

--------------------


--------------------

LevCinema: 05m48s
RavHen: 09m51s
MovieLand: 13m30s
HotCinema: 19m18s
YesPlanet: 23m02s
CinemaCity: 45m28s

--------------------


--------------------

ComingSoonsClean: 00m04s
ComingSoonsTmdb: 00m43s
ComingSoonsUpdate: 00m05s

--------------------


--------------------

NowPlayingsClean: 01m17s
NowPlayingsTmdb: 05m59s
NowPlayingsUpdate: 03m08s

--------------------

==== cron run end: 2026-06-25T05:00:38+0300 ====
