==== cron run start: 2026-07-06T04:00:00+0300 ====
From github.com:jeremyjacob101/Kartiseret
 * branch            main       -> FETCH_HEAD
Already on 'main'
M	backend/config/cron/cron_daily.log
Your branch is up to date with 'origin/main'.
HEAD is now at 8222502 [^]

--------------------

CCsoon: 00m27s
LCsoon: 01m24s
YPsoon: 01m40s
MLsoon: 02m50s
HCsoon: 03m56s

--------------------


--------------------

LevCinema: 04m17s
RavHen: 08m15s
MovieLand: 11m45s
HotCinema: 22m13s
YesPlanet: 22m29s
CinemaCity: 26m27s

--------------------


--------------------

ComingSoonsClean: 00m04s
ComingSoonsTmdb: 00m21s
ComingSoonsUpdate: 00m06s

--------------------


--------------------

NowPlayingsClean: 01m26s
NowPlayingsTmdb: 04m55s
NowPlayingsUpdate: 02m35s

--------------------

==== cron run end: 2026-07-06T04:40:03+0300 ====
