==== cron run start: 2026-07-08T04:00:00+0300 ====
From github.com:jeremyjacob101/Kartiseret
 * branch            main       -> FETCH_HEAD
Already on 'main'
M	backend/config/cron/cron_daily.log
Your branch is up to date with 'origin/main'.
HEAD is now at 34731d8 [W-RUN] weekly artifacts and log 2026-07-07_19-09-40

--------------------

CCsoon: 00m25s
LCsoon: 01m36s
YPsoon: 02m36s
MLsoon: 02m39s
HCsoon: 04m19s

--------------------


--------------------

LevCinema: 05m41s
RavHen: 10m27s
MovieLand: 15m30s
HotCinema: 23m47s
YesPlanet: 29m30s
CinemaCity: 45m52s

--------------------


--------------------

ComingSoonsClean: 00m04s
ComingSoonsTmdb: 00m20s
ComingSoonsUpdate: 00m07s

--------------------


--------------------

NowPlayingsClean: 01m33s
NowPlayingsTmdb: 05m41s
NowPlayingsUpdate: 03m15s

--------------------

==== cron run end: 2026-07-08T05:01:23+0300 ====
