==== cron run start: 2026-06-06T04:00:01+0300 ====
From github.com:jeremyjacob101/Kartiseret
 * branch            main       -> FETCH_HEAD
Already on 'main'
M	backend/config/cron/cron_daily.log
Your branch is up to date with 'origin/main'.
HEAD is now at 93de90b [D-RUN] daily artifacts and log 2026-06-05_04-55-40

--------------------

CCsoon: 00m45s
LCsoon: 01m42s
YPsoon: 01m46s
MLsoon: 02m08s
HCsoon: 02m47s

--------------------


--------------------

LevCinema: 04m42s
RavHen: 07m49s
MovieLand: 10m25s
HotCinema: 14m31s
YesPlanet: 17m57s
CinemaCity: 29m56s

--------------------


--------------------

ComingSoonsClean: 00m04s
ComingSoonsTmdb: 00m15s
ComingSoonsUpdate: 00m07s

--------------------


--------------------

NowPlayingsClean: 01m07s
NowPlayingsTmdb: 06m30s
NowPlayingsUpdate: 02m55s

--------------------

==== cron run end: 2026-06-06T04:43:51+0300 ====
