==== cron run start: 2026-04-19T04:00:00+0300 ====
From github.com:jeremyjacob101/Kartiseret
 * branch            main       -> FETCH_HEAD
Already on 'main'
M	backend/config/cron/cron_daily.log
Your branch is up to date with 'origin/main'.
HEAD is now at 864f676 [D-RUN] daily artifacts and log 2026-04-18_04-33-26

--------------------

CCsoon: 00m44s
LCsoon: 01m15s
YPsoon: 01m31s
MLsoon: 01m47s
HCsoon: 02m35s

--------------------


--------------------

LevCinema: 03m54s
RavHen: 06m22s
MovieLand: 06m35s
HotCinema: 11m54s
YesPlanet: 14m11s
CinemaCity: 16m31s

--------------------


--------------------

ComingSoonsClean: 00m04s
ComingSoonsTmdb: 00m05s
ComingSoonsUpdate: 00m05s

--------------------


--------------------

NowPlayingsClean: 01m17s
NowPlayingsTmdb: 04m22s
NowPlayingsUpdate: 02m16s

--------------------

==== cron run end: 2026-04-19T04:27:25+0300 ====
