==== cron run start: 2026-07-02T04:00:00+0300 ====
From github.com:jeremyjacob101/Kartiseret
 * branch            main       -> FETCH_HEAD
Already on 'main'
M	backend/config/cron/cron_daily.log
Your branch is up to date with 'origin/main'.
HEAD is now at 7f1dbfb [D-RUN] daily artifacts and log 2026-07-01_05-12-11

--------------------

CCsoon: 00m27s
LCsoon: 01m34s
YPsoon: 01m50s
MLsoon: 02m29s
HCsoon: 03m58s

--------------------


--------------------

LevCinema: 04m34s
RavHen: 10m07s
MovieLand: 13m49s
HotCinema: 22m23s
YesPlanet: 28m15s
CinemaCity: 51m51s

--------------------


--------------------

ComingSoonsClean: 00m05s
ComingSoonsTmdb: 00m16s
ComingSoonsUpdate: 00m06s

--------------------


--------------------

NowPlayingsClean: 01m28s
NowPlayingsTmdb: 04m53s
NowPlayingsUpdate: 03m17s

--------------------

==== cron run end: 2026-07-02T05:06:02+0300 ====
