==== cron run start: 2026-06-23T04:00:00+0300 ====
From github.com:jeremyjacob101/Kartiseret
 * branch            main       -> FETCH_HEAD
Already on 'main'
M	backend/config/cron/cron_daily.log
Your branch is up to date with 'origin/main'.
HEAD is now at bda3e05 [D-RUN] daily artifacts and log 2026-06-22_04-36-58

--------------------

CCsoon: 00m56s
LCsoon: 02m20s
YPsoon: 02m21s
MLsoon: 02m27s
HCsoon: 04m08s

--------------------


--------------------

LevCinema: 06m30s
RavHen: 08m12s
MovieLand: 09m50s
HotCinema: 15m15s
CinemaCity: 18m34s
YesPlanet: 23m10s

--------------------


--------------------

ComingSoonsClean: 00m04s
ComingSoonsTmdb: 00m22s
ComingSoonsUpdate: 00m05s

--------------------


--------------------

NowPlayingsClean: 00m52s
NowPlayingsTmdb: 05m50s
NowPlayingsUpdate: 03m21s

--------------------

==== cron run end: 2026-06-23T04:38:04+0300 ====
