==== cron run start: 2026-05-24T04:00:00+0300 ====
From github.com:jeremyjacob101/Kartiseret
 * branch            main       -> FETCH_HEAD
Already on 'main'
M	backend/config/cron/cron_daily.log
Your branch is up to date with 'origin/main'.
HEAD is now at 8d75fe9 [D-RUN] daily artifacts and log 2026-05-23_04-44-36

--------------------

CCsoon: 00m44s
LCsoon: 01m19s
YPsoon: 01m23s
MLsoon: 02m10s
HCsoon: 02m41s

--------------------


--------------------

LevCinema: 03m59s
RavHen: 06m33s
MovieLand: 06m40s
HotCinema: 12m19s
YesPlanet: 15m20s
CinemaCity: 23m24s

--------------------


--------------------

ComingSoonsClean: 00m04s
ComingSoonsTmdb: 00m07s
ComingSoonsUpdate: 00m04s

--------------------


--------------------

NowPlayingsClean: 01m34s
NowPlayingsTmdb: 06m34s
NowPlayingsUpdate: 03m20s

--------------------

==== cron run end: 2026-05-24T04:38:00+0300 ====
