==== cron run start: 2026-04-15T04:00:00+0300 ====
From github.com:jeremyjacob101/Kartiseret
 * branch            main       -> FETCH_HEAD
Already on 'main'
M	backend/config/cron/cron_daily.log
Your branch is up to date with 'origin/main'.
HEAD is now at 13d3045 [W-RUN] weekly artifacts and log 2026-04-14_19-38-26

--------------------

CCsoon: 00m43s
LCsoon: 00m54s
YPsoon: 01m12s
MLsoon: 01m32s
HCsoon: 02m14s

--------------------


--------------------

LevCinema: 03m18s
RavHen: 06m40s
MovieLand: 08m48s
HotCinema: 12m16s
YesPlanet: 15m40s
CinemaCity: 33m30s

--------------------


--------------------

ComingSoonsClean: 00m04s
ComingSoonsTmdb: 00m07s
ComingSoonsUpdate: 00m04s

--------------------


--------------------

NowPlayingsClean: 00m57s
NowPlayingsTmdb: 04m35s
NowPlayingsUpdate: 02m27s

--------------------

==== cron run end: 2026-04-15T04:44:13+0300 ====
