==== cron run start: 2026-04-22T04:00:00+0300 ====
From github.com:jeremyjacob101/Kartiseret
 * branch            main       -> FETCH_HEAD
Already on 'main'
M	backend/config/cron/cron_daily.log
Your branch is up to date with 'origin/main'.
HEAD is now at 935c941 [W-RUN] weekly artifacts and log 2026-04-21_18-57-36

--------------------

CCsoon: 00m45s
YPsoon: 01m23s
LCsoon: 01m32s
MLsoon: 01m47s
HCsoon: 02m20s

--------------------


--------------------

LevCinema: 05m21s
RavHen: 06m01s
MovieLand: 09m38s
YesPlanet: 17m43s
HotCinema: 18m46s
CinemaCity: 42m07s

--------------------


--------------------

ComingSoonsClean: 00m04s
ComingSoonsTmdb: 00m07s
ComingSoonsUpdate: 00m05s

--------------------


--------------------

NowPlayingsClean: 01m35s
NowPlayingsTmdb: 06m21s
NowPlayingsUpdate: 02m48s

--------------------

==== cron run end: 2026-04-22T04:55:36+0300 ====
