==== cron run start: 2026-05-29T04:00:00+0300 ====
From github.com:jeremyjacob101/Kartiseret
 * branch            main       -> FETCH_HEAD
Already on 'main'
M	backend/config/cron/cron_daily.log
Your branch is up to date with 'origin/main'.
HEAD is now at 9e1dd17 [D-RUN] daily artifacts and log 2026-05-28_04-55-05

--------------------

CCsoon: 00m43s
YPsoon: 01m16s
LCsoon: 01m50s
MLsoon: 02m05s
HCsoon: 02m27s

--------------------


--------------------

LevCinema: 04m46s
RavHen: 07m39s
CinemaCity: 08m07s
MovieLand: 10m16s
HotCinema: 12m31s
YesPlanet: 17m26s

--------------------


--------------------

ComingSoonsClean: 00m04s
ComingSoonsTmdb: 00m12s
ComingSoonsUpdate: 00m06s

--------------------


--------------------

NowPlayingsClean: 01m14s
NowPlayingsTmdb: 06m41s
NowPlayingsUpdate: 03m24s

--------------------

==== cron run end: 2026-05-29T04:31:45+0300 ====
