==== cron run start: 2026-06-16T04:00:00+0300 ====
From github.com:jeremyjacob101/Kartiseret
 * branch            main       -> FETCH_HEAD
Already on 'main'
M	backend/config/cron/cron_daily.log
Your branch is up to date with 'origin/main'.
HEAD is now at a7c0da0 [D-RUN] daily artifacts and log 2026-06-15_04-39-52

--------------------

CCsoon: 01m07s
LCsoon: 01m59s
YPsoon: 02m05s
MLsoon: 02m29s
HCsoon: 03m32s

--------------------


--------------------

LevCinema: 06m28s
MovieLand: 10m11s
RavHen: 10m11s
HotCinema: 15m10s
CinemaCity: 21m08s
YesPlanet: 23m27s

--------------------


--------------------

ComingSoonsClean: 00m04s
ComingSoonsTmdb: 00m24s
ComingSoonsUpdate: 00m05s

--------------------


--------------------

NowPlayingsClean: 00m58s
NowPlayingsTmdb: 06m42s
NowPlayingsUpdate: 06m51s

--------------------

==== cron run end: 2026-06-16T04:42:14+0300 ====
