==== cron run start: 2026-07-21T18:00:00+0300 ====
From github.com:jeremyjacob101/Kartiseret
 * branch            main       -> FETCH_HEAD
Already on 'main'
M	backend/config/cron/cron_weekly.log
Your branch is up to date with 'origin/main'.
HEAD is now at ae6cd4e [D-RUN] daily artifacts and log 2026-07-21_04-43-12

--------------------

CCsoon: 02m34s
LCsoon: 03m20s
YPsoon: 03m34s
MLsoon: 04m16s
HCsoon: 05m39s

--------------------


--------------------

LevCinema: 06m13s
RavHen: 13m09s
MovieLand: 14m09s
HotCinema: 20m05s
YesPlanet: 27m31s
CinemaCity: 28m05s

--------------------

Deleted 0 old allSoons rows on or before 2026-06-20.
Deleted 0 old finalSoons rows on or before 2026-07-21.
Found 0 duplicate rows out of 177 allSoons rows.
Deleted 0 duplicate rows from allSoons.

--------------------

ComingSoonsClean: 00m04s
ComingSoonsTmdb: 00m43s
ComingSoonsUpdate: 00m08s

--------------------

Deleted 0 old allShowtimes rows on or before 2026-07-16.
Deleted 0 old finalShowtimes rows on or before 2026-07-20.
Deleted 2 orphan finalMovies rows.
Found 7215 exact duplicate rows out of 33315 allShowtimes rows.
Deleted 7215 exact duplicate rows from allShowtimes.

--------------------

NowPlayingsClean: 00m38s
NowPlayingsTmdb: 06m31s
NowPlayingsUpdate: 04m38s

--------------------

==== cron run end: 2026-07-21T18:46:38+0300 ====
