==== cron run start: 2026-06-09T18:00:00+0300 ====
From github.com:jeremyjacob101/Kartiseret
 * branch            main       -> FETCH_HEAD
Already on 'main'
M	backend/config/cron/cron_weekly.log
Your branch is up to date with 'origin/main'.
HEAD is now at c3749ba [D-RUN] daily artifacts and log 2026-06-09_04-36-54

--------------------

CCsoon: 00m58s
YPsoon: 02m07s
MLsoon: 02m21s
LCsoon: 02m23s
HCsoon: 03m40s

--------------------


--------------------

LevCinema: 07m03s
RavHen: 08m58s
HotCinema: 19m18s
MovieLand: 20m27s
YesPlanet: 22m01s
CinemaCity: 48m37s

--------------------


--------------------

ComingSoonsClean: 00m04s
ComingSoonsTmdb: 00m24s
ComingSoonsUpdate: 00m06s

--------------------


--------------------

NowPlayingsClean: 00m59s
NowPlayingsTmdb: 06m50s
NowPlayingsUpdate: 03m37s

--------------------

==== cron run end: 2026-06-09T19:04:30+0300 ====
