==== cron run start: 2026-07-07T18:00:00+0300 ====
From github.com:jeremyjacob101/Kartiseret
 * branch            main       -> FETCH_HEAD
Already on 'main'
M	backend/config/cron/cron_weekly.log
Your branch is up to date with 'origin/main'.
HEAD is now at a1557b2 [D-RUN] daily artifacts and log 2026-07-07_04-44-58

--------------------

CCsoon: 00m30s
LCsoon: 01m39s
YPsoon: 02m22s
MLsoon: 02m36s
HCsoon: 04m14s

--------------------


--------------------

LevCinema: 05m37s
RavHen: 10m58s
MovieLand: 16m33s
HotCinema: 27m29s
YesPlanet: 32m34s
CinemaCity: 53m58s

--------------------


--------------------

ComingSoonsClean: 00m05s
ComingSoonsTmdb: 00m47s
ComingSoonsUpdate: 00m07s

--------------------


--------------------

NowPlayingsClean: 01m26s
NowPlayingsTmdb: 05m18s
NowPlayingsUpdate: 03m32s

--------------------

==== cron run end: 2026-07-07T19:09:39+0300 ====
