==== cron run start: 2026-03-24T18:00:00+0200 ====
From github.com:jeremyjacob101/Kartiseret
 * branch            main       -> FETCH_HEAD
   41a4805..8b8e5d9  main       -> origin/main
Already on 'main'
M	backend/config/cron/cron_weekly.log
Your branch is behind 'origin/main' by 13 commits, and can be fast-forwarded.
  (use "git pull" to update your local branch)
HEAD is now at 8b8e5d9 Rewrite README with branded visuals and project overview

--------------------

LCsoon: 00m45s
CCsoon: 00m45s
YPsoon: 01m21s
MLsoon: 01m50s
HCsoon: 02m20s

--------------------


--------------------

CinemaCity: 01m24s
RavHen: 02m52s
YesPlanet: 03m18s
LevCinema: 05m36s
MovieLand: 06m36s
HotCinema: 12m12s

--------------------


--------------------

ComingSoonsClean: 00m04s
ComingSoonsTmdb: 00m10s
ComingSoonsUpdate: 00m06s
ComingSoonsPreview: 00m03s

--------------------


--------------------

NowPlayingsClean: 00m03s
NowPlayingsTmdb: 00m11s
NowPlayingsUpdate: 05m17s
NowPlayingsPreview: 00m03s

--------------------

==== cron run end: 2026-03-24T18:20:40+0200 ====
