==== cron run start: 2026-05-12T18:00:00+0300 ====
From github.com:jeremyjacob101/Kartiseret
 * branch            main       -> FETCH_HEAD
Already on 'main'
M	backend/config/cron/cron_weekly.log
Your branch is up to date with 'origin/main'.
HEAD is now at 78f54ac [D-RUN] daily artifacts and log 2026-05-12_04-38-22

--------------------

CCsoon: 00m53s
LCsoon: 01m43s
YPsoon: 01m53s
MLsoon: 02m17s
HCsoon: 03m27s

--------------------


--------------------

LevCinema: 05m16s
RavHen: 08m49s
MovieLand: 10m39s
HotCinema: 16m20s
YesPlanet: 21m30s
CinemaCity: 46m40s

--------------------


--------------------

ComingSoonsClean: 00m05s
ComingSoonsTmdb: 00m12s
ComingSoonsUpdate: 00m06s

--------------------


--------------------

NowPlayingsClean: 02m42s
NowPlayingsTmdb: 08m50s
NowPlayingsUpdate: 03m52s

--------------------

==== cron run end: 2026-05-12T19:06:04+0300 ====
