==== cron run start: 2026-06-23T18:00:00+0300 ====
From github.com:jeremyjacob101/Kartiseret
 * branch            main       -> FETCH_HEAD
Already on 'main'
M	backend/config/cron/cron_weekly.log
Your branch is up to date with 'origin/main'.
HEAD is now at f34e4bb [D-RUN] daily artifacts and log 2026-06-23_04-38-04

--------------------

CCsoon: 01m04s
MLsoon: 02m11s
YPsoon: 02m18s
LCsoon: 02m19s
HCsoon: 04m06s

--------------------


--------------------

LevCinema: 06m12s
RavHen: 08m36s
MovieLand: 13m52s
HotCinema: 19m38s
YesPlanet: 24m05s
CinemaCity: 89m25s

--------------------


--------------------

ComingSoonsClean: 00m04s
ComingSoonsTmdb: 00m18s
ComingSoonsUpdate: 00m06s

--------------------


--------------------

NowPlayingsClean: 01m08s
NowPlayingsTmdb: 05m52s
NowPlayingsUpdate: 03m04s

--------------------

==== cron run end: 2026-06-23T19:44:16+0300 ====
