==== cron run start: 2026-01-16T14:26:53+0200 ====
Your branch is up to date with 'origin/main'.
HEAD is now at d523d9a Merge branch 'main' of https://github.com/jeremyjacob101/KartiseretV2

--------------------

LCsoon: 00m49s
CCsoon: 00m53s
YPsoon: 01m40s
MLsoon: 01m56s
HCsoon: 03m04s

--------------------


--------------------

LevCinema: 02m14s
RavHen: 06m49s
MovieLand: 09m20s
HotCinema: 12m45s
YesPlanet: 15m23s
CinemaCity: 17m40s

--------------------


--------------------

ComingSoonsClean: 00m08s
ComingSoonsTmdb: 00m08s

--------------------


--------------------

NowPlayingsClean: 02m56s
NowPlayingsTmdb: 01m39s

--------------------

