==== cron run start: 2026-04-28T18:00:00+0300 ====
From github.com:jeremyjacob101/Kartiseret
 * branch            main       -> FETCH_HEAD
Already on 'main'
M	backend/config/cron/cron_weekly.log
Your branch is up to date with 'origin/main'.
HEAD is now at c256c78 [D-RUN] daily artifacts and log 2026-04-28_04-41-00

--------------------

CCsoon: 00m47s
LCsoon: 01m28s
YPsoon: 01m36s
MLsoon: 01m56s
HCsoon: 02m49s

--------------------


--------------------

CinemaCity: 07m08s
RavHen: 07m10s
LevCinema: 09m29s
YesPlanet: 09m49s
MovieLand: 10m32s
HotCinema: 23m43s

--------------------


--------------------

ComingSoonsClean: 00m08s
ComingSoonsTmdb: 00m05s
ComingSoonsUpdate: 00m07s

--------------------


--------------------

NowPlayingsClean: 02m20s
NowPlayingsTmdb: 04m10s
NowPlayingsUpdate: 02m56s

--------------------

==== cron run end: 2026-04-28T18:36:30+0300 ====
