==== cron run start: 2026-04-14T19:04:54+0300 ====
From github.com:jeremyjacob101/Kartiseret
 * branch            main       -> FETCH_HEAD
Already on 'main'
M	backend/config/cron/cron_weekly.log
Your branch is up to date with 'origin/main'.
HEAD is now at d4c05a0 [D-RUN] daily artifacts and log 2026-04-14_04-37-22

--------------------

CCsoon: 00m40s
LCsoon: 00m51s
YPsoon: 01m02s
MLsoon: 01m28s
HCsoon: 02m22s

--------------------


--------------------

LevCinema: 01m50s
RavHen: 04m39s
MovieLand: 07m05s
HotCinema: 09m44s
YesPlanet: 13m02s
CinemaCity: 22m13s

--------------------


--------------------

ComingSoonsClean: 00m04s
ComingSoonsTmdb: 00m19s
ComingSoonsUpdate: 00m05s

--------------------


--------------------

NowPlayingsClean: 00m59s
NowPlayingsTmdb: 04m57s
NowPlayingsUpdate: 02m23s

--------------------

==== cron run end: 2026-04-14T19:38:26+0300 ====
