==== cron run start: 2026-05-19T19:19:19+0300 ====
From github.com:jeremyjacob101/Kartiseret
 * branch            main       -> FETCH_HEAD
Already on 'main'
M	backend/config/cron/cron_weekly.log
Your branch is up to date with 'origin/main'.
HEAD is now at 484005e [+]

--------------------

CCsoon: 00m48s
YPsoon: 00m55s
LCsoon: 01m13s
MLsoon: 01m37s
HCsoon: 02m13s

--------------------


--------------------

LevCinema: 03m24s
CinemaCity: 03m27s
RavHen: 06m42s
MovieLand: 07m40s
HotCinema: 10m14s
YesPlanet: 14m07s

--------------------


--------------------

ComingSoonsClean: 00m05s
ComingSoonsTmdb: 00m04s
ComingSoonsUpdate: 00m04s

--------------------


--------------------

NowPlayingsClean: 01m41s
NowPlayingsTmdb: 04m40s
NowPlayingsUpdate: 02m47s

--------------------

==== cron run end: 2026-05-19T19:45:11+0300 ====
