==== cron run start: 2026-06-30T18:00:00+0300 ====
From github.com:jeremyjacob101/Kartiseret
 * branch            main       -> FETCH_HEAD
Already on 'main'
M	backend/config/cron/cron_weekly.log
Your branch is up to date with 'origin/main'.
HEAD is now at ae715f7 [D-RUN] daily artifacts and log 2026-06-30_04-42-47

--------------------

CCsoon: 00m29s
LCsoon: 02m09s
YPsoon: 02m14s
MLsoon: 02m32s
HCsoon: 06m06s

--------------------


--------------------

LevCinema: 06m55s
RavHen: 10m52s
MovieLand: 15m30s
HotCinema: 26m09s
YesPlanet: 29m18s
CinemaCity: 73m25s

--------------------


--------------------

ComingSoonsClean: 00m06s
ComingSoonsTmdb: 00m27s
ComingSoonsUpdate: 00m07s

--------------------


--------------------

NowPlayingsClean: 01m27s
NowPlayingsTmdb: 05m34s
NowPlayingsUpdate: 03m39s

--------------------

==== cron run end: 2026-06-30T19:31:04+0300 ====
