==== cron run start: 2026-01-27T18:00:00+0200 ====
From github.com:jeremyjacob101/KartiseretV2
 * branch            main       -> FETCH_HEAD
   99ffdbd..cb430da  main       -> origin/main
Already on 'main'
Your branch is behind 'origin/main' by 2 commits, and can be fast-forwarded.
  (use "git pull" to update your local branch)
HEAD is now at cb430da [SETT] Settings change prettier.prettier to esbenp.prettier

--------------------

LCsoon: 13m44s
MLsoon: 13m57s
CCsoon: 14m52s
HCsoon: 18m19s
YPsoon: 20m07s

--------------------


--------------------

RavHen: 03m59s
CinemaCity: 10m35s
MovieLand: 11m40s
HotCinema: 12m55s
YesPlanet: 14m15s
LevCinema: 26m09s

--------------------


--------------------

ComingSoonsClean: 01m08s
ComingSoonsTmdb: 00m17s

--------------------


--------------------

NowPlayingsClean: 03m49s
NowPlayingsTmdb: 06m08s

--------------------

==== cron run end: 2026-01-27T19:02:41+0200 ====
