==== cron run start: 2026-05-05T18:00:00+0300 ====
From github.com:jeremyjacob101/Kartiseret
 * branch            main       -> FETCH_HEAD
Already on 'main'
M	backend/config/cron/cron_weekly.log
Your branch is up to date with 'origin/main'.
HEAD is now at 00d6704 [D-RUN] daily artifacts and log 2026-05-05_04-33-09

--------------------

CCsoon: 00m52s
LCsoon: 01m11s
MLsoon: 01m49s
YPsoon: 02m44s
HCsoon: 02m51s

--------------------


--------------------

LevCinema: 04m40s
RavHen: 08m13s
MovieLand: 09m34s
HotCinema: 14m00s
YesPlanet: 17m51s
CinemaCity: 42m49s

--------------------


--------------------

ComingSoonsClean: 00m04s
ComingSoonsTmdb: 00m23s
ComingSoonsUpdate: 00m06s

--------------------


--------------------

NowPlayingsClean: 02m25s
NowPlayingsTmdb: 07m33s
NowPlayingsUpdate: 03m14s

--------------------

==== cron run end: 2026-05-05T18:59:38+0300 ====
